[INFO ] 25-05-30 11:36:07 [ParamsApplication:53] - Starting ParamsApplication using Java 17.0.2 with PID 6292 (D:\#web3\06-SpringBoot\04-Params\params\build\classes\java\main started by helloworld in D:\#web3\06-SpringBoot\04-Params\params)
[DEBUG] 25-05-30 11:36:07 [ParamsApplication:54] - Running with Spring Boot v3.5.0, Spring v6.2.7
[INFO ] 25-05-30 11:36:07 [ParamsApplication:652] - No active profile set, falling back to 1 default profile: "default"
[INFO ] 25-05-30 11:36:09 [ParamsApplication:59] - Started ParamsApplication in 2.223 seconds (process running for 2.632)
[INFO ] 25-05-30 11:36:13 [MyInterceptor:41] - ----------- New Client Connect -----------
[INFO ] 25-05-30 11:36:13 [MyInterceptor:60] - [Client] 0:0:0:0:0:0:0:1, Other, Windows, 10, Chrome, 137.0
[INFO ] 25-05-30 11:36:13 [MyInterceptor:78] - [GET] http://localhost:8080/
[INFO ] 25-05-30 11:36:13 [MyInterceptor:116] - running time: 163(ms)
[INFO ] 25-05-30 11:36:15 [MyInterceptor:41] - ----------- New Client Connect -----------
[INFO ] 25-05-30 11:36:15 [MyInterceptor:60] - [Client] 0:0:0:0:0:0:0:1, Other, Windows, 10, Chrome, 137.0
[INFO ] 25-05-30 11:36:15 [MyInterceptor:78] - [GET] http://localhost:8080/get/home
[INFO ] 25-05-30 11:36:15 [MyInterceptor:94] - - REFERER : time=1509, url=http://localhost:8080/
[INFO ] 25-05-30 11:36:15 [MyInterceptor:116] - running time: 44(ms)
[INFO ] 25-05-30 11:36:16 [MyInterceptor:41] - ----------- New Client Connect -----------
[INFO ] 25-05-30 11:36:16 [MyInterceptor:60] - [Client] 0:0:0:0:0:0:0:1, Other, Windows, 10, Chrome, 137.0
[INFO ] 25-05-30 11:36:16 [MyInterceptor:78] - [GET] http://localhost:8080/post/home
[INFO ] 25-05-30 11:36:16 [MyInterceptor:94] - - REFERER : time=723, url=http://localhost:8080/get/home
[INFO ] 25-05-30 11:36:16 [MyInterceptor:116] - running time: 32(ms)
[INFO ] 25-05-30 11:36:16 [MyInterceptor:41] - ----------- New Client Connect -----------
[INFO ] 25-05-30 11:36:16 [MyInterceptor:60] - [Client] 0:0:0:0:0:0:0:1, Other, Windows, 10, Chrome, 137.0
[INFO ] 25-05-30 11:36:16 [MyInterceptor:78] - [GET] http://localhost:8080/path/home
[INFO ] 25-05-30 11:36:16 [MyInterceptor:94] - - REFERER : time=488, url=http://localhost:8080/post/home
[INFO ] 25-05-30 11:36:16 [MyInterceptor:116] - running time: 20(ms)
[INFO ] 25-05-30 11:36:16 [MyInterceptor:41] - ----------- New Client Connect -----------
[INFO ] 25-05-30 11:36:16 [MyInterceptor:60] - [Client] 0:0:0:0:0:0:0:1, Other, Windows, 10, Chrome, 137.0
[INFO ] 25-05-30 11:36:16 [MyInterceptor:78] - [GET] http://localhost:8080/survey
[INFO ] 25-05-30 11:36:16 [MyInterceptor:94] - - REFERER : time=439, url=http://localhost:8080/path/home
[INFO ] 25-05-30 11:36:22 [MyInterceptor:41] - ----------- New Client Connect -----------
[INFO ] 25-05-30 11:36:22 [MyInterceptor:60] - [Client] 0:0:0:0:0:0:0:1, Other, Windows, 10, Chrome, 137.0
[INFO ] 25-05-30 11:36:22 [MyInterceptor:78] - [GET] http://localhost:8080/get/home
[INFO ] 25-05-30 11:36:22 [MyInterceptor:94] - - REFERER : time=5733, url=http://localhost:8080/path/home
[INFO ] 25-05-30 11:36:22 [MyInterceptor:116] - running time: 17(ms)
[INFO ] 25-05-30 11:36:22 [MyInterceptor:41] - ----------- New Client Connect -----------
[INFO ] 25-05-30 11:36:22 [MyInterceptor:60] - [Client] 0:0:0:0:0:0:0:1, Other, Windows, 10, Chrome, 137.0
[INFO ] 25-05-30 11:36:22 [MyInterceptor:78] - [GET] http://localhost:8080/post/home
[INFO ] 25-05-30 11:36:22 [MyInterceptor:94] - - REFERER : time=454, url=http://localhost:8080/get/home
[INFO ] 25-05-30 11:36:22 [MyInterceptor:116] - running time: 17(ms)
[INFO ] 25-05-30 11:36:23 [MyInterceptor:41] - ----------- New Client Connect -----------
[INFO ] 25-05-30 11:36:23 [MyInterceptor:60] - [Client] 0:0:0:0:0:0:0:1, Other, Windows, 10, Chrome, 137.0
[INFO ] 25-05-30 11:36:23 [MyInterceptor:78] - [GET] http://localhost:8080/path/home
[INFO ] 25-05-30 11:36:23 [MyInterceptor:94] - - REFERER : time=753, url=http://localhost:8080/post/home
[INFO ] 25-05-30 11:36:23 [MyInterceptor:116] - running time: 17(ms)
[INFO ] 25-05-30 11:36:24 [MyInterceptor:41] - ----------- New Client Connect -----------
[INFO ] 25-05-30 11:36:24 [MyInterceptor:60] - [Client] 0:0:0:0:0:0:0:1, Other, Windows, 10, Chrome, 137.0
[INFO ] 25-05-30 11:36:24 [MyInterceptor:78] - [GET] http://localhost:8080/path/home
[INFO ] 25-05-30 11:36:24 [MyInterceptor:94] - - REFERER : time=886, url=http://localhost:8080/path/home
[INFO ] 25-05-30 11:36:24 [MyInterceptor:116] - running time: 17(ms)
[INFO ] 25-05-30 11:36:25 [MyInterceptor:41] - ----------- New Client Connect -----------
[INFO ] 25-05-30 11:36:25 [MyInterceptor:60] - [Client] 0:0:0:0:0:0:0:1, Other, Windows, 10, Chrome, 137.0
[INFO ] 25-05-30 11:36:25 [MyInterceptor:78] - [GET] http://localhost:8080/get/home
[INFO ] 25-05-30 11:36:25 [MyInterceptor:94] - - REFERER : time=640, url=http://localhost:8080/path/home
[INFO ] 25-05-30 11:36:25 [MyInterceptor:116] - running time: 17(ms)
[INFO ] 25-05-30 12:05:02 [ParamsApplication:53] - Starting ParamsApplication using Java 17.0.2 with PID 17756 (D:\#web3\06-SpringBoot\04-Params\params\build\classes\java\main started by helloworld in D:\#web3\06-SpringBoot\04-Params\params)
[DEBUG] 25-05-30 12:05:02 [ParamsApplication:54] - Running with Spring Boot v3.5.0, Spring v6.2.7
[INFO ] 25-05-30 12:05:02 [ParamsApplication:652] - No active profile set, falling back to 1 default profile: "default"
[INFO ] 25-05-30 12:05:04 [ParamsApplication:59] - Started ParamsApplication in 2.232 seconds (process running for 2.7)
[INFO ] 25-05-30 12:05:13 [ParamsApplication:53] - Starting ParamsApplication using Java 17.0.2 with PID 19100 (D:\#web3\06-SpringBoot\04-Params\params\build\classes\java\main started by helloworld in D:\#web3\06-SpringBoot\04-Params\params)
[DEBUG] 25-05-30 12:05:13 [ParamsApplication:54] - Running with Spring Boot v3.5.0, Spring v6.2.7
[INFO ] 25-05-30 12:05:13 [ParamsApplication:652] - No active profile set, falling back to 1 default profile: "default"
[INFO ] 25-05-30 12:05:15 [ParamsApplication:59] - Started ParamsApplication in 2.481 seconds (process running for 3.001)
[INFO ] 25-05-30 12:05:44 [MyInterceptor:41] - ----------- New Client Connect -----------
[INFO ] 25-05-30 12:05:44 [MyInterceptor:60] - [Client] 0:0:0:0:0:0:0:1, Other, Windows, 10, Chrome, 137.0
[INFO ] 25-05-30 12:05:44 [MyInterceptor:78] - [GET] http://localhost:8080/
[INFO ] 25-05-30 12:05:44 [MyInterceptor:116] - running time: 174(ms)
[INFO ] 25-05-30 12:06:01 [MyInterceptor:41] - ----------- New Client Connect -----------
[INFO ] 25-05-30 12:06:01 [MyInterceptor:60] - [Client] 0:0:0:0:0:0:0:1, Other, Windows, 10, Chrome, 137.0
[INFO ] 25-05-30 12:06:01 [MyInterceptor:78] - [GET] http://localhost:8080/get/home
[INFO ] 25-05-30 12:06:01 [MyInterceptor:94] - - REFERER : time=16760, url=http://localhost:8080/
[INFO ] 25-05-30 12:06:01 [MyInterceptor:116] - running time: 55(ms)
[INFO ] 25-05-30 12:06:02 [MyInterceptor:41] - ----------- New Client Connect -----------
[INFO ] 25-05-30 12:06:02 [MyInterceptor:60] - [Client] 0:0:0:0:0:0:0:1, Other, Windows, 10, Chrome, 137.0
[INFO ] 25-05-30 12:06:02 [MyInterceptor:78] - [GET] http://localhost:8080/post/home
[INFO ] 25-05-30 12:06:02 [MyInterceptor:94] - - REFERER : time=1040, url=http://localhost:8080/get/home
[INFO ] 25-05-30 12:06:02 [MyInterceptor:116] - running time: 26(ms)
[INFO ] 25-05-30 12:06:03 [MyInterceptor:41] - ----------- New Client Connect -----------
[INFO ] 25-05-30 12:06:03 [MyInterceptor:60] - [Client] 0:0:0:0:0:0:0:1, Other, Windows, 10, Chrome, 137.0
[INFO ] 25-05-30 12:06:03 [MyInterceptor:78] - [GET] http://localhost:8080/path/home
[INFO ] 25-05-30 12:06:03 [MyInterceptor:94] - - REFERER : time=1148, url=http://localhost:8080/post/home
[INFO ] 25-05-30 12:06:03 [MyInterceptor:116] - running time: 20(ms)
[INFO ] 25-05-30 12:06:21 [MyInterceptor:41] - ----------- New Client Connect -----------
[INFO ] 25-05-30 12:06:21 [MyInterceptor:60] - [Client] 0:0:0:0:0:0:0:1, Other, Windows, 10, Chrome, 137.0
[INFO ] 25-05-30 12:06:21 [MyInterceptor:78] - [GET] http://localhost:8080/path/home
[INFO ] 25-05-30 12:06:21 [MyInterceptor:94] - - REFERER : time=18555, url=http://localhost:8080/post/home
[INFO ] 25-05-30 12:06:21 [MyInterceptor:116] - running time: 20(ms)
[INFO ] 25-05-30 12:06:22 [MyInterceptor:41] - ----------- New Client Connect -----------
[INFO ] 25-05-30 12:06:22 [MyInterceptor:60] - [Client] 0:0:0:0:0:0:0:1, Other, Windows, 10, Chrome, 137.0
[INFO ] 25-05-30 12:06:22 [MyInterceptor:78] - [GET] http://localhost:8080/path/home
[INFO ] 25-05-30 12:06:22 [MyInterceptor:94] - - REFERER : time=844, url=http://localhost:8080/post/home
[INFO ] 25-05-30 12:06:22 [MyInterceptor:116] - running time: 25(ms)
[INFO ] 25-05-30 12:06:23 [ParamsApplication:53] - Starting ParamsApplication using Java 17.0.2 with PID 19100 (D:\#web3\06-SpringBoot\04-Params\params\build\classes\java\main started by helloworld in D:\#web3\06-SpringBoot\04-Params\params)
[DEBUG] 25-05-30 12:06:23 [ParamsApplication:54] - Running with Spring Boot v3.5.0, Spring v6.2.7
[INFO ] 25-05-30 12:06:23 [ParamsApplication:652] - No active profile set, falling back to 1 default profile: "default"
[INFO ] 25-05-30 12:06:24 [ParamsApplication:59] - Started ParamsApplication in 0.851 seconds (process running for 71.326)
[INFO ] 25-05-30 12:06:27 [ParamsApplication:53] - Starting ParamsApplication using Java 17.0.2 with PID 19100 (D:\#web3\06-SpringBoot\04-Params\params\build\classes\java\main started by helloworld in D:\#web3\06-SpringBoot\04-Params\params)
[DEBUG] 25-05-30 12:06:27 [ParamsApplication:54] - Running with Spring Boot v3.5.0, Spring v6.2.7
[INFO ] 25-05-30 12:06:27 [ParamsApplication:652] - No active profile set, falling back to 1 default profile: "default"
[INFO ] 25-05-30 12:06:28 [ParamsApplication:59] - Started ParamsApplication in 0.519 seconds (process running for 75.362)
[INFO ] 25-05-30 12:06:28 [MyInterceptor:41] - ----------- New Client Connect -----------
[INFO ] 25-05-30 12:06:28 [MyInterceptor:60] - [Client] 0:0:0:0:0:0:0:1, Other, Windows, 10, Chrome, 137.0
[INFO ] 25-05-30 12:06:28 [MyInterceptor:78] - [GET] http://localhost:8080/path/home
[INFO ] 25-05-30 12:06:28 [MyInterceptor:116] - running time: 23(ms)
[INFO ] 25-05-30 12:06:29 [ParamsApplication:53] - Starting ParamsApplication using Java 17.0.2 with PID 19100 (D:\#web3\06-SpringBoot\04-Params\params\build\classes\java\main started by helloworld in D:\#web3\06-SpringBoot\04-Params\params)
[DEBUG] 25-05-30 12:06:29 [ParamsApplication:54] - Running with Spring Boot v3.5.0, Spring v6.2.7
[INFO ] 25-05-30 12:06:29 [ParamsApplication:652] - No active profile set, falling back to 1 default profile: "default"
[INFO ] 25-05-30 12:06:30 [ParamsApplication:59] - Started ParamsApplication in 0.615 seconds (process running for 77.492)
[INFO ] 25-05-30 12:06:35 [MyInterceptor:41] - ----------- New Client Connect -----------
[INFO ] 25-05-30 12:06:35 [MyInterceptor:60] - [Client] 0:0:0:0:0:0:0:1, Other, Windows, 10, Chrome, 137.0
[INFO ] 25-05-30 12:06:35 [MyInterceptor:78] - [GET] http://localhost:8080/.well-known/appspecific/com.chrome.devtools.json
[INFO ] 25-05-30 12:08:16 [ParamsApplication:53] - Starting ParamsApplication using Java 17.0.2 with PID 19100 (D:\#web3\06-SpringBoot\04-Params\params\build\classes\java\main started by helloworld in D:\#web3\06-SpringBoot\04-Params\params)
[DEBUG] 25-05-30 12:08:16 [ParamsApplication:54] - Running with Spring Boot v3.5.0, Spring v6.2.7
[INFO ] 25-05-30 12:08:16 [ParamsApplication:652] - No active profile set, falling back to 1 default profile: "default"
[INFO ] 25-05-30 12:08:18 [ParamsApplication:59] - Started ParamsApplication in 1.584 seconds (process running for 185.402)
[INFO ] 25-05-30 12:08:20 [ParamsApplication:53] - Starting ParamsApplication using Java 17.0.2 with PID 19100 (D:\#web3\06-SpringBoot\04-Params\params\build\classes\java\main started by helloworld in D:\#web3\06-SpringBoot\04-Params\params)
[DEBUG] 25-05-30 12:08:20 [ParamsApplication:54] - Running with Spring Boot v3.5.0, Spring v6.2.7
[INFO ] 25-05-30 12:08:20 [ParamsApplication:652] - No active profile set, falling back to 1 default profile: "default"
[INFO ] 25-05-30 12:08:20 [ParamsApplication:59] - Started ParamsApplication in 0.622 seconds (process running for 187.776)
[INFO ] 25-05-30 12:16:02 [MyInterceptor:41] - ----------- New Client Connect -----------
[INFO ] 25-05-30 12:16:02 [MyInterceptor:60] - [Client] 0:0:0:0:0:0:0:1, Other, Windows, 10, Chrome, 137.0
[INFO ] 25-05-30 12:16:02 [MyInterceptor:78] - [GET] http://localhost:8080/path/home
[INFO ] 25-05-30 12:16:02 [MyInterceptor:116] - running time: 72(ms)
[INFO ] 25-05-30 12:21:50 [ParamsApplication:53] - Starting ParamsApplication using Java 17.0.2 with PID 25436 (D:\#web3\06-SpringBoot\04-Params\params\build\classes\java\main started by helloworld in D:\#web3\06-SpringBoot\04-Params\params)
[DEBUG] 25-05-30 12:21:50 [ParamsApplication:54] - Running with Spring Boot v3.5.0, Spring v6.2.7
[INFO ] 25-05-30 12:21:50 [ParamsApplication:652] - No active profile set, falling back to 1 default profile: "default"
[INFO ] 25-05-30 12:21:52 [ParamsApplication:59] - Started ParamsApplication in 2.24 seconds (process running for 2.666)
[INFO ] 25-05-30 14:54:43 [ParamsApplication:53] - Starting ParamsApplication using Java 17.0.2 with PID 17972 (D:\#web3\06-SpringBoot\04(step4-path)-Params\params\build\classes\java\main started by helloworld in D:\#web3\06-SpringBoot\04(step4-path)-Params\params)
[DEBUG] 25-05-30 14:54:44 [ParamsApplication:54] - Running with Spring Boot v3.5.0, Spring v6.2.7
[INFO ] 25-05-30 14:54:44 [ParamsApplication:652] - No active profile set, falling back to 1 default profile: "default"
[INFO ] 25-05-30 14:54:45 [ParamsApplication:59] - Started ParamsApplication in 2.252 seconds (process running for 2.681)
[INFO ] 25-05-30 14:54:49 [MyInterceptor:41] - ----------- New Client Connect -----------
[INFO ] 25-05-30 14:54:49 [MyInterceptor:60] - [Client] 0:0:0:0:0:0:0:1, Other, Windows, 10, Chrome, 137.0
[INFO ] 25-05-30 14:54:49 [MyInterceptor:78] - [GET] http://localhost:8080/
[INFO ] 25-05-30 14:54:49 [MyInterceptor:116] - running time: 152(ms)
[INFO ] 25-05-30 14:54:50 [MyInterceptor:41] - ----------- New Client Connect -----------
[INFO ] 25-05-30 14:54:50 [MyInterceptor:60] - [Client] 0:0:0:0:0:0:0:1, Other, Windows, 10, Chrome, 137.0
[INFO ] 25-05-30 14:54:50 [MyInterceptor:78] - [GET] http://localhost:8080/get/home
[INFO ] 25-05-30 14:54:50 [MyInterceptor:94] - - REFERER : time=1197, url=http://localhost:8080/
[INFO ] 25-05-30 14:54:50 [MyInterceptor:116] - running time: 48(ms)
[INFO ] 25-05-30 14:54:51 [MyInterceptor:41] - ----------- New Client Connect -----------
[INFO ] 25-05-30 14:54:51 [MyInterceptor:60] - [Client] 0:0:0:0:0:0:0:1, Other, Windows, 10, Chrome, 137.0
[INFO ] 25-05-30 14:54:51 [MyInterceptor:78] - [GET] http://localhost:8080/post/home
[INFO ] 25-05-30 14:54:51 [MyInterceptor:94] - - REFERER : time=632, url=http://localhost:8080/get/home
[INFO ] 25-05-30 14:54:51 [MyInterceptor:116] - running time: 35(ms)
[INFO ] 25-05-30 14:54:52 [MyInterceptor:41] - ----------- New Client Connect -----------
[INFO ] 25-05-30 14:54:52 [MyInterceptor:60] - [Client] 0:0:0:0:0:0:0:1, Other, Windows, 10, Chrome, 137.0
[INFO ] 25-05-30 14:54:52 [MyInterceptor:78] - [GET] http://localhost:8080/path/home
[INFO ] 25-05-30 14:54:52 [MyInterceptor:94] - - REFERER : time=772, url=http://localhost:8080/post/home
[INFO ] 25-05-30 14:54:52 [MyInterceptor:116] - running time: 24(ms)
[INFO ] 25-05-30 14:54:52 [MyInterceptor:41] - ----------- New Client Connect -----------
[INFO ] 25-05-30 14:54:52 [MyInterceptor:60] - [Client] 0:0:0:0:0:0:0:1, Other, Windows, 10, Chrome, 137.0
[INFO ] 25-05-30 14:54:52 [MyInterceptor:78] - [GET] http://localhost:8080/survey
[INFO ] 25-05-30 14:54:52 [MyInterceptor:94] - - REFERER : time=769, url=http://localhost:8080/path/home
[INFO ] 25-05-30 14:54:54 [MyInterceptor:41] - ----------- New Client Connect -----------
[INFO ] 25-05-30 14:54:54 [MyInterceptor:60] - [Client] 0:0:0:0:0:0:0:1, Other, Windows, 10, Chrome, 137.0
[INFO ] 25-05-30 14:54:54 [MyInterceptor:78] - [GET] http://localhost:8080/path/home
[INFO ] 25-05-30 14:54:54 [MyInterceptor:94] - - REFERER : time=2684, url=http://localhost:8080/path/home
[INFO ] 25-05-30 14:54:54 [MyInterceptor:116] - running time: 19(ms)
[INFO ] 25-05-30 14:54:55 [MyInterceptor:41] - ----------- New Client Connect -----------
[INFO ] 25-05-30 14:54:55 [MyInterceptor:60] - [Client] 0:0:0:0:0:0:0:1, Other, Windows, 10, Chrome, 137.0
[INFO ] 25-05-30 14:54:55 [MyInterceptor:78] - [GET] http://localhost:8080/post/home
[INFO ] 25-05-30 14:54:55 [MyInterceptor:94] - - REFERER : time=633, url=http://localhost:8080/path/home
[INFO ] 25-05-30 14:54:55 [MyInterceptor:116] - running time: 16(ms)
[INFO ] 25-05-30 14:54:56 [MyInterceptor:41] - ----------- New Client Connect -----------
[INFO ] 25-05-30 14:54:56 [MyInterceptor:60] - [Client] 0:0:0:0:0:0:0:1, Other, Windows, 10, Chrome, 137.0
[INFO ] 25-05-30 14:54:56 [MyInterceptor:78] - [GET] http://localhost:8080/post/home
[INFO ] 25-05-30 14:54:56 [MyInterceptor:94] - - REFERER : time=670, url=http://localhost:8080/post/home
[INFO ] 25-05-30 14:54:56 [MyInterceptor:116] - running time: 16(ms)
[INFO ] 25-05-30 14:54:56 [MyInterceptor:41] - ----------- New Client Connect -----------
[INFO ] 25-05-30 14:54:56 [MyInterceptor:60] - [Client] 0:0:0:0:0:0:0:1, Other, Windows, 10, Chrome, 137.0
[INFO ] 25-05-30 14:54:56 [MyInterceptor:78] - [GET] http://localhost:8080/get/home
[INFO ] 25-05-30 14:54:56 [MyInterceptor:94] - - REFERER : time=305, url=http://localhost:8080/post/home
[INFO ] 25-05-30 14:54:56 [MyInterceptor:116] - running time: 17(ms)
[INFO ] 25-05-30 14:54:58 [MyInterceptor:41] - ----------- New Client Connect -----------
[INFO ] 25-05-30 14:54:58 [MyInterceptor:60] - [Client] 0:0:0:0:0:0:0:1, Other, Windows, 10, Chrome, 137.0
[INFO ] 25-05-30 14:54:58 [MyInterceptor:78] - [GET] http://localhost:8080/path/home
[INFO ] 25-05-30 14:54:58 [MyInterceptor:94] - - REFERER : time=2368, url=http://localhost:8080/get/home
[INFO ] 25-05-30 14:54:58 [MyInterceptor:116] - running time: 19(ms)
[INFO ] 25-05-30 14:54:59 [MyInterceptor:41] - ----------- New Client Connect -----------
[INFO ] 25-05-30 14:54:59 [MyInterceptor:60] - [Client] 0:0:0:0:0:0:0:1, Other, Windows, 10, Chrome, 137.0
[INFO ] 25-05-30 14:54:59 [MyInterceptor:78] - [GET] http://localhost:8080/post/home
[INFO ] 25-05-30 14:54:59 [MyInterceptor:94] - - REFERER : time=398, url=http://localhost:8080/path/home
[INFO ] 25-05-30 14:54:59 [MyInterceptor:116] - running time: 16(ms)
[INFO ] 25-05-30 14:54:59 [MyInterceptor:41] - ----------- New Client Connect -----------
[INFO ] 25-05-30 14:54:59 [MyInterceptor:60] - [Client] 0:0:0:0:0:0:0:1, Other, Windows, 10, Chrome, 137.0
[INFO ] 25-05-30 14:54:59 [MyInterceptor:78] - [GET] http://localhost:8080/get/home
[INFO ] 25-05-30 14:54:59 [MyInterceptor:94] - - REFERER : time=486, url=http://localhost:8080/post/home
[INFO ] 25-05-30 14:54:59 [MyInterceptor:116] - running time: 17(ms)
[INFO ] 25-05-30 14:55:28 [MyInterceptor:41] - ----------- New Client Connect -----------
[INFO ] 25-05-30 14:55:28 [MyInterceptor:60] - [Client] 0:0:0:0:0:0:0:1, Other, Windows, 10, Chrome, 137.0
[INFO ] 25-05-30 14:55:28 [MyInterceptor:78] - [GET] http://localhost:8080/post/home
[INFO ] 25-05-30 14:55:28 [MyInterceptor:94] - - REFERER : time=28458, url=http://localhost:8080/get/home
[INFO ] 25-05-30 14:55:28 [MyInterceptor:116] - running time: 15(ms)
[INFO ] 25-05-30 14:55:28 [MyInterceptor:41] - ----------- New Client Connect -----------
[INFO ] 25-05-30 14:55:28 [MyInterceptor:60] - [Client] 0:0:0:0:0:0:0:1, Other, Windows, 10, Chrome, 137.0
[INFO ] 25-05-30 14:55:28 [MyInterceptor:78] - [GET] http://localhost:8080/path/home
[INFO ] 25-05-30 14:55:28 [MyInterceptor:94] - - REFERER : time=568, url=http://localhost:8080/post/home
[INFO ] 25-05-30 14:55:28 [MyInterceptor:116] - running time: 16(ms)
[INFO ] 25-05-30 14:55:33 [MyInterceptor:41] - ----------- New Client Connect -----------
[INFO ] 25-05-30 14:55:33 [MyInterceptor:60] - [Client] 0:0:0:0:0:0:0:1, Other, Windows, 10, Chrome, 137.0
[INFO ] 25-05-30 14:55:33 [MyInterceptor:78] - [GET] http://localhost:8080/path/result/hello/world/1234
[INFO ] 25-05-30 14:55:33 [MyInterceptor:94] - - REFERER : time=4633, url=http://localhost:8080/path/home
[INFO ] 25-05-30 14:55:33 [MyInterceptor:116] - running time: 21(ms)
[INFO ] 25-05-30 14:55:38 [MyInterceptor:41] - ----------- New Client Connect -----------
[INFO ] 25-05-30 14:55:38 [MyInterceptor:60] - [Client] 0:0:0:0:0:0:0:1, Other, Windows, 10, Chrome, 137.0
[INFO ] 25-05-30 14:55:38 [MyInterceptor:78] - [GET] http://localhost:8080/path/@%7B/path/result/foo/bar/5678%7D
[INFO ] 25-05-30 14:55:38 [MyInterceptor:94] - - REFERER : time=4915, url=http://localhost:8080/path/home
[INFO ] 25-05-30 15:00:25 [ParamsApplication:53] - Starting ParamsApplication using Java 17.0.2 with PID 26764 (D:\#web3\06-SpringBoot\04(step4-path)-Params\params\build\classes\java\main started by helloworld in D:\#web3\06-SpringBoot\04(step4-path)-Params\params)
[DEBUG] 25-05-30 15:00:25 [ParamsApplication:54] - Running with Spring Boot v3.5.0, Spring v6.2.7
[INFO ] 25-05-30 15:00:25 [ParamsApplication:652] - No active profile set, falling back to 1 default profile: "default"
[INFO ] 25-05-30 15:00:27 [ParamsApplication:59] - Started ParamsApplication in 2.446 seconds (process running for 2.962)
[INFO ] 25-05-30 15:05:14 [ParamsApplication:53] - Starting ParamsApplication using Java 17.0.2 with PID 27960 (D:\#web3\06-SpringBoot\04(step4-path)-Params\params\build\classes\java\main started by helloworld in D:\#web3\06-SpringBoot\04(step4-path)-Params\params)
[DEBUG] 25-05-30 15:05:14 [ParamsApplication:54] - Running with Spring Boot v3.5.0, Spring v6.2.7
[INFO ] 25-05-30 15:05:14 [ParamsApplication:652] - No active profile set, falling back to 1 default profile: "default"
[INFO ] 25-05-30 15:05:16 [ParamsApplication:59] - Started ParamsApplication in 2.429 seconds (process running for 2.952)
[INFO ] 25-05-30 15:05:35 [MyInterceptor:41] - ----------- New Client Connect -----------
[INFO ] 25-05-30 15:05:35 [MyInterceptor:60] - [Client] 0:0:0:0:0:0:0:1, Other, Windows, 10, Chrome, 137.0
[INFO ] 25-05-30 15:05:35 [MyInterceptor:78] - [GET] http://localhost:8080/
[INFO ] 25-05-30 15:05:35 [MyInterceptor:116] - running time: 175(ms)
[INFO ] 25-05-30 15:06:47 [MyInterceptor:41] - ----------- New Client Connect -----------
[INFO ] 25-05-30 15:06:47 [MyInterceptor:60] - [Client] 0:0:0:0:0:0:0:1, Other, Windows, 10, Chrome, 137.0
[INFO ] 25-05-30 15:06:47 [MyInterceptor:78] - [GET] http://localhost:8080/path/home
[INFO ] 25-05-30 15:06:47 [MyInterceptor:94] - - REFERER : time=72671, url=http://localhost:8080/
[INFO ] 25-05-30 15:06:47 [MyInterceptor:116] - running time: 57(ms)
[INFO ] 25-05-30 15:06:49 [MyInterceptor:41] - ----------- New Client Connect -----------
[INFO ] 25-05-30 15:06:50 [MyInterceptor:60] - [Client] 0:0:0:0:0:0:0:1, Other, Windows, 10, Chrome, 137.0
[INFO ] 25-05-30 15:06:50 [MyInterceptor:78] - [GET] http://localhost:8080/post/home
[INFO ] 25-05-30 15:06:50 [MyInterceptor:94] - - REFERER : time=2056, url=http://localhost:8080/path/home
[INFO ] 25-05-30 15:06:50 [MyInterceptor:116] - running time: 30(ms)
[INFO ] 25-05-30 15:06:51 [MyInterceptor:41] - ----------- New Client Connect -----------
[INFO ] 25-05-30 15:06:51 [MyInterceptor:60] - [Client] 0:0:0:0:0:0:0:1, Other, Windows, 10, Chrome, 137.0
[INFO ] 25-05-30 15:06:51 [MyInterceptor:78] - [GET] http://localhost:8080/get/home
[INFO ] 25-05-30 15:06:51 [MyInterceptor:94] - - REFERER : time=1120, url=http://localhost:8080/post/home
[INFO ] 25-05-30 15:06:51 [MyInterceptor:116] - running time: 20(ms)
[INFO ] 25-05-30 15:06:51 [MyInterceptor:41] - ----------- New Client Connect -----------
[INFO ] 25-05-30 15:06:51 [MyInterceptor:60] - [Client] 0:0:0:0:0:0:0:1, Other, Windows, 10, Chrome, 137.0
[INFO ] 25-05-30 15:06:51 [MyInterceptor:78] - [GET] http://localhost:8080/path/home
[INFO ] 25-05-30 15:06:51 [MyInterceptor:94] - - REFERER : time=684, url=http://localhost:8080/get/home
[INFO ] 25-05-30 15:06:51 [MyInterceptor:116] - running time: 18(ms)
[INFO ] 25-05-30 15:06:52 [MyInterceptor:41] - ----------- New Client Connect -----------
[INFO ] 25-05-30 15:06:52 [MyInterceptor:60] - [Client] 0:0:0:0:0:0:0:1, Other, Windows, 10, Chrome, 137.0
[INFO ] 25-05-30 15:06:52 [MyInterceptor:78] - [GET] http://localhost:8080/path/@%7B/path/result/foo/bar/5678%7D
[INFO ] 25-05-30 15:06:52 [MyInterceptor:94] - - REFERER : time=922, url=http://localhost:8080/path/home
[INFO ] 25-05-30 15:06:54 [MyInterceptor:41] - ----------- New Client Connect -----------
[INFO ] 25-05-30 15:06:54 [MyInterceptor:60] - [Client] 0:0:0:0:0:0:0:1, Other, Windows, 10, Chrome, 137.0
[INFO ] 25-05-30 15:06:54 [MyInterceptor:78] - [GET] http://localhost:8080/path/result/hello/world/1234
[INFO ] 25-05-30 15:06:54 [MyInterceptor:94] - - REFERER : time=3024, url=http://localhost:8080/path/home
[INFO ] 25-05-30 15:06:54 [MyInterceptor:116] - running time: 24(ms)
[INFO ] 25-05-30 15:07:44 [MyInterceptor:41] - ----------- New Client Connect -----------
[INFO ] 25-05-30 15:07:44 [MyInterceptor:60] - [Client] 0:0:0:0:0:0:0:1, Other, Windows, 10, Chrome, 137.0
[INFO ] 25-05-30 15:07:44 [MyInterceptor:78] - [GET] http://localhost:8080/.well-known/appspecific/com.chrome.devtools.json
[INFO ] 25-05-30 15:08:31 [ParamsApplication:53] - Starting ParamsApplication using Java 17.0.2 with PID 27960 (D:\#web3\06-SpringBoot\04(step4-path)-Params\params\build\classes\java\main started by helloworld in D:\#web3\06-SpringBoot\04(step4-path)-Params\params)
[DEBUG] 25-05-30 15:08:31 [ParamsApplication:54] - Running with Spring Boot v3.5.0, Spring v6.2.7
[INFO ] 25-05-30 15:08:31 [ParamsApplication:652] - No active profile set, falling back to 1 default profile: "default"
[INFO ] 25-05-30 15:08:32 [ParamsApplication:59] - Started ParamsApplication in 0.657 seconds (process running for 198.479)
[INFO ] 25-05-30 15:08:34 [ParamsApplication:53] - Starting ParamsApplication using Java 17.0.2 with PID 27960 (D:\#web3\06-SpringBoot\04(step4-path)-Params\params\build\classes\java\main started by helloworld in D:\#web3\06-SpringBoot\04(step4-path)-Params\params)
[DEBUG] 25-05-30 15:08:34 [ParamsApplication:54] - Running with Spring Boot v3.5.0, Spring v6.2.7
[INFO ] 25-05-30 15:08:34 [ParamsApplication:652] - No active profile set, falling back to 1 default profile: "default"
[INFO ] 25-05-30 15:08:35 [ParamsApplication:59] - Started ParamsApplication in 0.576 seconds (process running for 201.571)
[INFO ] 25-05-30 15:08:38 [ParamsApplication:53] - Starting ParamsApplication using Java 17.0.2 with PID 27960 (D:\#web3\06-SpringBoot\04(step4-path)-Params\params\build\classes\java\main started by helloworld in D:\#web3\06-SpringBoot\04(step4-path)-Params\params)
[DEBUG] 25-05-30 15:08:38 [ParamsApplication:54] - Running with Spring Boot v3.5.0, Spring v6.2.7
[INFO ] 25-05-30 15:08:38 [ParamsApplication:652] - No active profile set, falling back to 1 default profile: "default"
[INFO ] 25-05-30 15:08:39 [ParamsApplication:59] - Started ParamsApplication in 0.526 seconds (process running for 205.63)
[INFO ] 25-05-30 15:08:41 [ParamsApplication:53] - Starting ParamsApplication using Java 17.0.2 with PID 27960 (D:\#web3\06-SpringBoot\04(step4-path)-Params\params\build\classes\java\main started by helloworld in D:\#web3\06-SpringBoot\04(step4-path)-Params\params)
[DEBUG] 25-05-30 15:08:41 [ParamsApplication:54] - Running with Spring Boot v3.5.0, Spring v6.2.7
[INFO ] 25-05-30 15:08:41 [ParamsApplication:652] - No active profile set, falling back to 1 default profile: "default"
[INFO ] 25-05-30 15:08:42 [ParamsApplication:59] - Started ParamsApplication in 0.469 seconds (process running for 208.619)
[INFO ] 25-05-30 15:08:47 [ParamsApplication:53] - Starting ParamsApplication using Java 17.0.2 with PID 27960 (D:\#web3\06-SpringBoot\04(step4-path)-Params\params\build\classes\java\main started by helloworld in D:\#web3\06-SpringBoot\04(step4-path)-Params\params)
[DEBUG] 25-05-30 15:08:47 [ParamsApplication:54] - Running with Spring Boot v3.5.0, Spring v6.2.7
[INFO ] 25-05-30 15:08:47 [ParamsApplication:652] - No active profile set, falling back to 1 default profile: "default"
[INFO ] 25-05-30 15:08:47 [ParamsApplication:59] - Started ParamsApplication in 0.536 seconds (process running for 214.12)
[INFO ] 25-05-30 15:08:50 [ParamsApplication:53] - Starting ParamsApplication using Java 17.0.2 with PID 27960 (D:\#web3\06-SpringBoot\04(step4-path)-Params\params\build\classes\java\main started by helloworld in D:\#web3\06-SpringBoot\04(step4-path)-Params\params)
[DEBUG] 25-05-30 15:08:50 [ParamsApplication:54] - Running with Spring Boot v3.5.0, Spring v6.2.7
[INFO ] 25-05-30 15:08:50 [ParamsApplication:652] - No active profile set, falling back to 1 default profile: "default"
[INFO ] 25-05-30 15:08:50 [ParamsApplication:59] - Started ParamsApplication in 0.519 seconds (process running for 217.213)
[INFO ] 25-05-30 15:08:53 [ParamsApplication:53] - Starting ParamsApplication using Java 17.0.2 with PID 27960 (D:\#web3\06-SpringBoot\04(step4-path)-Params\params\build\classes\java\main started by helloworld in D:\#web3\06-SpringBoot\04(step4-path)-Params\params)
[DEBUG] 25-05-30 15:08:53 [ParamsApplication:54] - Running with Spring Boot v3.5.0, Spring v6.2.7
[INFO ] 25-05-30 15:08:53 [ParamsApplication:652] - No active profile set, falling back to 1 default profile: "default"
[INFO ] 25-05-30 15:08:53 [ParamsApplication:59] - Started ParamsApplication in 0.394 seconds (process running for 220.164)
[INFO ] 25-05-30 15:08:55 [ParamsApplication:53] - Starting ParamsApplication using Java 17.0.2 with PID 27960 (D:\#web3\06-SpringBoot\04(step4-path)-Params\params\build\classes\java\main started by helloworld in D:\#web3\06-SpringBoot\04(step4-path)-Params\params)
[DEBUG] 25-05-30 15:08:55 [ParamsApplication:54] - Running with Spring Boot v3.5.0, Spring v6.2.7
[INFO ] 25-05-30 15:08:55 [ParamsApplication:652] - No active profile set, falling back to 1 default profile: "default"
[INFO ] 25-05-30 15:08:55 [ParamsApplication:59] - Started ParamsApplication in 0.451 seconds (process running for 222.171)
[INFO ] 25-05-30 15:08:57 [ParamsApplication:53] - Starting ParamsApplication using Java 17.0.2 with PID 27960 (D:\#web3\06-SpringBoot\04(step4-path)-Params\params\build\classes\java\main started by helloworld in D:\#web3\06-SpringBoot\04(step4-path)-Params\params)
[DEBUG] 25-05-30 15:08:57 [ParamsApplication:54] - Running with Spring Boot v3.5.0, Spring v6.2.7
[INFO ] 25-05-30 15:08:57 [ParamsApplication:652] - No active profile set, falling back to 1 default profile: "default"
[INFO ] 25-05-30 15:08:57 [ParamsApplication:59] - Started ParamsApplication in 0.391 seconds (process running for 224.058)
[INFO ] 25-05-30 15:08:59 [ParamsApplication:53] - Starting ParamsApplication using Java 17.0.2 with PID 27960 (D:\#web3\06-SpringBoot\04(step4-path)-Params\params\build\classes\java\main started by helloworld in D:\#web3\06-SpringBoot\04(step4-path)-Params\params)
[DEBUG] 25-05-30 15:08:59 [ParamsApplication:54] - Running with Spring Boot v3.5.0, Spring v6.2.7
[INFO ] 25-05-30 15:08:59 [ParamsApplication:652] - No active profile set, falling back to 1 default profile: "default"
[INFO ] 25-05-30 15:08:59 [ParamsApplication:59] - Started ParamsApplication in 0.425 seconds (process running for 226.002)
[INFO ] 25-05-30 15:09:02 [ParamsApplication:53] - Starting ParamsApplication using Java 17.0.2 with PID 27960 (D:\#web3\06-SpringBoot\04(step4-path)-Params\params\build\classes\java\main started by helloworld in D:\#web3\06-SpringBoot\04(step4-path)-Params\params)
[DEBUG] 25-05-30 15:09:02 [ParamsApplication:54] - Running with Spring Boot v3.5.0, Spring v6.2.7
[INFO ] 25-05-30 15:09:02 [ParamsApplication:652] - No active profile set, falling back to 1 default profile: "default"
[INFO ] 25-05-30 15:09:02 [ParamsApplication:59] - Started ParamsApplication in 0.553 seconds (process running for 229.112)
[INFO ] 25-05-30 15:09:07 [MyInterceptor:41] - ----------- New Client Connect -----------
[INFO ] 25-05-30 15:09:07 [MyInterceptor:60] - [Client] 0:0:0:0:0:0:0:1, Other, Windows, 10, Chrome, 137.0
[INFO ] 25-05-30 15:09:07 [MyInterceptor:78] - [GET] http://localhost:8080/path/home
[INFO ] 25-05-30 15:09:07 [MyInterceptor:116] - running time: 34(ms)
[INFO ] 25-05-30 15:09:07 [MyInterceptor:41] - ----------- New Client Connect -----------
[INFO ] 25-05-30 15:09:07 [MyInterceptor:60] - [Client] 0:0:0:0:0:0:0:1, Other, Windows, 10, Chrome, 137.0
[INFO ] 25-05-30 15:09:07 [MyInterceptor:78] - [GET] http://localhost:8080/path/home
[INFO ] 25-05-30 15:09:08 [MyInterceptor:94] - - REFERER : time=783, url=http://localhost:8080/get/home
[INFO ] 25-05-30 15:09:08 [MyInterceptor:116] - running time: 45(ms)
[INFO ] 25-05-30 15:09:26 [MyInterceptor:41] - ----------- New Client Connect -----------
[INFO ] 25-05-30 15:09:26 [MyInterceptor:60] - [Client] 0:0:0:0:0:0:0:1, Other, Windows, 10, Chrome, 137.0
[INFO ] 25-05-30 15:09:26 [MyInterceptor:78] - [GET] http://localhost:8080/
[INFO ] 25-05-30 15:09:26 [MyInterceptor:116] - running time: 25(ms)
[INFO ] 25-05-30 15:09:45 [MyInterceptor:41] - ----------- New Client Connect -----------
[INFO ] 25-05-30 15:09:45 [MyInterceptor:60] - [Client] 0:0:0:0:0:0:0:1, Other, Windows, 10, Chrome, 137.0
[INFO ] 25-05-30 15:09:45 [MyInterceptor:78] - [GET] http://localhost:8080/path/home
[INFO ] 25-05-30 15:09:45 [MyInterceptor:94] - - REFERER : time=19069, url=http://localhost:8080/
[INFO ] 25-05-30 15:09:45 [MyInterceptor:116] - running time: 25(ms)
[INFO ] 25-05-30 15:09:47 [MyInterceptor:41] - ----------- New Client Connect -----------
[INFO ] 25-05-30 15:09:47 [MyInterceptor:60] - [Client] 0:0:0:0:0:0:0:1, Other, Windows, 10, Chrome, 137.0
[INFO ] 25-05-30 15:09:47 [MyInterceptor:78] - [GET] http://localhost:8080/path/result/hello/world/1234
[INFO ] 25-05-30 15:09:47 [MyInterceptor:94] - - REFERER : time=1386, url=http://localhost:8080/path/home
[INFO ] 25-05-30 15:09:47 [MyInterceptor:116] - running time: 19(ms)
[INFO ] 25-05-30 15:09:48 [MyInterceptor:41] - ----------- New Client Connect -----------
[INFO ] 25-05-30 15:09:48 [MyInterceptor:60] - [Client] 0:0:0:0:0:0:0:1, Other, Windows, 10, Chrome, 137.0
[INFO ] 25-05-30 15:09:48 [MyInterceptor:78] - [GET] http://localhost:8080/path/result/hello/world/1234
[INFO ] 25-05-30 15:09:48 [MyInterceptor:94] - - REFERER : time=1736, url=http://localhost:8080/path/home
[INFO ] 25-05-30 15:09:48 [MyInterceptor:116] - running time: 17(ms)
[INFO ] 25-05-30 15:11:44 [ParamsApplication:53] - Starting ParamsApplication using Java 17.0.2 with PID 43412 (D:\#web3\06-SpringBoot\04(step4-path)-Params\params\build\classes\java\main started by helloworld in D:\#web3\06-SpringBoot\04(step4-path)-Params\params)
[DEBUG] 25-05-30 15:11:44 [ParamsApplication:54] - Running with Spring Boot v3.5.0, Spring v6.2.7
[INFO ] 25-05-30 15:11:44 [ParamsApplication:652] - No active profile set, falling back to 1 default profile: "default"
[INFO ] 25-05-30 15:11:46 [ParamsApplication:59] - Started ParamsApplication in 2.31 seconds (process running for 2.726)
[INFO ] 25-05-30 15:11:49 [MyInterceptor:41] - ----------- New Client Connect -----------
[INFO ] 25-05-30 15:11:49 [MyInterceptor:60] - [Client] 0:0:0:0:0:0:0:1, Other, Windows, 10, Chrome, 137.0
[INFO ] 25-05-30 15:11:49 [MyInterceptor:78] - [GET] http://localhost:8080/
[INFO ] 25-05-30 15:11:49 [MyInterceptor:116] - running time: 173(ms)
[INFO ] 25-05-30 15:11:51 [MyInterceptor:41] - ----------- New Client Connect -----------
[INFO ] 25-05-30 15:11:51 [MyInterceptor:60] - [Client] 0:0:0:0:0:0:0:1, Other, Windows, 10, Chrome, 137.0
[INFO ] 25-05-30 15:11:51 [MyInterceptor:78] - [GET] http://localhost:8080/path/home
[INFO ] 25-05-30 15:11:51 [MyInterceptor:94] - - REFERER : time=1886, url=http://localhost:8080/
[INFO ] 25-05-30 15:11:51 [MyInterceptor:116] - running time: 58(ms)
