[INFO ] 25-06-17 10:39:23 [DatabaseApplication:53] - Starting DatabaseApplication using Java 17.0.11 with PID 20176 (E:\05.web3\06.SpringBoot\08-Database\08-Database\bin\main started by james in E:\05.web3\06.SpringBoot\08-Database\08-Database)
[DEBUG] 25-06-17 10:39:23 [DatabaseApplication:54] - Running with Spring Boot v3.4.6, Spring v6.2.7
[INFO ] 25-06-17 10:39:23 [DatabaseApplication:652] - No active profile set, falling back to 1 default profile: "default"
[INFO ] 25-06-17 10:39:27 [DatabaseApplication:59] - Started DatabaseApplication in 4.588 seconds (process running for 5.076)
[INFO ] 25-06-17 10:39:31 [MyInterceptor:41] - -------------new client connect-------------
[INFO ] 25-06-17 10:39:31 [MyInterceptor:59] - [Client] 0:0:0:0:0:0:0:1, Other, Windows 10, Chrome 137.0
[INFO ] 25-06-17 10:39:31 [MyInterceptor:77] - [GET] http://localhost:8080/department
[DEBUG] 25-06-17 10:39:31 [selectCount:135] - ==>  Preparing: SELECT COUNT(*) FROM departments
[DEBUG] 25-06-17 10:39:31 [selectCount:135] - ==> Parameters: 
[INFO ] 25-06-17 10:39:31 [sqlonly:228] - SELECT COUNT(*) FROM departments

[INFO ] 25-06-17 10:39:31 [resultsettable:610] - 
|---------|
|count(*) |
|---------|
|14       |
|---------|

[DEBUG] 25-06-17 10:39:31 [selectCount:135] - <==      Total: 1
[DEBUG] 25-06-17 10:39:31 [PageHelper:73] - PageHelper(nowPage=1, totalCount=14, listCount=10, groupCount=5, totalPage=2, startPage=1, endPage=2, prevPage=0, nextPage=0, offset=0)
[DEBUG] 25-06-17 10:39:31 [selectList:135] - ==>  Preparing: SELECT id, dname, loc, phone, email, established, homepage FROM departments ORDER BY id DESC LIMIT ?, ?
[DEBUG] 25-06-17 10:39:31 [selectList:135] - ==> Parameters: 0(Integer), 10(Integer)
[INFO ] 25-06-17 10:39:31 [sqlonly:228] - SELECT id, dname, loc, phone, email, established, homepage FROM departments  ORDER BY id DESC  LIMIT 0, 10

[INFO ] 25-06-17 10:39:31 [resultsettable:610] - 
|----|--------|------|-------------|----------------------|------------|-----------------------------|
|id  |dname   |loc   |phone        |email                 |established |homepage                     |
|----|--------|------|-------------|----------------------|------------|-----------------------------|
|503 |체육학과    |체육관   |051-434-3345 |phy@myschool.ac.kr    |2004        |http://phy.myschool.ac.kr    |
|502 |심리학과    |인문관   |051-336-7788 |psyc@myschool.ac.kr   |2000        |http://psyc.myschool.ac.kr   |
|501 |사회복지학과  |인문관   |051-432-2233 |social@myschool.ac.kr |2002        |http://social.myschool.ac.kr |
|500 |인공지능학과  |공학관   |051-123-4567 |ai@myschool.ac.kr     |2001        |http://ai.myschool.ac.kr     |
|402 |심리학과    |인문사회관 |051-132-4567 |psy@myschool.ac.kr    |1987        |http://psy.myschool.ac.kr    |
|401 |영어영문학과  |인문사회관 |051-131-4567 |eng@myschool.ac.kr    |1975        |null                         |
|302 |경제학과    |경영관   |051-130-4567 |econ@myschool.ac.kr   |1982        |null                         |
|301 |경영학과    |경영관   |051-129-4567 |biz@myschool.ac.kr    |1980        |http://biz.myschool.ac.kr    |
|204 |산업디자인학과 |디자인관  |051-128-4567 |id@myschool.ac.kr     |1996        |http://id.myschool.ac.kr     |
|203 |건축학과    |건축관   |051-127-4567 |arch@myschool.ac.kr   |1992        |null                         |
|----|--------|------|-------------|----------------------|------------|-----------------------------|

[DEBUG] 25-06-17 10:39:31 [selectList:135] - <==      Total: 10
[INFO ] 25-06-17 10:39:31 [MyInterceptor:113] - running time : 576(ms)
[INFO ] 25-06-17 10:39:38 [MyInterceptor:41] - -------------new client connect-------------
[INFO ] 25-06-17 10:39:38 [MyInterceptor:59] - [Client] 0:0:0:0:0:0:0:1, Other, Windows 10, Chrome 137.0
[INFO ] 25-06-17 10:39:38 [MyInterceptor:77] - [GET] http://localhost:8080/department/edit/503
[INFO ] 25-06-17 10:39:38 [MyInterceptor:93] - - REFERER : time=6474, url=http://localhost:8080/department
[DEBUG] 25-06-17 10:39:38 [selectOne:135] - ==>  Preparing: SELECT id, dname, loc, phone, email, established, homepage FROM departments WHERE id=?
[DEBUG] 25-06-17 10:39:38 [selectOne:135] - ==> Parameters: 503(Integer)
[INFO ] 25-06-17 10:39:38 [sqlonly:228] - SELECT id, dname, loc, phone, email, established, homepage FROM departments WHERE id=503

[INFO ] 25-06-17 10:39:38 [resultsettable:610] - 
|----|------|----|-------------|-------------------|------------|--------------------------|
|id  |dname |loc |phone        |email              |established |homepage                  |
|----|------|----|-------------|-------------------|------------|--------------------------|
|503 |체육학과  |체육관 |051-434-3345 |phy@myschool.ac.kr |2004        |http://phy.myschool.ac.kr |
|----|------|----|-------------|-------------------|------------|--------------------------|

[DEBUG] 25-06-17 10:39:38 [selectOne:135] - <==      Total: 1
[INFO ] 25-06-17 10:39:38 [MyInterceptor:113] - running time : 95(ms)
[INFO ] 25-06-17 10:39:55 [MyInterceptor:41] - -------------new client connect-------------
[INFO ] 25-06-17 10:39:55 [MyInterceptor:59] - [Client] 0:0:0:0:0:0:0:1, Other, Windows 10, Chrome 137.0
[INFO ] 25-06-17 10:39:55 [MyInterceptor:77] - [PUT] http://localhost:8080/department/edit_ok/503
[INFO ] 25-06-17 10:39:55 [MyInterceptor:84] - (param) <-- _method = put
[INFO ] 25-06-17 10:39:55 [MyInterceptor:84] - (param) <-- dname = 체육학과
[INFO ] 25-06-17 10:39:55 [MyInterceptor:84] - (param) <-- loc = 체육관
[INFO ] 25-06-17 10:39:55 [MyInterceptor:84] - (param) <-- phone = 0514343345
[INFO ] 25-06-17 10:39:55 [MyInterceptor:84] - (param) <-- email = phy@myschool.ac.kr
[INFO ] 25-06-17 10:39:55 [MyInterceptor:84] - (param) <-- established = 2004
[INFO ] 25-06-17 10:39:55 [MyInterceptor:84] - (param) <-- homepage = http://phy.myschool.ac.kr
[INFO ] 25-06-17 10:39:55 [MyInterceptor:93] - - REFERER : time=16898, url=http://localhost:8080/department/edit/503
[WARN ] 25-06-17 10:39:55 [DefaultHandlerExceptionResolver:254] - Resolved [org.springframework.web.bind.MissingServletRequestParameterException: Required request parameter 'id' for method parameter type int is not present]
[INFO ] 25-06-17 10:40:54 [MyInterceptor:41] - -------------new client connect-------------
[INFO ] 25-06-17 10:40:54 [MyInterceptor:59] - [Client] 0:0:0:0:0:0:0:1, Other, Windows 10, Chrome 137.0
[INFO ] 25-06-17 10:40:54 [MyInterceptor:77] - [GET] http://localhost:8080/department/edit/503
[INFO ] 25-06-17 10:40:54 [MyInterceptor:93] - - REFERER : time=75868, url=http://localhost:8080/department
[DEBUG] 25-06-17 10:40:54 [selectOne:135] - ==>  Preparing: SELECT id, dname, loc, phone, email, established, homepage FROM departments WHERE id=?
[DEBUG] 25-06-17 10:40:54 [selectOne:135] - ==> Parameters: 503(Integer)
[INFO ] 25-06-17 10:40:54 [sqlonly:228] - SELECT id, dname, loc, phone, email, established, homepage FROM departments WHERE id=503

[INFO ] 25-06-17 10:40:54 [resultsettable:610] - 
|----|------|----|-------------|-------------------|------------|--------------------------|
|id  |dname |loc |phone        |email              |established |homepage                  |
|----|------|----|-------------|-------------------|------------|--------------------------|
|503 |체육학과  |체육관 |051-434-3345 |phy@myschool.ac.kr |2004        |http://phy.myschool.ac.kr |
|----|------|----|-------------|-------------------|------------|--------------------------|

[DEBUG] 25-06-17 10:40:54 [selectOne:135] - <==      Total: 1
[INFO ] 25-06-17 10:40:54 [MyInterceptor:113] - running time : 26(ms)
[INFO ] 25-06-17 10:40:55 [MyInterceptor:41] - -------------new client connect-------------
[INFO ] 25-06-17 10:40:55 [MyInterceptor:59] - [Client] 0:0:0:0:0:0:0:1, Other, Windows 10, Chrome 137.0
[INFO ] 25-06-17 10:40:55 [MyInterceptor:77] - [GET] http://localhost:8080/department/edit/503
[INFO ] 25-06-17 10:40:55 [MyInterceptor:93] - - REFERER : time=807, url=http://localhost:8080/department
[DEBUG] 25-06-17 10:40:55 [selectOne:135] - ==>  Preparing: SELECT id, dname, loc, phone, email, established, homepage FROM departments WHERE id=?
[DEBUG] 25-06-17 10:40:55 [selectOne:135] - ==> Parameters: 503(Integer)
[INFO ] 25-06-17 10:40:55 [sqlonly:228] - SELECT id, dname, loc, phone, email, established, homepage FROM departments WHERE id=503

[INFO ] 25-06-17 10:40:55 [resultsettable:610] - 
|----|------|----|-------------|-------------------|------------|--------------------------|
|id  |dname |loc |phone        |email              |established |homepage                  |
|----|------|----|-------------|-------------------|------------|--------------------------|
|503 |체육학과  |체육관 |051-434-3345 |phy@myschool.ac.kr |2004        |http://phy.myschool.ac.kr |
|----|------|----|-------------|-------------------|------------|--------------------------|

[DEBUG] 25-06-17 10:40:55 [selectOne:135] - <==      Total: 1
[INFO ] 25-06-17 10:40:55 [MyInterceptor:113] - running time : 24(ms)
[INFO ] 25-06-17 10:40:55 [MyInterceptor:41] - -------------new client connect-------------
[INFO ] 25-06-17 10:40:55 [MyInterceptor:59] - [Client] 0:0:0:0:0:0:0:1, Other, Windows 10, Chrome 137.0
[INFO ] 25-06-17 10:40:55 [MyInterceptor:77] - [GET] http://localhost:8080/department/edit/503
[INFO ] 25-06-17 10:40:55 [MyInterceptor:93] - - REFERER : time=173, url=http://localhost:8080/department
[DEBUG] 25-06-17 10:40:55 [selectOne:135] - ==>  Preparing: SELECT id, dname, loc, phone, email, established, homepage FROM departments WHERE id=?
[DEBUG] 25-06-17 10:40:55 [selectOne:135] - ==> Parameters: 503(Integer)
[INFO ] 25-06-17 10:40:55 [sqlonly:228] - SELECT id, dname, loc, phone, email, established, homepage FROM departments WHERE id=503

[INFO ] 25-06-17 10:40:55 [resultsettable:610] - 
|----|------|----|-------------|-------------------|------------|--------------------------|
|id  |dname |loc |phone        |email              |established |homepage                  |
|----|------|----|-------------|-------------------|------------|--------------------------|
|503 |체육학과  |체육관 |051-434-3345 |phy@myschool.ac.kr |2004        |http://phy.myschool.ac.kr |
|----|------|----|-------------|-------------------|------------|--------------------------|

[DEBUG] 25-06-17 10:40:55 [selectOne:135] - <==      Total: 1
[INFO ] 25-06-17 10:40:55 [MyInterceptor:113] - running time : 24(ms)
[INFO ] 25-06-17 10:41:07 [MyInterceptor:41] - -------------new client connect-------------
[INFO ] 25-06-17 10:41:07 [MyInterceptor:59] - [Client] 0:0:0:0:0:0:0:1, Other, Windows 10, Chrome 137.0
[INFO ] 25-06-17 10:41:07 [MyInterceptor:77] - [PUT] http://localhost:8080/department/edit_ok/503
[INFO ] 25-06-17 10:41:07 [MyInterceptor:84] - (param) <-- _method = put
[INFO ] 25-06-17 10:41:07 [MyInterceptor:84] - (param) <-- dname = 체육학과
[INFO ] 25-06-17 10:41:07 [MyInterceptor:84] - (param) <-- loc = 체육관
[INFO ] 25-06-17 10:41:07 [MyInterceptor:84] - (param) <-- phone = 0514343345
[INFO ] 25-06-17 10:41:07 [MyInterceptor:84] - (param) <-- email = phy@myschool.ac.kr
[INFO ] 25-06-17 10:41:07 [MyInterceptor:84] - (param) <-- established = 2004
[INFO ] 25-06-17 10:41:07 [MyInterceptor:84] - (param) <-- homepage = http://phy.myschool.ac.kr
[INFO ] 25-06-17 10:41:07 [MyInterceptor:93] - - REFERER : time=12350, url=http://localhost:8080/department/edit/503
[WARN ] 25-06-17 10:41:07 [DefaultHandlerExceptionResolver:254] - Resolved [org.springframework.web.bind.MissingServletRequestParameterException: Required request parameter 'id' for method parameter type int is not present]
[INFO ] 25-06-17 10:42:08 [DatabaseApplication:53] - Starting DatabaseApplication using Java 17.0.11 with PID 20176 (E:\05.web3\06.SpringBoot\08-Database\08-Database\bin\main started by james in E:\05.web3\06.SpringBoot\08-Database\08-Database)
[DEBUG] 25-06-17 10:42:08 [DatabaseApplication:54] - Running with Spring Boot v3.4.6, Spring v6.2.7
[INFO ] 25-06-17 10:42:08 [DatabaseApplication:652] - No active profile set, falling back to 1 default profile: "default"
[INFO ] 25-06-17 10:42:09 [DatabaseApplication:59] - Started DatabaseApplication in 0.87 seconds (process running for 167.113)
[INFO ] 25-06-17 10:42:22 [MyInterceptor:41] - -------------new client connect-------------
[INFO ] 25-06-17 10:42:22 [MyInterceptor:59] - [Client] 0:0:0:0:0:0:0:1, Other, Windows 10, Chrome 137.0
[INFO ] 25-06-17 10:42:22 [MyInterceptor:77] - [GET] http://localhost:8080/department/edit/503
[DEBUG] 25-06-17 10:42:22 [selectOne:135] - ==>  Preparing: SELECT id, dname, loc, phone, email, established, homepage FROM departments WHERE id=?
[DEBUG] 25-06-17 10:42:22 [selectOne:135] - ==> Parameters: 503(Integer)
[INFO ] 25-06-17 10:42:22 [sqlonly:228] - SELECT id, dname, loc, phone, email, established, homepage FROM departments WHERE id=503

[INFO ] 25-06-17 10:42:22 [resultsettable:610] - 
|----|------|----|-------------|-------------------|------------|--------------------------|
|id  |dname |loc |phone        |email              |established |homepage                  |
|----|------|----|-------------|-------------------|------------|--------------------------|
|503 |체육학과  |체육관 |051-434-3345 |phy@myschool.ac.kr |2004        |http://phy.myschool.ac.kr |
|----|------|----|-------------|-------------------|------------|--------------------------|

[DEBUG] 25-06-17 10:42:22 [selectOne:135] - <==      Total: 1
[INFO ] 25-06-17 10:42:22 [MyInterceptor:113] - running time : 23(ms)
[INFO ] 25-06-17 10:42:22 [MyInterceptor:41] - -------------new client connect-------------
[INFO ] 25-06-17 10:42:22 [MyInterceptor:59] - [Client] 0:0:0:0:0:0:0:1, Other, Windows 10, Chrome 137.0
[INFO ] 25-06-17 10:42:22 [MyInterceptor:77] - [GET] http://localhost:8080/department/edit/503
[INFO ] 25-06-17 10:42:22 [MyInterceptor:93] - - REFERER : time=459, url=http://localhost:8080/department
[DEBUG] 25-06-17 10:42:22 [selectOne:135] - ==>  Preparing: SELECT id, dname, loc, phone, email, established, homepage FROM departments WHERE id=?
[DEBUG] 25-06-17 10:42:22 [selectOne:135] - ==> Parameters: 503(Integer)
[INFO ] 25-06-17 10:42:22 [sqlonly:228] - SELECT id, dname, loc, phone, email, established, homepage FROM departments WHERE id=503

[INFO ] 25-06-17 10:42:22 [resultsettable:610] - 
|----|------|----|-------------|-------------------|------------|--------------------------|
|id  |dname |loc |phone        |email              |established |homepage                  |
|----|------|----|-------------|-------------------|------------|--------------------------|
|503 |체육학과  |체육관 |051-434-3345 |phy@myschool.ac.kr |2004        |http://phy.myschool.ac.kr |
|----|------|----|-------------|-------------------|------------|--------------------------|

[DEBUG] 25-06-17 10:42:22 [selectOne:135] - <==      Total: 1
[INFO ] 25-06-17 10:42:22 [MyInterceptor:113] - running time : 19(ms)
[INFO ] 25-06-17 10:42:22 [MyInterceptor:41] - -------------new client connect-------------
[INFO ] 25-06-17 10:42:22 [MyInterceptor:59] - [Client] 0:0:0:0:0:0:0:1, Other, Windows 10, Chrome 137.0
[INFO ] 25-06-17 10:42:22 [MyInterceptor:77] - [GET] http://localhost:8080/department/edit/503
[INFO ] 25-06-17 10:42:22 [MyInterceptor:93] - - REFERER : time=135, url=http://localhost:8080/department
[DEBUG] 25-06-17 10:42:22 [selectOne:135] - ==>  Preparing: SELECT id, dname, loc, phone, email, established, homepage FROM departments WHERE id=?
[DEBUG] 25-06-17 10:42:22 [selectOne:135] - ==> Parameters: 503(Integer)
[INFO ] 25-06-17 10:42:22 [sqlonly:228] - SELECT id, dname, loc, phone, email, established, homepage FROM departments WHERE id=503

[INFO ] 25-06-17 10:42:22 [resultsettable:610] - 
|----|------|----|-------------|-------------------|------------|--------------------------|
|id  |dname |loc |phone        |email              |established |homepage                  |
|----|------|----|-------------|-------------------|------------|--------------------------|
|503 |체육학과  |체육관 |051-434-3345 |phy@myschool.ac.kr |2004        |http://phy.myschool.ac.kr |
|----|------|----|-------------|-------------------|------------|--------------------------|

[DEBUG] 25-06-17 10:42:22 [selectOne:135] - <==      Total: 1
[INFO ] 25-06-17 10:42:22 [MyInterceptor:113] - running time : 16(ms)
[INFO ] 25-06-17 10:42:28 [MyInterceptor:41] - -------------new client connect-------------
[INFO ] 25-06-17 10:42:28 [MyInterceptor:59] - [Client] 0:0:0:0:0:0:0:1, Other, Windows 10, Chrome 137.0
[INFO ] 25-06-17 10:42:28 [MyInterceptor:77] - [PUT] http://localhost:8080/department/edit_ok/503
[INFO ] 25-06-17 10:42:28 [MyInterceptor:84] - (param) <-- _method = put
[INFO ] 25-06-17 10:42:28 [MyInterceptor:84] - (param) <-- dname = 체육학과
[INFO ] 25-06-17 10:42:28 [MyInterceptor:84] - (param) <-- loc = 체육관
[INFO ] 25-06-17 10:42:28 [MyInterceptor:84] - (param) <-- phone = 0514343345
[INFO ] 25-06-17 10:42:28 [MyInterceptor:84] - (param) <-- email = phy@myschool.ac.kr
[INFO ] 25-06-17 10:42:28 [MyInterceptor:84] - (param) <-- established = 2004
[INFO ] 25-06-17 10:42:28 [MyInterceptor:84] - (param) <-- homepage = http://phy.myschool.ac.kr
[INFO ] 25-06-17 10:42:28 [MyInterceptor:93] - - REFERER : time=5305, url=http://localhost:8080/department/edit/503
[WARN ] 25-06-17 10:42:28 [DefaultHandlerExceptionResolver:254] - Resolved [org.springframework.web.bind.MissingServletRequestParameterException: Required request parameter 'id' for method parameter type int is not present]
[INFO ] 25-06-17 10:43:49 [MyInterceptor:41] - -------------new client connect-------------
[INFO ] 25-06-17 10:43:49 [MyInterceptor:59] - [Client] 0:0:0:0:0:0:0:1, Other, Windows 10, Chrome 137.0
[INFO ] 25-06-17 10:43:49 [MyInterceptor:77] - [GET] http://localhost:8080/department
[INFO ] 25-06-17 10:43:49 [MyInterceptor:93] - - REFERER : time=86263, url=http://localhost:8080/department/edit/503
[DEBUG] 25-06-17 10:43:49 [selectCount:135] - ==>  Preparing: SELECT COUNT(*) FROM departments
[DEBUG] 25-06-17 10:43:49 [selectCount:135] - ==> Parameters: 
[INFO ] 25-06-17 10:43:49 [sqlonly:228] - SELECT COUNT(*) FROM departments

[INFO ] 25-06-17 10:43:49 [resultsettable:610] - 
|---------|
|count(*) |
|---------|
|14       |
|---------|

[DEBUG] 25-06-17 10:43:49 [selectCount:135] - <==      Total: 1
[DEBUG] 25-06-17 10:43:49 [PageHelper:73] - PageHelper(nowPage=1, totalCount=14, listCount=10, groupCount=5, totalPage=2, startPage=1, endPage=2, prevPage=0, nextPage=0, offset=0)
[DEBUG] 25-06-17 10:43:49 [selectList:135] - ==>  Preparing: SELECT id, dname, loc, phone, email, established, homepage FROM departments ORDER BY id DESC LIMIT ?, ?
[DEBUG] 25-06-17 10:43:49 [selectList:135] - ==> Parameters: 0(Integer), 10(Integer)
[INFO ] 25-06-17 10:43:49 [sqlonly:228] - SELECT id, dname, loc, phone, email, established, homepage FROM departments  ORDER BY id DESC  LIMIT 0, 10

[INFO ] 25-06-17 10:43:49 [resultsettable:610] - 
|----|--------|------|-------------|----------------------|------------|-----------------------------|
|id  |dname   |loc   |phone        |email                 |established |homepage                     |
|----|--------|------|-------------|----------------------|------------|-----------------------------|
|503 |체육학과    |체육관   |051-434-3345 |phy@myschool.ac.kr    |2004        |http://phy.myschool.ac.kr    |
|502 |심리학과    |인문관   |051-336-7788 |psyc@myschool.ac.kr   |2000        |http://psyc.myschool.ac.kr   |
|501 |사회복지학과  |인문관   |051-432-2233 |social@myschool.ac.kr |2002        |http://social.myschool.ac.kr |
|500 |인공지능학과  |공학관   |051-123-4567 |ai@myschool.ac.kr     |2001        |http://ai.myschool.ac.kr     |
|402 |심리학과    |인문사회관 |051-132-4567 |psy@myschool.ac.kr    |1987        |http://psy.myschool.ac.kr    |
|401 |영어영문학과  |인문사회관 |051-131-4567 |eng@myschool.ac.kr    |1975        |null                         |
|302 |경제학과    |경영관   |051-130-4567 |econ@myschool.ac.kr   |1982        |null                         |
|301 |경영학과    |경영관   |051-129-4567 |biz@myschool.ac.kr    |1980        |http://biz.myschool.ac.kr    |
|204 |산업디자인학과 |디자인관  |051-128-4567 |id@myschool.ac.kr     |1996        |http://id.myschool.ac.kr     |
|203 |건축학과    |건축관   |051-127-4567 |arch@myschool.ac.kr   |1992        |null                         |
|----|--------|------|-------------|----------------------|------------|-----------------------------|

[DEBUG] 25-06-17 10:43:49 [selectList:135] - <==      Total: 10
[INFO ] 25-06-17 10:43:49 [MyInterceptor:113] - running time : 31(ms)
[INFO ] 25-06-17 10:43:51 [MyInterceptor:41] - -------------new client connect-------------
[INFO ] 25-06-17 10:43:51 [MyInterceptor:59] - [Client] 0:0:0:0:0:0:0:1, Other, Windows 10, Chrome 137.0
[INFO ] 25-06-17 10:43:51 [MyInterceptor:77] - [GET] http://localhost:8080/department/view/501
[INFO ] 25-06-17 10:43:51 [MyInterceptor:93] - - REFERER : time=1968, url=http://localhost:8080/department
[DEBUG] 25-06-17 10:43:51 [selectOne:135] - ==>  Preparing: SELECT id, dname, loc, phone, email, established, homepage FROM departments WHERE id=?
[DEBUG] 25-06-17 10:43:51 [selectOne:135] - ==> Parameters: 501(Integer)
[INFO ] 25-06-17 10:43:51 [sqlonly:228] - SELECT id, dname, loc, phone, email, established, homepage FROM departments WHERE id=501

[INFO ] 25-06-17 10:43:51 [resultsettable:610] - 
|----|-------|----|-------------|----------------------|------------|-----------------------------|
|id  |dname  |loc |phone        |email                 |established |homepage                     |
|----|-------|----|-------------|----------------------|------------|-----------------------------|
|501 |사회복지학과 |인문관 |051-432-2233 |social@myschool.ac.kr |2002        |http://social.myschool.ac.kr |
|----|-------|----|-------------|----------------------|------------|-----------------------------|

[DEBUG] 25-06-17 10:43:51 [selectOne:135] - <==      Total: 1
[INFO ] 25-06-17 10:43:51 [MyInterceptor:113] - running time : 22(ms)
[INFO ] 25-06-17 10:43:56 [MyInterceptor:41] - -------------new client connect-------------
[INFO ] 25-06-17 10:43:56 [MyInterceptor:59] - [Client] 0:0:0:0:0:0:0:1, Other, Windows 10, Chrome 137.0
[INFO ] 25-06-17 10:43:56 [MyInterceptor:77] - [GET] http://localhost:8080/department/edit501
[INFO ] 25-06-17 10:43:56 [MyInterceptor:93] - - REFERER : time=5643, url=http://localhost:8080/department/view/501
[INFO ] 25-06-17 10:44:18 [MyInterceptor:41] - -------------new client connect-------------
[INFO ] 25-06-17 10:44:18 [MyInterceptor:59] - [Client] 0:0:0:0:0:0:0:1, Other, Windows 10, Chrome 137.0
[INFO ] 25-06-17 10:44:18 [MyInterceptor:77] - [GET] http://localhost:8080/department/view/501
[INFO ] 25-06-17 10:44:18 [MyInterceptor:93] - - REFERER : time=27201, url=http://localhost:8080/department
[DEBUG] 25-06-17 10:44:18 [selectOne:135] - ==>  Preparing: SELECT id, dname, loc, phone, email, established, homepage FROM departments WHERE id=?
[DEBUG] 25-06-17 10:44:18 [selectOne:135] - ==> Parameters: 501(Integer)
[INFO ] 25-06-17 10:44:18 [sqlonly:228] - SELECT id, dname, loc, phone, email, established, homepage FROM departments WHERE id=501

[INFO ] 25-06-17 10:44:18 [resultsettable:610] - 
|----|-------|----|-------------|----------------------|------------|-----------------------------|
|id  |dname  |loc |phone        |email                 |established |homepage                     |
|----|-------|----|-------------|----------------------|------------|-----------------------------|
|501 |사회복지학과 |인문관 |051-432-2233 |social@myschool.ac.kr |2002        |http://social.myschool.ac.kr |
|----|-------|----|-------------|----------------------|------------|-----------------------------|

[DEBUG] 25-06-17 10:44:18 [selectOne:135] - <==      Total: 1
[INFO ] 25-06-17 10:44:18 [MyInterceptor:113] - running time : 15(ms)
[INFO ] 25-06-17 10:44:19 [MyInterceptor:41] - -------------new client connect-------------
[INFO ] 25-06-17 10:44:19 [MyInterceptor:59] - [Client] 0:0:0:0:0:0:0:1, Other, Windows 10, Chrome 137.0
[INFO ] 25-06-17 10:44:19 [MyInterceptor:77] - [GET] http://localhost:8080/department/edit/501
[INFO ] 25-06-17 10:44:19 [MyInterceptor:93] - - REFERER : time=1186, url=http://localhost:8080/department/view/501
[DEBUG] 25-06-17 10:44:19 [selectOne:135] - ==>  Preparing: SELECT id, dname, loc, phone, email, established, homepage FROM departments WHERE id=?
[DEBUG] 25-06-17 10:44:19 [selectOne:135] - ==> Parameters: 501(Integer)
[INFO ] 25-06-17 10:44:19 [sqlonly:228] - SELECT id, dname, loc, phone, email, established, homepage FROM departments WHERE id=501

[INFO ] 25-06-17 10:44:19 [resultsettable:610] - 
|----|-------|----|-------------|----------------------|------------|-----------------------------|
|id  |dname  |loc |phone        |email                 |established |homepage                     |
|----|-------|----|-------------|----------------------|------------|-----------------------------|
|501 |사회복지학과 |인문관 |051-432-2233 |social@myschool.ac.kr |2002        |http://social.myschool.ac.kr |
|----|-------|----|-------------|----------------------|------------|-----------------------------|

[DEBUG] 25-06-17 10:44:19 [selectOne:135] - <==      Total: 1
[INFO ] 25-06-17 10:44:19 [MyInterceptor:113] - running time : 20(ms)
[INFO ] 25-06-17 10:44:26 [MyInterceptor:41] - -------------new client connect-------------
[INFO ] 25-06-17 10:44:26 [MyInterceptor:59] - [Client] 0:0:0:0:0:0:0:1, Other, Windows 10, Chrome 137.0
[INFO ] 25-06-17 10:44:26 [MyInterceptor:77] - [PUT] http://localhost:8080/department/edit_ok/501
[INFO ] 25-06-17 10:44:26 [MyInterceptor:84] - (param) <-- _method = put
[INFO ] 25-06-17 10:44:26 [MyInterceptor:84] - (param) <-- dname = 사회복지학과
[INFO ] 25-06-17 10:44:26 [MyInterceptor:84] - (param) <-- loc = 인문관
[INFO ] 25-06-17 10:44:26 [MyInterceptor:84] - (param) <-- phone = 0514322233
[INFO ] 25-06-17 10:44:26 [MyInterceptor:84] - (param) <-- email = social@myschool.ac.kr
[INFO ] 25-06-17 10:44:26 [MyInterceptor:84] - (param) <-- established = 2002
[INFO ] 25-06-17 10:44:26 [MyInterceptor:84] - (param) <-- homepage = http://social.myschool.ac.kr
[INFO ] 25-06-17 10:44:26 [MyInterceptor:93] - - REFERER : time=6633, url=http://localhost:8080/department/edit/501
[WARN ] 25-06-17 10:44:26 [DefaultHandlerExceptionResolver:254] - Resolved [org.springframework.web.bind.MissingServletRequestParameterException: Required request parameter 'id' for method parameter type int is not present]
[INFO ] 25-06-17 10:53:16 [DatabaseApplication:53] - Starting DatabaseApplication using Java 17.0.11 with PID 20176 (E:\05.web3\06.SpringBoot\08-Database\08-Database\bin\main started by james in E:\05.web3\06.SpringBoot\08-Database\08-Database)
[DEBUG] 25-06-17 10:53:16 [DatabaseApplication:54] - Running with Spring Boot v3.4.6, Spring v6.2.7
[INFO ] 25-06-17 10:53:16 [DatabaseApplication:652] - No active profile set, falling back to 1 default profile: "default"
[INFO ] 25-06-17 10:53:17 [DatabaseApplication:59] - Started DatabaseApplication in 0.661 seconds (process running for 835.377)
[INFO ] 25-06-17 10:53:22 [MyInterceptor:41] - -------------new client connect-------------
[INFO ] 25-06-17 10:53:22 [MyInterceptor:59] - [Client] 0:0:0:0:0:0:0:1, Other, Windows 10, Chrome 137.0
[INFO ] 25-06-17 10:53:22 [MyInterceptor:77] - [PUT] http://localhost:8080/department/edit_ok/501
[INFO ] 25-06-17 10:53:22 [MyInterceptor:84] - (param) <-- _method = put
[INFO ] 25-06-17 10:53:22 [MyInterceptor:84] - (param) <-- dname = 사회복지학과
[INFO ] 25-06-17 10:53:22 [MyInterceptor:84] - (param) <-- loc = 인문관
[INFO ] 25-06-17 10:53:22 [MyInterceptor:84] - (param) <-- phone = 0514322233
[INFO ] 25-06-17 10:53:22 [MyInterceptor:84] - (param) <-- email = social@myschool.ac.kr
[INFO ] 25-06-17 10:53:22 [MyInterceptor:84] - (param) <-- established = 2002
[INFO ] 25-06-17 10:53:22 [MyInterceptor:84] - (param) <-- homepage = http://social.myschool.ac.kr
[DEBUG] 25-06-17 10:53:22 [update:135] - ==>  Preparing: UPDATE departments SET dname=?, loc=?, phone=?, email=?, established=?, homepage=? WHERE id=?
[DEBUG] 25-06-17 10:53:22 [update:135] - ==> Parameters: 사회복지학과(String), 인문관(String), 0514322233(String), social@myschool.ac.kr(String), 2002(Integer), http://social.myschool.ac.kr(String), 501(Integer)
[INFO ] 25-06-17 10:53:22 [sqlonly:228] - UPDATE departments SET dname='사회복지학과', loc='인문관', phone='0514322233', email='social@myschool.ac.kr', established=2002, homepage='http://social.myschool.ac.kr' WHERE id=501

[DEBUG] 25-06-17 10:53:22 [update:135] - <==    Updates: 1
[DEBUG] 25-06-17 10:53:22 [selectOne:135] - ==>  Preparing: SELECT id, dname, loc, phone, email, established, homepage FROM departments WHERE id=?
[DEBUG] 25-06-17 10:53:22 [selectOne:135] - ==> Parameters: 501(Integer)
[INFO ] 25-06-17 10:53:22 [sqlonly:228] - SELECT id, dname, loc, phone, email, established, homepage FROM departments WHERE id=501

[INFO ] 25-06-17 10:53:22 [resultsettable:610] - 
|----|-------|----|-----------|----------------------|------------|-----------------------------|
|id  |dname  |loc |phone      |email                 |established |homepage                     |
|----|-------|----|-----------|----------------------|------------|-----------------------------|
|501 |사회복지학과 |인문관 |0514322233 |social@myschool.ac.kr |2002        |http://social.myschool.ac.kr |
|----|-------|----|-----------|----------------------|------------|-----------------------------|

[DEBUG] 25-06-17 10:53:22 [selectOne:135] - <==      Total: 1
[INFO ] 25-06-17 10:53:22 [MyInterceptor:113] - running time : 33(ms)
[ERROR] 25-06-17 10:53:22 [TemplateEngine:1141] - [THYMELEAF][http-nio-8080-exec-3] Exception processing template "department/edit_ok/501": Error resolving template [department/edit_ok/501], template might not exist or might not be accessible by any of the configured Template Resolvers
org.thymeleaf.exceptions.TemplateInputException: Error resolving template [department/edit_ok/501], template might not exist or might not be accessible by any of the configured Template Resolvers
	at org.thymeleaf.engine.TemplateManager.resolveTemplate(TemplateManager.java:869)
	at org.thymeleaf.engine.TemplateManager.parseAndProcess(TemplateManager.java:607)
	at org.thymeleaf.TemplateEngine.process(TemplateEngine.java:1103)
	at org.thymeleaf.TemplateEngine.process(TemplateEngine.java:1077)
	at org.thymeleaf.spring6.view.ThymeleafView.renderFragment(ThymeleafView.java:372)
	at org.thymeleaf.spring6.view.ThymeleafView.render(ThymeleafView.java:192)
	at org.springframework.web.servlet.DispatcherServlet.render(DispatcherServlet.java:1437)
	at org.springframework.web.servlet.DispatcherServlet.processDispatchResult(DispatcherServlet.java:1168)
	at org.springframework.web.servlet.DispatcherServlet.doDispatch(DispatcherServlet.java:1106)
	at org.springframework.web.servlet.DispatcherServlet.doService(DispatcherServlet.java:979)
	at org.springframework.web.servlet.FrameworkServlet.processRequest(FrameworkServlet.java:1014)
	at org.springframework.web.servlet.FrameworkServlet.doPut(FrameworkServlet.java:925)
	at jakarta.servlet.http.HttpServlet.service(HttpServlet.java:593)
	at org.springframework.web.servlet.FrameworkServlet.service(FrameworkServlet.java:885)
	at jakarta.servlet.http.HttpServlet.service(HttpServlet.java:658)
	at org.apache.catalina.core.ApplicationFilterChain.internalDoFilter(ApplicationFilterChain.java:195)
	at org.apache.catalina.core.ApplicationFilterChain.doFilter(ApplicationFilterChain.java:140)
	at org.apache.tomcat.websocket.server.WsFilter.doFilter(WsFilter.java:51)
	at org.apache.catalina.core.ApplicationFilterChain.internalDoFilter(ApplicationFilterChain.java:164)
	at org.apache.catalina.core.ApplicationFilterChain.doFilter(ApplicationFilterChain.java:140)
	at org.springframework.web.filter.RequestContextFilter.doFilterInternal(RequestContextFilter.java:100)
	at org.springframework.web.filter.OncePerRequestFilter.doFilter(OncePerRequestFilter.java:116)
	at org.apache.catalina.core.ApplicationFilterChain.internalDoFilter(ApplicationFilterChain.java:164)
	at org.apache.catalina.core.ApplicationFilterChain.doFilter(ApplicationFilterChain.java:140)
	at org.springframework.web.filter.FormContentFilter.doFilterInternal(FormContentFilter.java:93)
	at org.springframework.web.filter.OncePerRequestFilter.doFilter(OncePerRequestFilter.java:116)
	at org.apache.catalina.core.ApplicationFilterChain.internalDoFilter(ApplicationFilterChain.java:164)
	at org.apache.catalina.core.ApplicationFilterChain.doFilter(ApplicationFilterChain.java:140)
	at org.springframework.web.filter.HiddenHttpMethodFilter.doFilterInternal(HiddenHttpMethodFilter.java:91)
	at org.springframework.web.filter.OncePerRequestFilter.doFilter(OncePerRequestFilter.java:116)
	at org.apache.catalina.core.ApplicationFilterChain.internalDoFilter(ApplicationFilterChain.java:164)
	at org.apache.catalina.core.ApplicationFilterChain.doFilter(ApplicationFilterChain.java:140)
	at org.springframework.web.filter.ServerHttpObservationFilter.doFilterInternal(ServerHttpObservationFilter.java:114)
	at org.springframework.web.filter.OncePerRequestFilter.doFilter(OncePerRequestFilter.java:116)
	at org.apache.catalina.core.ApplicationFilterChain.internalDoFilter(ApplicationFilterChain.java:164)
	at org.apache.catalina.core.ApplicationFilterChain.doFilter(ApplicationFilterChain.java:140)
	at org.springframework.web.filter.CharacterEncodingFilter.doFilterInternal(CharacterEncodingFilter.java:201)
	at org.springframework.web.filter.OncePerRequestFilter.doFilter(OncePerRequestFilter.java:116)
	at org.apache.catalina.core.ApplicationFilterChain.internalDoFilter(ApplicationFilterChain.java:164)
	at org.apache.catalina.core.ApplicationFilterChain.doFilter(ApplicationFilterChain.java:140)
	at org.apache.catalina.core.StandardWrapperValve.invoke(StandardWrapperValve.java:167)
	at org.apache.catalina.core.StandardContextValve.invoke(StandardContextValve.java:90)
	at org.apache.catalina.authenticator.AuthenticatorBase.invoke(AuthenticatorBase.java:483)
	at org.apache.catalina.core.StandardHostValve.invoke(StandardHostValve.java:116)
	at org.apache.catalina.valves.ErrorReportValve.invoke(ErrorReportValve.java:93)
	at org.apache.catalina.core.StandardEngineValve.invoke(StandardEngineValve.java:74)
	at org.apache.catalina.connector.CoyoteAdapter.service(CoyoteAdapter.java:344)
	at org.apache.coyote.http11.Http11Processor.service(Http11Processor.java:398)
	at org.apache.coyote.AbstractProcessorLight.process(AbstractProcessorLight.java:63)
	at org.apache.coyote.AbstractProtocol$ConnectionHandler.process(AbstractProtocol.java:903)
	at org.apache.tomcat.util.net.NioEndpoint$SocketProcessor.doRun(NioEndpoint.java:1740)
	at org.apache.tomcat.util.net.SocketProcessorBase.run(SocketProcessorBase.java:52)
	at org.apache.tomcat.util.threads.ThreadPoolExecutor.runWorker(ThreadPoolExecutor.java:1189)
	at org.apache.tomcat.util.threads.ThreadPoolExecutor$Worker.run(ThreadPoolExecutor.java:658)
	at org.apache.tomcat.util.threads.TaskThread$WrappingRunnable.run(TaskThread.java:63)
	at java.base/java.lang.Thread.run(Thread.java:842)
[ERROR] 25-06-17 10:53:22 [[dispatcherServlet]:170] - Servlet.service() for servlet [dispatcherServlet] in context with path [] threw exception [Request processing failed: org.thymeleaf.exceptions.TemplateInputException: Error resolving template [department/edit_ok/501], template might not exist or might not be accessible by any of the configured Template Resolvers] with root cause
org.thymeleaf.exceptions.TemplateInputException: Error resolving template [department/edit_ok/501], template might not exist or might not be accessible by any of the configured Template Resolvers
	at org.thymeleaf.engine.TemplateManager.resolveTemplate(TemplateManager.java:869)
	at org.thymeleaf.engine.TemplateManager.parseAndProcess(TemplateManager.java:607)
	at org.thymeleaf.TemplateEngine.process(TemplateEngine.java:1103)
	at org.thymeleaf.TemplateEngine.process(TemplateEngine.java:1077)
	at org.thymeleaf.spring6.view.ThymeleafView.renderFragment(ThymeleafView.java:372)
	at org.thymeleaf.spring6.view.ThymeleafView.render(ThymeleafView.java:192)
	at org.springframework.web.servlet.DispatcherServlet.render(DispatcherServlet.java:1437)
	at org.springframework.web.servlet.DispatcherServlet.processDispatchResult(DispatcherServlet.java:1168)
	at org.springframework.web.servlet.DispatcherServlet.doDispatch(DispatcherServlet.java:1106)
	at org.springframework.web.servlet.DispatcherServlet.doService(DispatcherServlet.java:979)
	at org.springframework.web.servlet.FrameworkServlet.processRequest(FrameworkServlet.java:1014)
	at org.springframework.web.servlet.FrameworkServlet.doPut(FrameworkServlet.java:925)
	at jakarta.servlet.http.HttpServlet.service(HttpServlet.java:593)
	at org.springframework.web.servlet.FrameworkServlet.service(FrameworkServlet.java:885)
	at jakarta.servlet.http.HttpServlet.service(HttpServlet.java:658)
	at org.apache.catalina.core.ApplicationFilterChain.internalDoFilter(ApplicationFilterChain.java:195)
	at org.apache.catalina.core.ApplicationFilterChain.doFilter(ApplicationFilterChain.java:140)
	at org.apache.tomcat.websocket.server.WsFilter.doFilter(WsFilter.java:51)
	at org.apache.catalina.core.ApplicationFilterChain.internalDoFilter(ApplicationFilterChain.java:164)
	at org.apache.catalina.core.ApplicationFilterChain.doFilter(ApplicationFilterChain.java:140)
	at org.springframework.web.filter.RequestContextFilter.doFilterInternal(RequestContextFilter.java:100)
	at org.springframework.web.filter.OncePerRequestFilter.doFilter(OncePerRequestFilter.java:116)
	at org.apache.catalina.core.ApplicationFilterChain.internalDoFilter(ApplicationFilterChain.java:164)
	at org.apache.catalina.core.ApplicationFilterChain.doFilter(ApplicationFilterChain.java:140)
	at org.springframework.web.filter.FormContentFilter.doFilterInternal(FormContentFilter.java:93)
	at org.springframework.web.filter.OncePerRequestFilter.doFilter(OncePerRequestFilter.java:116)
	at org.apache.catalina.core.ApplicationFilterChain.internalDoFilter(ApplicationFilterChain.java:164)
	at org.apache.catalina.core.ApplicationFilterChain.doFilter(ApplicationFilterChain.java:140)
	at org.springframework.web.filter.HiddenHttpMethodFilter.doFilterInternal(HiddenHttpMethodFilter.java:91)
	at org.springframework.web.filter.OncePerRequestFilter.doFilter(OncePerRequestFilter.java:116)
	at org.apache.catalina.core.ApplicationFilterChain.internalDoFilter(ApplicationFilterChain.java:164)
	at org.apache.catalina.core.ApplicationFilterChain.doFilter(ApplicationFilterChain.java:140)
	at org.springframework.web.filter.ServerHttpObservationFilter.doFilterInternal(ServerHttpObservationFilter.java:114)
	at org.springframework.web.filter.OncePerRequestFilter.doFilter(OncePerRequestFilter.java:116)
	at org.apache.catalina.core.ApplicationFilterChain.internalDoFilter(ApplicationFilterChain.java:164)
	at org.apache.catalina.core.ApplicationFilterChain.doFilter(ApplicationFilterChain.java:140)
	at org.springframework.web.filter.CharacterEncodingFilter.doFilterInternal(CharacterEncodingFilter.java:201)
	at org.springframework.web.filter.OncePerRequestFilter.doFilter(OncePerRequestFilter.java:116)
	at org.apache.catalina.core.ApplicationFilterChain.internalDoFilter(ApplicationFilterChain.java:164)
	at org.apache.catalina.core.ApplicationFilterChain.doFilter(ApplicationFilterChain.java:140)
	at org.apache.catalina.core.StandardWrapperValve.invoke(StandardWrapperValve.java:167)
	at org.apache.catalina.core.StandardContextValve.invoke(StandardContextValve.java:90)
	at org.apache.catalina.authenticator.AuthenticatorBase.invoke(AuthenticatorBase.java:483)
	at org.apache.catalina.core.StandardHostValve.invoke(StandardHostValve.java:116)
	at org.apache.catalina.valves.ErrorReportValve.invoke(ErrorReportValve.java:93)
	at org.apache.catalina.core.StandardEngineValve.invoke(StandardEngineValve.java:74)
	at org.apache.catalina.connector.CoyoteAdapter.service(CoyoteAdapter.java:344)
	at org.apache.coyote.http11.Http11Processor.service(Http11Processor.java:398)
	at org.apache.coyote.AbstractProcessorLight.process(AbstractProcessorLight.java:63)
	at org.apache.coyote.AbstractProtocol$ConnectionHandler.process(AbstractProtocol.java:903)
	at org.apache.tomcat.util.net.NioEndpoint$SocketProcessor.doRun(NioEndpoint.java:1740)
	at org.apache.tomcat.util.net.SocketProcessorBase.run(SocketProcessorBase.java:52)
	at org.apache.tomcat.util.threads.ThreadPoolExecutor.runWorker(ThreadPoolExecutor.java:1189)
	at org.apache.tomcat.util.threads.ThreadPoolExecutor$Worker.run(ThreadPoolExecutor.java:658)
	at org.apache.tomcat.util.threads.TaskThread$WrappingRunnable.run(TaskThread.java:63)
	at java.base/java.lang.Thread.run(Thread.java:842)
[ERROR] 25-06-17 10:53:22 [ErrorMvcAutoConfiguration$StaticView:202] - Cannot render error page for request [/department/edit_ok/501] and exception [Error resolving template [department/edit_ok/501], template might not exist or might not be accessible by any of the configured Template Resolvers] as the response has already been committed. As a result, the response may have the wrong status code.
[INFO ] 25-06-17 10:53:23 [MyInterceptor:41] - -------------new client connect-------------
[INFO ] 25-06-17 10:53:23 [MyInterceptor:59] - [Client] 0:0:0:0:0:0:0:1, Other, Windows 10, Chrome 137.0
[INFO ] 25-06-17 10:53:23 [MyInterceptor:77] - [GET] http://localhost:8080/department/view/501
[INFO ] 25-06-17 10:53:23 [MyInterceptor:93] - - REFERER : time=1199, url=http://localhost:8080/department/edit_ok/501
[DEBUG] 25-06-17 10:53:23 [selectOne:135] - ==>  Preparing: SELECT id, dname, loc, phone, email, established, homepage FROM departments WHERE id=?
[DEBUG] 25-06-17 10:53:23 [selectOne:135] - ==> Parameters: 501(Integer)
[INFO ] 25-06-17 10:53:23 [sqlonly:228] - SELECT id, dname, loc, phone, email, established, homepage FROM departments WHERE id=501

[INFO ] 25-06-17 10:53:23 [resultsettable:610] - 
|----|-------|----|-----------|----------------------|------------|-----------------------------|
|id  |dname  |loc |phone      |email                 |established |homepage                     |
|----|-------|----|-----------|----------------------|------------|-----------------------------|
|501 |사회복지학과 |인문관 |0514322233 |social@myschool.ac.kr |2002        |http://social.myschool.ac.kr |
|----|-------|----|-----------|----------------------|------------|-----------------------------|

[DEBUG] 25-06-17 10:53:23 [selectOne:135] - <==      Total: 1
[INFO ] 25-06-17 10:53:23 [MyInterceptor:113] - running time : 23(ms)
[INFO ] 25-06-17 10:53:26 [MyInterceptor:41] - -------------new client connect-------------
[INFO ] 25-06-17 10:53:26 [MyInterceptor:59] - [Client] 0:0:0:0:0:0:0:1, Other, Windows 10, Chrome 137.0
[INFO ] 25-06-17 10:53:26 [MyInterceptor:77] - [GET] http://localhost:8080/department
[INFO ] 25-06-17 10:53:26 [MyInterceptor:93] - - REFERER : time=3313, url=http://localhost:8080/department/view/501
[DEBUG] 25-06-17 10:53:26 [selectCount:135] - ==>  Preparing: SELECT COUNT(*) FROM departments
[DEBUG] 25-06-17 10:53:26 [selectCount:135] - ==> Parameters: 
[INFO ] 25-06-17 10:53:26 [sqlonly:228] - SELECT COUNT(*) FROM departments

[INFO ] 25-06-17 10:53:26 [resultsettable:610] - 
|---------|
|count(*) |
|---------|
|14       |
|---------|

[DEBUG] 25-06-17 10:53:26 [selectCount:135] - <==      Total: 1
[DEBUG] 25-06-17 10:53:26 [PageHelper:73] - PageHelper(nowPage=1, totalCount=14, listCount=10, groupCount=5, totalPage=2, startPage=1, endPage=2, prevPage=0, nextPage=0, offset=0)
[DEBUG] 25-06-17 10:53:26 [selectList:135] - ==>  Preparing: SELECT id, dname, loc, phone, email, established, homepage FROM departments ORDER BY id DESC LIMIT ?, ?
[DEBUG] 25-06-17 10:53:26 [selectList:135] - ==> Parameters: 0(Integer), 10(Integer)
[INFO ] 25-06-17 10:53:26 [sqlonly:228] - SELECT id, dname, loc, phone, email, established, homepage FROM departments  ORDER BY id DESC  LIMIT 0, 10

[INFO ] 25-06-17 10:53:26 [resultsettable:610] - 
|----|--------|------|-------------|----------------------|------------|-----------------------------|
|id  |dname   |loc   |phone        |email                 |established |homepage                     |
|----|--------|------|-------------|----------------------|------------|-----------------------------|
|503 |체육학과    |체육관   |051-434-3345 |phy@myschool.ac.kr    |2004        |http://phy.myschool.ac.kr    |
|502 |심리학과    |인문관   |051-336-7788 |psyc@myschool.ac.kr   |2000        |http://psyc.myschool.ac.kr   |
|501 |사회복지학과  |인문관   |0514322233   |social@myschool.ac.kr |2002        |http://social.myschool.ac.kr |
|500 |인공지능학과  |공학관   |051-123-4567 |ai@myschool.ac.kr     |2001        |http://ai.myschool.ac.kr     |
|402 |심리학과    |인문사회관 |051-132-4567 |psy@myschool.ac.kr    |1987        |http://psy.myschool.ac.kr    |
|401 |영어영문학과  |인문사회관 |051-131-4567 |eng@myschool.ac.kr    |1975        |null                         |
|302 |경제학과    |경영관   |051-130-4567 |econ@myschool.ac.kr   |1982        |null                         |
|301 |경영학과    |경영관   |051-129-4567 |biz@myschool.ac.kr    |1980        |http://biz.myschool.ac.kr    |
|204 |산업디자인학과 |디자인관  |051-128-4567 |id@myschool.ac.kr     |1996        |http://id.myschool.ac.kr     |
|203 |건축학과    |건축관   |051-127-4567 |arch@myschool.ac.kr   |1992        |null                         |
|----|--------|------|-------------|----------------------|------------|-----------------------------|

[DEBUG] 25-06-17 10:53:26 [selectList:135] - <==      Total: 10
[INFO ] 25-06-17 10:53:26 [MyInterceptor:113] - running time : 23(ms)
[INFO ] 25-06-17 10:53:29 [MyInterceptor:41] - -------------new client connect-------------
[INFO ] 25-06-17 10:53:29 [MyInterceptor:59] - [Client] 0:0:0:0:0:0:0:1, Other, Windows 10, Chrome 137.0
[INFO ] 25-06-17 10:53:29 [MyInterceptor:77] - [GET] http://localhost:8080/department/edit/503
[INFO ] 25-06-17 10:53:29 [MyInterceptor:93] - - REFERER : time=2914, url=http://localhost:8080/department
[DEBUG] 25-06-17 10:53:29 [selectOne:135] - ==>  Preparing: SELECT id, dname, loc, phone, email, established, homepage FROM departments WHERE id=?
[DEBUG] 25-06-17 10:53:29 [selectOne:135] - ==> Parameters: 503(Integer)
[INFO ] 25-06-17 10:53:29 [sqlonly:228] - SELECT id, dname, loc, phone, email, established, homepage FROM departments WHERE id=503

[INFO ] 25-06-17 10:53:29 [resultsettable:610] - 
|----|------|----|-------------|-------------------|------------|--------------------------|
|id  |dname |loc |phone        |email              |established |homepage                  |
|----|------|----|-------------|-------------------|------------|--------------------------|
|503 |체육학과  |체육관 |051-434-3345 |phy@myschool.ac.kr |2004        |http://phy.myschool.ac.kr |
|----|------|----|-------------|-------------------|------------|--------------------------|

[DEBUG] 25-06-17 10:53:29 [selectOne:135] - <==      Total: 1
[INFO ] 25-06-17 10:53:29 [MyInterceptor:113] - running time : 18(ms)
[INFO ] 25-06-17 10:55:08 [MyInterceptor:41] - -------------new client connect-------------
[INFO ] 25-06-17 10:55:08 [MyInterceptor:59] - [Client] 0:0:0:0:0:0:0:1, Other, Windows 10, Chrome 137.0
[INFO ] 25-06-17 10:55:08 [MyInterceptor:77] - [GET] http://localhost:8080/department/edit/503
[INFO ] 25-06-17 10:55:08 [MyInterceptor:93] - - REFERER : time=98674, url=http://localhost:8080/department
[DEBUG] 25-06-17 10:55:08 [selectOne:135] - ==>  Preparing: SELECT id, dname, loc, phone, email, established, homepage FROM departments WHERE id=?
[DEBUG] 25-06-17 10:55:08 [selectOne:135] - ==> Parameters: 503(Integer)
[INFO ] 25-06-17 10:55:08 [sqlonly:228] - SELECT id, dname, loc, phone, email, established, homepage FROM departments WHERE id=503

[INFO ] 25-06-17 10:55:08 [resultsettable:610] - 
|----|------|----|-------------|-------------------|------------|--------------------------|
|id  |dname |loc |phone        |email              |established |homepage                  |
|----|------|----|-------------|-------------------|------------|--------------------------|
|503 |체육학과  |체육관 |051-434-3345 |phy@myschool.ac.kr |2004        |http://phy.myschool.ac.kr |
|----|------|----|-------------|-------------------|------------|--------------------------|

[DEBUG] 25-06-17 10:55:08 [selectOne:135] - <==      Total: 1
[INFO ] 25-06-17 10:55:08 [MyInterceptor:113] - running time : 16(ms)
[INFO ] 25-06-17 10:55:19 [MyInterceptor:41] - -------------new client connect-------------
[INFO ] 25-06-17 10:55:19 [MyInterceptor:59] - [Client] 0:0:0:0:0:0:0:1, Other, Windows 10, Chrome 137.0
[INFO ] 25-06-17 10:55:19 [MyInterceptor:77] - [GET] http://localhost:8080/department
[INFO ] 25-06-17 10:55:19 [MyInterceptor:93] - - REFERER : time=11500, url=http://localhost:8080/department/edit/503
[DEBUG] 25-06-17 10:55:19 [selectCount:135] - ==>  Preparing: SELECT COUNT(*) FROM departments
[DEBUG] 25-06-17 10:55:19 [selectCount:135] - ==> Parameters: 
[INFO ] 25-06-17 10:55:19 [sqlonly:228] - SELECT COUNT(*) FROM departments

[INFO ] 25-06-17 10:55:19 [resultsettable:610] - 
|---------|
|count(*) |
|---------|
|14       |
|---------|

[DEBUG] 25-06-17 10:55:19 [selectCount:135] - <==      Total: 1
[DEBUG] 25-06-17 10:55:19 [PageHelper:73] - PageHelper(nowPage=1, totalCount=14, listCount=10, groupCount=5, totalPage=2, startPage=1, endPage=2, prevPage=0, nextPage=0, offset=0)
[DEBUG] 25-06-17 10:55:19 [selectList:135] - ==>  Preparing: SELECT id, dname, loc, phone, email, established, homepage FROM departments ORDER BY id DESC LIMIT ?, ?
[DEBUG] 25-06-17 10:55:19 [selectList:135] - ==> Parameters: 0(Integer), 10(Integer)
[INFO ] 25-06-17 10:55:19 [sqlonly:228] - SELECT id, dname, loc, phone, email, established, homepage FROM departments  ORDER BY id DESC  LIMIT 0, 10

[INFO ] 25-06-17 10:55:19 [resultsettable:610] - 
|----|--------|------|-------------|----------------------|------------|-----------------------------|
|id  |dname   |loc   |phone        |email                 |established |homepage                     |
|----|--------|------|-------------|----------------------|------------|-----------------------------|
|503 |체육학과    |체육관   |051-434-3345 |phy@myschool.ac.kr    |2004        |http://phy.myschool.ac.kr    |
|502 |심리학과    |인문관   |051-336-7788 |psyc@myschool.ac.kr   |2000        |http://psyc.myschool.ac.kr   |
|501 |사회복지학과  |인문관   |0514322233   |social@myschool.ac.kr |2002        |http://social.myschool.ac.kr |
|500 |인공지능학과  |공학관   |051-123-4567 |ai@myschool.ac.kr     |2001        |http://ai.myschool.ac.kr     |
|402 |심리학과    |인문사회관 |051-132-4567 |psy@myschool.ac.kr    |1987        |http://psy.myschool.ac.kr    |
|401 |영어영문학과  |인문사회관 |051-131-4567 |eng@myschool.ac.kr    |1975        |null                         |
|302 |경제학과    |경영관   |051-130-4567 |econ@myschool.ac.kr   |1982        |null                         |
|301 |경영학과    |경영관   |051-129-4567 |biz@myschool.ac.kr    |1980        |http://biz.myschool.ac.kr    |
|204 |산업디자인학과 |디자인관  |051-128-4567 |id@myschool.ac.kr     |1996        |http://id.myschool.ac.kr     |
|203 |건축학과    |건축관   |051-127-4567 |arch@myschool.ac.kr   |1992        |null                         |
|----|--------|------|-------------|----------------------|------------|-----------------------------|

[DEBUG] 25-06-17 10:55:19 [selectList:135] - <==      Total: 10
[INFO ] 25-06-17 10:55:19 [MyInterceptor:113] - running time : 20(ms)
[INFO ] 25-06-17 10:55:22 [MyInterceptor:41] - -------------new client connect-------------
[INFO ] 25-06-17 10:55:22 [MyInterceptor:59] - [Client] 0:0:0:0:0:0:0:1, Other, Windows 10, Chrome 137.0
[INFO ] 25-06-17 10:55:22 [MyInterceptor:77] - [GET] http://localhost:8080/department/view/503
[INFO ] 25-06-17 10:55:22 [MyInterceptor:93] - - REFERER : time=2296, url=http://localhost:8080/department
[DEBUG] 25-06-17 10:55:22 [selectOne:135] - ==>  Preparing: SELECT id, dname, loc, phone, email, established, homepage FROM departments WHERE id=?
[DEBUG] 25-06-17 10:55:22 [selectOne:135] - ==> Parameters: 503(Integer)
[INFO ] 25-06-17 10:55:22 [sqlonly:228] - SELECT id, dname, loc, phone, email, established, homepage FROM departments WHERE id=503

[INFO ] 25-06-17 10:55:22 [resultsettable:610] - 
|----|------|----|-------------|-------------------|------------|--------------------------|
|id  |dname |loc |phone        |email              |established |homepage                  |
|----|------|----|-------------|-------------------|------------|--------------------------|
|503 |체육학과  |체육관 |051-434-3345 |phy@myschool.ac.kr |2004        |http://phy.myschool.ac.kr |
|----|------|----|-------------|-------------------|------------|--------------------------|

[DEBUG] 25-06-17 10:55:22 [selectOne:135] - <==      Total: 1
[INFO ] 25-06-17 10:55:22 [MyInterceptor:113] - running time : 17(ms)
[INFO ] 25-06-17 10:55:25 [MyInterceptor:41] - -------------new client connect-------------
[INFO ] 25-06-17 10:55:25 [MyInterceptor:59] - [Client] 0:0:0:0:0:0:0:1, Other, Windows 10, Chrome 137.0
[INFO ] 25-06-17 10:55:25 [MyInterceptor:77] - [GET] http://localhost:8080/department/add/
[INFO ] 25-06-17 10:55:25 [MyInterceptor:93] - - REFERER : time=2916, url=http://localhost:8080/department/view/503
[INFO ] 25-06-17 10:55:31 [MyInterceptor:41] - -------------new client connect-------------
[INFO ] 25-06-17 10:55:31 [MyInterceptor:59] - [Client] 0:0:0:0:0:0:0:1, Other, Windows 10, Chrome 137.0
[INFO ] 25-06-17 10:55:31 [MyInterceptor:77] - [GET] http://localhost:8080/department/add/
[INFO ] 25-06-17 10:55:31 [MyInterceptor:93] - - REFERER : time=9825, url=http://localhost:8080/department/view/503
[INFO ] 25-06-17 10:56:21 [MyInterceptor:41] - -------------new client connect-------------
[INFO ] 25-06-17 10:56:21 [MyInterceptor:59] - [Client] 0:0:0:0:0:0:0:1, Other, Windows 10, Chrome 137.0
[INFO ] 25-06-17 10:56:21 [MyInterceptor:77] - [GET] http://localhost:8080/department/view/503
[INFO ] 25-06-17 10:56:21 [MyInterceptor:93] - - REFERER : time=59150, url=http://localhost:8080/department
[DEBUG] 25-06-17 10:56:21 [selectOne:135] - ==>  Preparing: SELECT id, dname, loc, phone, email, established, homepage FROM departments WHERE id=?
[DEBUG] 25-06-17 10:56:21 [selectOne:135] - ==> Parameters: 503(Integer)
[INFO ] 25-06-17 10:56:21 [sqlonly:228] - SELECT id, dname, loc, phone, email, established, homepage FROM departments WHERE id=503

[INFO ] 25-06-17 10:56:21 [resultsettable:610] - 
|----|------|----|-------------|-------------------|------------|--------------------------|
|id  |dname |loc |phone        |email              |established |homepage                  |
|----|------|----|-------------|-------------------|------------|--------------------------|
|503 |체육학과  |체육관 |051-434-3345 |phy@myschool.ac.kr |2004        |http://phy.myschool.ac.kr |
|----|------|----|-------------|-------------------|------------|--------------------------|

[DEBUG] 25-06-17 10:56:21 [selectOne:135] - <==      Total: 1
[INFO ] 25-06-17 10:56:21 [MyInterceptor:113] - running time : 15(ms)
[INFO ] 25-06-17 10:56:23 [MyInterceptor:41] - -------------new client connect-------------
[INFO ] 25-06-17 10:56:23 [MyInterceptor:59] - [Client] 0:0:0:0:0:0:0:1, Other, Windows 10, Chrome 137.0
[INFO ] 25-06-17 10:56:23 [MyInterceptor:77] - [GET] http://localhost:8080/department/add/503
[INFO ] 25-06-17 10:56:23 [MyInterceptor:93] - - REFERER : time=1837, url=http://localhost:8080/department/view/503
[INFO ] 25-06-17 10:56:43 [MyInterceptor:41] - -------------new client connect-------------
[INFO ] 25-06-17 10:56:43 [MyInterceptor:59] - [Client] 0:0:0:0:0:0:0:1, Other, Windows 10, Chrome 137.0
[INFO ] 25-06-17 10:56:43 [MyInterceptor:77] - [GET] http://localhost:8080/department/view/503
[INFO ] 25-06-17 10:56:43 [MyInterceptor:93] - - REFERER : time=22523, url=http://localhost:8080/department
[DEBUG] 25-06-17 10:56:43 [selectOne:135] - ==>  Preparing: SELECT id, dname, loc, phone, email, established, homepage FROM departments WHERE id=?
[DEBUG] 25-06-17 10:56:43 [selectOne:135] - ==> Parameters: 503(Integer)
[INFO ] 25-06-17 10:56:43 [sqlonly:228] - SELECT id, dname, loc, phone, email, established, homepage FROM departments WHERE id=503

[INFO ] 25-06-17 10:56:43 [resultsettable:610] - 
|----|------|----|-------------|-------------------|------------|--------------------------|
|id  |dname |loc |phone        |email              |established |homepage                  |
|----|------|----|-------------|-------------------|------------|--------------------------|
|503 |체육학과  |체육관 |051-434-3345 |phy@myschool.ac.kr |2004        |http://phy.myschool.ac.kr |
|----|------|----|-------------|-------------------|------------|--------------------------|

[DEBUG] 25-06-17 10:56:43 [selectOne:135] - <==      Total: 1
[INFO ] 25-06-17 10:56:43 [MyInterceptor:113] - running time : 17(ms)
[INFO ] 25-06-17 10:56:44 [MyInterceptor:41] - -------------new client connect-------------
[INFO ] 25-06-17 10:56:44 [MyInterceptor:59] - [Client] 0:0:0:0:0:0:0:1, Other, Windows 10, Chrome 137.0
[INFO ] 25-06-17 10:56:44 [MyInterceptor:77] - [GET] http://localhost:8080/department/add
[INFO ] 25-06-17 10:56:44 [MyInterceptor:93] - - REFERER : time=1050, url=http://localhost:8080/department/view/503
[INFO ] 25-06-17 10:56:44 [MyInterceptor:113] - running time : 12(ms)
[INFO ] 25-06-17 10:57:19 [MyInterceptor:41] - -------------new client connect-------------
[INFO ] 25-06-17 10:57:19 [MyInterceptor:59] - [Client] 0:0:0:0:0:0:0:1, Other, Windows 10, Chrome 137.0
[INFO ] 25-06-17 10:57:19 [MyInterceptor:77] - [GET] http://localhost:8080/department
[INFO ] 25-06-17 10:57:19 [MyInterceptor:93] - - REFERER : time=34825, url=http://localhost:8080/department/add
[DEBUG] 25-06-17 10:57:19 [selectCount:135] - ==>  Preparing: SELECT COUNT(*) FROM departments
[DEBUG] 25-06-17 10:57:19 [selectCount:135] - ==> Parameters: 
[INFO ] 25-06-17 10:57:19 [sqlonly:228] - SELECT COUNT(*) FROM departments

[INFO ] 25-06-17 10:57:19 [resultsettable:610] - 
|---------|
|count(*) |
|---------|
|14       |
|---------|

[DEBUG] 25-06-17 10:57:19 [selectCount:135] - <==      Total: 1
[DEBUG] 25-06-17 10:57:19 [PageHelper:73] - PageHelper(nowPage=1, totalCount=14, listCount=10, groupCount=5, totalPage=2, startPage=1, endPage=2, prevPage=0, nextPage=0, offset=0)
[DEBUG] 25-06-17 10:57:19 [selectList:135] - ==>  Preparing: SELECT id, dname, loc, phone, email, established, homepage FROM departments ORDER BY id DESC LIMIT ?, ?
[DEBUG] 25-06-17 10:57:19 [selectList:135] - ==> Parameters: 0(Integer), 10(Integer)
[INFO ] 25-06-17 10:57:19 [sqlonly:228] - SELECT id, dname, loc, phone, email, established, homepage FROM departments  ORDER BY id DESC  LIMIT 0, 10

[INFO ] 25-06-17 10:57:19 [resultsettable:610] - 
|----|--------|------|-------------|----------------------|------------|-----------------------------|
|id  |dname   |loc   |phone        |email                 |established |homepage                     |
|----|--------|------|-------------|----------------------|------------|-----------------------------|
|503 |체육학과    |체육관   |051-434-3345 |phy@myschool.ac.kr    |2004        |http://phy.myschool.ac.kr    |
|502 |심리학과    |인문관   |051-336-7788 |psyc@myschool.ac.kr   |2000        |http://psyc.myschool.ac.kr   |
|501 |사회복지학과  |인문관   |0514322233   |social@myschool.ac.kr |2002        |http://social.myschool.ac.kr |
|500 |인공지능학과  |공학관   |051-123-4567 |ai@myschool.ac.kr     |2001        |http://ai.myschool.ac.kr     |
|402 |심리학과    |인문사회관 |051-132-4567 |psy@myschool.ac.kr    |1987        |http://psy.myschool.ac.kr    |
|401 |영어영문학과  |인문사회관 |051-131-4567 |eng@myschool.ac.kr    |1975        |null                         |
|302 |경제학과    |경영관   |051-130-4567 |econ@myschool.ac.kr   |1982        |null                         |
|301 |경영학과    |경영관   |051-129-4567 |biz@myschool.ac.kr    |1980        |http://biz.myschool.ac.kr    |
|204 |산업디자인학과 |디자인관  |051-128-4567 |id@myschool.ac.kr     |1996        |http://id.myschool.ac.kr     |
|203 |건축학과    |건축관   |051-127-4567 |arch@myschool.ac.kr   |1992        |null                         |
|----|--------|------|-------------|----------------------|------------|-----------------------------|

[DEBUG] 25-06-17 10:57:19 [selectList:135] - <==      Total: 10
[INFO ] 25-06-17 10:57:19 [MyInterceptor:113] - running time : 19(ms)
[INFO ] 25-06-17 10:57:21 [MyInterceptor:41] - -------------new client connect-------------
[INFO ] 25-06-17 10:57:21 [MyInterceptor:59] - [Client] 0:0:0:0:0:0:0:1, Other, Windows 10, Chrome 137.0
[INFO ] 25-06-17 10:57:21 [MyInterceptor:77] - [GET] http://localhost:8080/department/view/503
[INFO ] 25-06-17 10:57:21 [MyInterceptor:93] - - REFERER : time=1878, url=http://localhost:8080/department
[DEBUG] 25-06-17 10:57:21 [selectOne:135] - ==>  Preparing: SELECT id, dname, loc, phone, email, established, homepage FROM departments WHERE id=?
[DEBUG] 25-06-17 10:57:21 [selectOne:135] - ==> Parameters: 503(Integer)
[INFO ] 25-06-17 10:57:21 [sqlonly:228] - SELECT id, dname, loc, phone, email, established, homepage FROM departments WHERE id=503

[INFO ] 25-06-17 10:57:21 [resultsettable:610] - 
|----|------|----|-------------|-------------------|------------|--------------------------|
|id  |dname |loc |phone        |email              |established |homepage                  |
|----|------|----|-------------|-------------------|------------|--------------------------|
|503 |체육학과  |체육관 |051-434-3345 |phy@myschool.ac.kr |2004        |http://phy.myschool.ac.kr |
|----|------|----|-------------|-------------------|------------|--------------------------|

[DEBUG] 25-06-17 10:57:21 [selectOne:135] - <==      Total: 1
[INFO ] 25-06-17 10:57:21 [MyInterceptor:113] - running time : 16(ms)
[INFO ] 25-06-17 10:57:32 [MyInterceptor:41] - -------------new client connect-------------
[INFO ] 25-06-17 10:57:32 [MyInterceptor:59] - [Client] 0:0:0:0:0:0:0:1, Other, Windows 10, Chrome 137.0
[INFO ] 25-06-17 10:57:32 [MyInterceptor:77] - [GET] http://localhost:8080/department/add
[INFO ] 25-06-17 10:57:32 [MyInterceptor:93] - - REFERER : time=10744, url=http://localhost:8080/department/view/503
[INFO ] 25-06-17 10:57:32 [MyInterceptor:113] - running time : 16(ms)
