[ERROR] 25-04-22 12:22:10 [App11:38] - 처리된 테이터없음 >> WHERE절을 확인하세요
kr.yjh.exceptions.ServiceNoResultException: 조회결과가 없습니다. 
	at kr.yjh.services.impl.DepartmentServiceimpl.getItem(DepartmentServiceimpl.java:51)
	at kr.yjh.mybatis.App11.main(App11.java:36)
[ERROR] 25-04-22 17:02:53 [App14:39] - 처리된 데이터 실패 >> SQL문을 확인하세요
java.lang.NullPointerException: Cannot invoke "kr.yjh.models.Department.getId()" because "input" is null
	at kr.yjh.services.impl.DepartmentServiceimpl.deleteItem(DepartmentServiceimpl.java:118)
	at kr.yjh.mybatis.App14.main(App14.java:34)
[ERROR] 25-04-22 17:05:14 [App14:39] - 처리된 데이터 실패 >> SQL문을 확인하세요
java.lang.NullPointerException: Cannot invoke "kr.yjh.models.Department.getId()" because "input" is null
	at kr.yjh.services.impl.DepartmentServiceimpl.deleteItem(DepartmentServiceimpl.java:118)
	at kr.yjh.mybatis.App14.main(App14.java:34)
[ERROR] 25-04-22 17:10:01 [sqlonly:144] - 1. PreparedStatement.execute() SELECT id FROM student WHERE department_id = 102 OR professor_id IN( SELECT id FROM professor WHERE department_id = 102) )

java.sql.SQLSyntaxErrorException: (conn=93) You have an error in your SQL syntax; check the manual that corresponds to your MariaDB server version for the right syntax to use near ')' at line 1
	at org.mariadb.jdbc.export.ExceptionFactory.createException(ExceptionFactory.java:289)
	at org.mariadb.jdbc.export.ExceptionFactory.create(ExceptionFactory.java:378)
	at org.mariadb.jdbc.message.ClientMessage.readPacket(ClientMessage.java:187)
	at org.mariadb.jdbc.client.impl.StandardClient.readPacket(StandardClient.java:1364)
	at org.mariadb.jdbc.client.impl.StandardClient.readResults(StandardClient.java:1303)
	at org.mariadb.jdbc.client.impl.StandardClient.readResponse(StandardClient.java:1222)
	at org.mariadb.jdbc.client.impl.StandardClient.execute(StandardClient.java:1146)
	at org.mariadb.jdbc.ClientPreparedStatement.executeInternal(ClientPreparedStatement.java:87)
	at org.mariadb.jdbc.ClientPreparedStatement.execute(ClientPreparedStatement.java:232)
	at net.sf.log4jdbc.sql.jdbcapi.PreparedStatementSpy.execute(PreparedStatementSpy.java:443)
	at java.base/jdk.internal.reflect.NativeMethodAccessorImpl.invoke0(Native Method)
	at java.base/jdk.internal.reflect.NativeMethodAccessorImpl.invoke(NativeMethodAccessorImpl.java:77)
	at java.base/jdk.internal.reflect.DelegatingMethodAccessorImpl.invoke(DelegatingMethodAccessorImpl.java:43)
	at java.base/java.lang.reflect.Method.invoke(Method.java:568)
	at org.apache.ibatis.logging.jdbc.PreparedStatementLogger.invoke(PreparedStatementLogger.java:58)
	at jdk.proxy3/jdk.proxy3.$Proxy18.execute(Unknown Source)
	at org.apache.ibatis.executor.statement.PreparedStatementHandler.update(PreparedStatementHandler.java:48)
	at org.apache.ibatis.executor.statement.RoutingStatementHandler.update(RoutingStatementHandler.java:75)
	at org.apache.ibatis.executor.SimpleExecutor.doUpdate(SimpleExecutor.java:50)
	at org.apache.ibatis.executor.BaseExecutor.update(BaseExecutor.java:117)
	at org.apache.ibatis.executor.CachingExecutor.update(CachingExecutor.java:76)
	at org.apache.ibatis.session.defaults.DefaultSqlSession.update(DefaultSqlSession.java:197)
	at org.apache.ibatis.session.defaults.DefaultSqlSession.delete(DefaultSqlSession.java:212)
	at org.apache.ibatis.binding.MapperMethod.execute(MapperMethod.java:72)
	at org.apache.ibatis.binding.MapperProxy$PlainMethodInvoker.invoke(MapperProxy.java:141)
	at org.apache.ibatis.binding.MapperProxy.invoke(MapperProxy.java:86)
	at jdk.proxy2/jdk.proxy2.$Proxy13.deleteByStudentId(Unknown Source)
	at kr.yjh.services.impl.DepartmentServiceimpl.deleteItem(DepartmentServiceimpl.java:119)
	at kr.yjh.mybatis.App14.main(App14.java:34)
[ERROR] 25-04-22 17:10:01 [App14:39] - 처리된 데이터 실패 >> SQL문을 확인하세요
org.apache.ibatis.exceptions.PersistenceException: 
### Error updating database.  Cause: java.sql.SQLSyntaxErrorException: (conn=93) You have an error in your SQL syntax; check the manual that corresponds to your MariaDB server version for the right syntax to use near ')' at line 1
### The error may exist in kr/yjh/mappers/EnrollmentMapper.java (best guess)
### The error may involve kr.yjh.mappers.EnrollmentMapper.deleteByStudentId-Inline
### The error occurred while setting parameters
### SQL: SELECT id FROM student WHERE department_id = ? OR professor_id IN( SELECT id FROM professor WHERE department_id = ?) )
### Cause: java.sql.SQLSyntaxErrorException: (conn=93) You have an error in your SQL syntax; check the manual that corresponds to your MariaDB server version for the right syntax to use near ')' at line 1
	at org.apache.ibatis.exceptions.ExceptionFactory.wrapException(ExceptionFactory.java:30)
	at org.apache.ibatis.session.defaults.DefaultSqlSession.update(DefaultSqlSession.java:199)
	at org.apache.ibatis.session.defaults.DefaultSqlSession.delete(DefaultSqlSession.java:212)
	at org.apache.ibatis.binding.MapperMethod.execute(MapperMethod.java:72)
	at org.apache.ibatis.binding.MapperProxy$PlainMethodInvoker.invoke(MapperProxy.java:141)
	at org.apache.ibatis.binding.MapperProxy.invoke(MapperProxy.java:86)
	at jdk.proxy2/jdk.proxy2.$Proxy13.deleteByStudentId(Unknown Source)
	at kr.yjh.services.impl.DepartmentServiceimpl.deleteItem(DepartmentServiceimpl.java:119)
	at kr.yjh.mybatis.App14.main(App14.java:34)
Caused by: java.sql.SQLSyntaxErrorException: (conn=93) You have an error in your SQL syntax; check the manual that corresponds to your MariaDB server version for the right syntax to use near ')' at line 1
	at org.mariadb.jdbc.export.ExceptionFactory.createException(ExceptionFactory.java:289)
	at org.mariadb.jdbc.export.ExceptionFactory.create(ExceptionFactory.java:378)
	at org.mariadb.jdbc.message.ClientMessage.readPacket(ClientMessage.java:187)
	at org.mariadb.jdbc.client.impl.StandardClient.readPacket(StandardClient.java:1364)
	at org.mariadb.jdbc.client.impl.StandardClient.readResults(StandardClient.java:1303)
	at org.mariadb.jdbc.client.impl.StandardClient.readResponse(StandardClient.java:1222)
	at org.mariadb.jdbc.client.impl.StandardClient.execute(StandardClient.java:1146)
	at org.mariadb.jdbc.ClientPreparedStatement.executeInternal(ClientPreparedStatement.java:87)
	at org.mariadb.jdbc.ClientPreparedStatement.execute(ClientPreparedStatement.java:232)
	at net.sf.log4jdbc.sql.jdbcapi.PreparedStatementSpy.execute(PreparedStatementSpy.java:443)
	at java.base/jdk.internal.reflect.NativeMethodAccessorImpl.invoke0(Native Method)
	at java.base/jdk.internal.reflect.NativeMethodAccessorImpl.invoke(NativeMethodAccessorImpl.java:77)
	at java.base/jdk.internal.reflect.DelegatingMethodAccessorImpl.invoke(DelegatingMethodAccessorImpl.java:43)
	at java.base/java.lang.reflect.Method.invoke(Method.java:568)
	at org.apache.ibatis.logging.jdbc.PreparedStatementLogger.invoke(PreparedStatementLogger.java:58)
	at jdk.proxy3/jdk.proxy3.$Proxy18.execute(Unknown Source)
	at org.apache.ibatis.executor.statement.PreparedStatementHandler.update(PreparedStatementHandler.java:48)
	at org.apache.ibatis.executor.statement.RoutingStatementHandler.update(RoutingStatementHandler.java:75)
	at org.apache.ibatis.executor.SimpleExecutor.doUpdate(SimpleExecutor.java:50)
	at org.apache.ibatis.executor.BaseExecutor.update(BaseExecutor.java:117)
	at org.apache.ibatis.executor.CachingExecutor.update(CachingExecutor.java:76)
	at org.apache.ibatis.session.defaults.DefaultSqlSession.update(DefaultSqlSession.java:197)
	... 7 common frames omitted
[ERROR] 25-04-22 17:15:09 [sqlonly:144] - 1. PreparedStatement.execute() SELECT id FROM student WHERE department_id = 102 OR professor_id IN(SELECT id FROM professor WHERE department_id = 102))

java.sql.SQLSyntaxErrorException: (conn=94) You have an error in your SQL syntax; check the manual that corresponds to your MariaDB server version for the right syntax to use near ')' at line 1
	at org.mariadb.jdbc.export.ExceptionFactory.createException(ExceptionFactory.java:289)
	at org.mariadb.jdbc.export.ExceptionFactory.create(ExceptionFactory.java:378)
	at org.mariadb.jdbc.message.ClientMessage.readPacket(ClientMessage.java:187)
	at org.mariadb.jdbc.client.impl.StandardClient.readPacket(StandardClient.java:1364)
	at org.mariadb.jdbc.client.impl.StandardClient.readResults(StandardClient.java:1303)
	at org.mariadb.jdbc.client.impl.StandardClient.readResponse(StandardClient.java:1222)
	at org.mariadb.jdbc.client.impl.StandardClient.execute(StandardClient.java:1146)
	at org.mariadb.jdbc.ClientPreparedStatement.executeInternal(ClientPreparedStatement.java:87)
	at org.mariadb.jdbc.ClientPreparedStatement.execute(ClientPreparedStatement.java:232)
	at net.sf.log4jdbc.sql.jdbcapi.PreparedStatementSpy.execute(PreparedStatementSpy.java:443)
	at java.base/jdk.internal.reflect.NativeMethodAccessorImpl.invoke0(Native Method)
	at java.base/jdk.internal.reflect.NativeMethodAccessorImpl.invoke(NativeMethodAccessorImpl.java:77)
	at java.base/jdk.internal.reflect.DelegatingMethodAccessorImpl.invoke(DelegatingMethodAccessorImpl.java:43)
	at java.base/java.lang.reflect.Method.invoke(Method.java:568)
	at org.apache.ibatis.logging.jdbc.PreparedStatementLogger.invoke(PreparedStatementLogger.java:58)
	at jdk.proxy3/jdk.proxy3.$Proxy18.execute(Unknown Source)
	at org.apache.ibatis.executor.statement.PreparedStatementHandler.update(PreparedStatementHandler.java:48)
	at org.apache.ibatis.executor.statement.RoutingStatementHandler.update(RoutingStatementHandler.java:75)
	at org.apache.ibatis.executor.SimpleExecutor.doUpdate(SimpleExecutor.java:50)
	at org.apache.ibatis.executor.BaseExecutor.update(BaseExecutor.java:117)
	at org.apache.ibatis.executor.CachingExecutor.update(CachingExecutor.java:76)
	at org.apache.ibatis.session.defaults.DefaultSqlSession.update(DefaultSqlSession.java:197)
	at org.apache.ibatis.session.defaults.DefaultSqlSession.delete(DefaultSqlSession.java:212)
	at org.apache.ibatis.binding.MapperMethod.execute(MapperMethod.java:72)
	at org.apache.ibatis.binding.MapperProxy$PlainMethodInvoker.invoke(MapperProxy.java:141)
	at org.apache.ibatis.binding.MapperProxy.invoke(MapperProxy.java:86)
	at jdk.proxy2/jdk.proxy2.$Proxy13.deleteByStudentId(Unknown Source)
	at kr.yjh.services.impl.DepartmentServiceimpl.deleteItem(DepartmentServiceimpl.java:119)
	at kr.yjh.mybatis.App14.main(App14.java:34)
[ERROR] 25-04-22 17:15:09 [App14:39] - 처리된 데이터 실패 >> SQL문을 확인하세요
org.apache.ibatis.exceptions.PersistenceException: 
### Error updating database.  Cause: java.sql.SQLSyntaxErrorException: (conn=94) You have an error in your SQL syntax; check the manual that corresponds to your MariaDB server version for the right syntax to use near ')' at line 1
### The error may exist in kr/yjh/mappers/EnrollmentMapper.java (best guess)
### The error may involve kr.yjh.mappers.EnrollmentMapper.deleteByStudentId-Inline
### The error occurred while setting parameters
### SQL: SELECT id FROM student WHERE department_id = ? OR professor_id IN(SELECT id FROM professor WHERE department_id = ?))
### Cause: java.sql.SQLSyntaxErrorException: (conn=94) You have an error in your SQL syntax; check the manual that corresponds to your MariaDB server version for the right syntax to use near ')' at line 1
	at org.apache.ibatis.exceptions.ExceptionFactory.wrapException(ExceptionFactory.java:30)
	at org.apache.ibatis.session.defaults.DefaultSqlSession.update(DefaultSqlSession.java:199)
	at org.apache.ibatis.session.defaults.DefaultSqlSession.delete(DefaultSqlSession.java:212)
	at org.apache.ibatis.binding.MapperMethod.execute(MapperMethod.java:72)
	at org.apache.ibatis.binding.MapperProxy$PlainMethodInvoker.invoke(MapperProxy.java:141)
	at org.apache.ibatis.binding.MapperProxy.invoke(MapperProxy.java:86)
	at jdk.proxy2/jdk.proxy2.$Proxy13.deleteByStudentId(Unknown Source)
	at kr.yjh.services.impl.DepartmentServiceimpl.deleteItem(DepartmentServiceimpl.java:119)
	at kr.yjh.mybatis.App14.main(App14.java:34)
Caused by: java.sql.SQLSyntaxErrorException: (conn=94) You have an error in your SQL syntax; check the manual that corresponds to your MariaDB server version for the right syntax to use near ')' at line 1
	at org.mariadb.jdbc.export.ExceptionFactory.createException(ExceptionFactory.java:289)
	at org.mariadb.jdbc.export.ExceptionFactory.create(ExceptionFactory.java:378)
	at org.mariadb.jdbc.message.ClientMessage.readPacket(ClientMessage.java:187)
	at org.mariadb.jdbc.client.impl.StandardClient.readPacket(StandardClient.java:1364)
	at org.mariadb.jdbc.client.impl.StandardClient.readResults(StandardClient.java:1303)
	at org.mariadb.jdbc.client.impl.StandardClient.readResponse(StandardClient.java:1222)
	at org.mariadb.jdbc.client.impl.StandardClient.execute(StandardClient.java:1146)
	at org.mariadb.jdbc.ClientPreparedStatement.executeInternal(ClientPreparedStatement.java:87)
	at org.mariadb.jdbc.ClientPreparedStatement.execute(ClientPreparedStatement.java:232)
	at net.sf.log4jdbc.sql.jdbcapi.PreparedStatementSpy.execute(PreparedStatementSpy.java:443)
	at java.base/jdk.internal.reflect.NativeMethodAccessorImpl.invoke0(Native Method)
	at java.base/jdk.internal.reflect.NativeMethodAccessorImpl.invoke(NativeMethodAccessorImpl.java:77)
	at java.base/jdk.internal.reflect.DelegatingMethodAccessorImpl.invoke(DelegatingMethodAccessorImpl.java:43)
	at java.base/java.lang.reflect.Method.invoke(Method.java:568)
	at org.apache.ibatis.logging.jdbc.PreparedStatementLogger.invoke(PreparedStatementLogger.java:58)
	at jdk.proxy3/jdk.proxy3.$Proxy18.execute(Unknown Source)
	at org.apache.ibatis.executor.statement.PreparedStatementHandler.update(PreparedStatementHandler.java:48)
	at org.apache.ibatis.executor.statement.RoutingStatementHandler.update(RoutingStatementHandler.java:75)
	at org.apache.ibatis.executor.SimpleExecutor.doUpdate(SimpleExecutor.java:50)
	at org.apache.ibatis.executor.BaseExecutor.update(BaseExecutor.java:117)
	at org.apache.ibatis.executor.CachingExecutor.update(CachingExecutor.java:76)
	at org.apache.ibatis.session.defaults.DefaultSqlSession.update(DefaultSqlSession.java:197)
	... 7 common frames omitted
[ERROR] 25-04-22 17:15:16 [sqlonly:144] - 1. PreparedStatement.execute() SELECT id FROM student WHERE department_id = 102 OR professor_id IN(SELECT id FROM professor WHERE department_id = 102))

java.sql.SQLSyntaxErrorException: (conn=95) You have an error in your SQL syntax; check the manual that corresponds to your MariaDB server version for the right syntax to use near ')' at line 1
	at org.mariadb.jdbc.export.ExceptionFactory.createException(ExceptionFactory.java:289)
	at org.mariadb.jdbc.export.ExceptionFactory.create(ExceptionFactory.java:378)
	at org.mariadb.jdbc.message.ClientMessage.readPacket(ClientMessage.java:187)
	at org.mariadb.jdbc.client.impl.StandardClient.readPacket(StandardClient.java:1364)
	at org.mariadb.jdbc.client.impl.StandardClient.readResults(StandardClient.java:1303)
	at org.mariadb.jdbc.client.impl.StandardClient.readResponse(StandardClient.java:1222)
	at org.mariadb.jdbc.client.impl.StandardClient.execute(StandardClient.java:1146)
	at org.mariadb.jdbc.ClientPreparedStatement.executeInternal(ClientPreparedStatement.java:87)
	at org.mariadb.jdbc.ClientPreparedStatement.execute(ClientPreparedStatement.java:232)
	at net.sf.log4jdbc.sql.jdbcapi.PreparedStatementSpy.execute(PreparedStatementSpy.java:443)
	at java.base/jdk.internal.reflect.NativeMethodAccessorImpl.invoke0(Native Method)
	at java.base/jdk.internal.reflect.NativeMethodAccessorImpl.invoke(NativeMethodAccessorImpl.java:77)
	at java.base/jdk.internal.reflect.DelegatingMethodAccessorImpl.invoke(DelegatingMethodAccessorImpl.java:43)
	at java.base/java.lang.reflect.Method.invoke(Method.java:568)
	at org.apache.ibatis.logging.jdbc.PreparedStatementLogger.invoke(PreparedStatementLogger.java:58)
	at jdk.proxy3/jdk.proxy3.$Proxy18.execute(Unknown Source)
	at org.apache.ibatis.executor.statement.PreparedStatementHandler.update(PreparedStatementHandler.java:48)
	at org.apache.ibatis.executor.statement.RoutingStatementHandler.update(RoutingStatementHandler.java:75)
	at org.apache.ibatis.executor.SimpleExecutor.doUpdate(SimpleExecutor.java:50)
	at org.apache.ibatis.executor.BaseExecutor.update(BaseExecutor.java:117)
	at org.apache.ibatis.executor.CachingExecutor.update(CachingExecutor.java:76)
	at org.apache.ibatis.session.defaults.DefaultSqlSession.update(DefaultSqlSession.java:197)
	at org.apache.ibatis.session.defaults.DefaultSqlSession.delete(DefaultSqlSession.java:212)
	at org.apache.ibatis.binding.MapperMethod.execute(MapperMethod.java:72)
	at org.apache.ibatis.binding.MapperProxy$PlainMethodInvoker.invoke(MapperProxy.java:141)
	at org.apache.ibatis.binding.MapperProxy.invoke(MapperProxy.java:86)
	at jdk.proxy2/jdk.proxy2.$Proxy13.deleteByStudentId(Unknown Source)
	at kr.yjh.services.impl.DepartmentServiceimpl.deleteItem(DepartmentServiceimpl.java:119)
	at kr.yjh.mybatis.App14.main(App14.java:34)
[ERROR] 25-04-22 17:15:16 [App14:39] - 처리된 데이터 실패 >> SQL문을 확인하세요
org.apache.ibatis.exceptions.PersistenceException: 
### Error updating database.  Cause: java.sql.SQLSyntaxErrorException: (conn=95) You have an error in your SQL syntax; check the manual that corresponds to your MariaDB server version for the right syntax to use near ')' at line 1
### The error may exist in kr/yjh/mappers/EnrollmentMapper.java (best guess)
### The error may involve kr.yjh.mappers.EnrollmentMapper.deleteByStudentId-Inline
### The error occurred while setting parameters
### SQL: SELECT id FROM student WHERE department_id = ? OR professor_id IN(SELECT id FROM professor WHERE department_id = ?))
### Cause: java.sql.SQLSyntaxErrorException: (conn=95) You have an error in your SQL syntax; check the manual that corresponds to your MariaDB server version for the right syntax to use near ')' at line 1
	at org.apache.ibatis.exceptions.ExceptionFactory.wrapException(ExceptionFactory.java:30)
	at org.apache.ibatis.session.defaults.DefaultSqlSession.update(DefaultSqlSession.java:199)
	at org.apache.ibatis.session.defaults.DefaultSqlSession.delete(DefaultSqlSession.java:212)
	at org.apache.ibatis.binding.MapperMethod.execute(MapperMethod.java:72)
	at org.apache.ibatis.binding.MapperProxy$PlainMethodInvoker.invoke(MapperProxy.java:141)
	at org.apache.ibatis.binding.MapperProxy.invoke(MapperProxy.java:86)
	at jdk.proxy2/jdk.proxy2.$Proxy13.deleteByStudentId(Unknown Source)
	at kr.yjh.services.impl.DepartmentServiceimpl.deleteItem(DepartmentServiceimpl.java:119)
	at kr.yjh.mybatis.App14.main(App14.java:34)
Caused by: java.sql.SQLSyntaxErrorException: (conn=95) You have an error in your SQL syntax; check the manual that corresponds to your MariaDB server version for the right syntax to use near ')' at line 1
	at org.mariadb.jdbc.export.ExceptionFactory.createException(ExceptionFactory.java:289)
	at org.mariadb.jdbc.export.ExceptionFactory.create(ExceptionFactory.java:378)
	at org.mariadb.jdbc.message.ClientMessage.readPacket(ClientMessage.java:187)
	at org.mariadb.jdbc.client.impl.StandardClient.readPacket(StandardClient.java:1364)
	at org.mariadb.jdbc.client.impl.StandardClient.readResults(StandardClient.java:1303)
	at org.mariadb.jdbc.client.impl.StandardClient.readResponse(StandardClient.java:1222)
	at org.mariadb.jdbc.client.impl.StandardClient.execute(StandardClient.java:1146)
	at org.mariadb.jdbc.ClientPreparedStatement.executeInternal(ClientPreparedStatement.java:87)
	at org.mariadb.jdbc.ClientPreparedStatement.execute(ClientPreparedStatement.java:232)
	at net.sf.log4jdbc.sql.jdbcapi.PreparedStatementSpy.execute(PreparedStatementSpy.java:443)
	at java.base/jdk.internal.reflect.NativeMethodAccessorImpl.invoke0(Native Method)
	at java.base/jdk.internal.reflect.NativeMethodAccessorImpl.invoke(NativeMethodAccessorImpl.java:77)
	at java.base/jdk.internal.reflect.DelegatingMethodAccessorImpl.invoke(DelegatingMethodAccessorImpl.java:43)
	at java.base/java.lang.reflect.Method.invoke(Method.java:568)
	at org.apache.ibatis.logging.jdbc.PreparedStatementLogger.invoke(PreparedStatementLogger.java:58)
	at jdk.proxy3/jdk.proxy3.$Proxy18.execute(Unknown Source)
	at org.apache.ibatis.executor.statement.PreparedStatementHandler.update(PreparedStatementHandler.java:48)
	at org.apache.ibatis.executor.statement.RoutingStatementHandler.update(RoutingStatementHandler.java:75)
	at org.apache.ibatis.executor.SimpleExecutor.doUpdate(SimpleExecutor.java:50)
	at org.apache.ibatis.executor.BaseExecutor.update(BaseExecutor.java:117)
	at org.apache.ibatis.executor.CachingExecutor.update(CachingExecutor.java:76)
	at org.apache.ibatis.session.defaults.DefaultSqlSession.update(DefaultSqlSession.java:197)
	... 7 common frames omitted
[ERROR] 25-04-22 17:15:20 [sqlonly:144] - 1. PreparedStatement.execute() SELECT id FROM student WHERE department_id = 102 OR professor_id IN(SELECT id FROM professor WHERE department_id = 102))

java.sql.SQLSyntaxErrorException: (conn=96) You have an error in your SQL syntax; check the manual that corresponds to your MariaDB server version for the right syntax to use near ')' at line 1
	at org.mariadb.jdbc.export.ExceptionFactory.createException(ExceptionFactory.java:289)
	at org.mariadb.jdbc.export.ExceptionFactory.create(ExceptionFactory.java:378)
	at org.mariadb.jdbc.message.ClientMessage.readPacket(ClientMessage.java:187)
	at org.mariadb.jdbc.client.impl.StandardClient.readPacket(StandardClient.java:1364)
	at org.mariadb.jdbc.client.impl.StandardClient.readResults(StandardClient.java:1303)
	at org.mariadb.jdbc.client.impl.StandardClient.readResponse(StandardClient.java:1222)
	at org.mariadb.jdbc.client.impl.StandardClient.execute(StandardClient.java:1146)
	at org.mariadb.jdbc.ClientPreparedStatement.executeInternal(ClientPreparedStatement.java:87)
	at org.mariadb.jdbc.ClientPreparedStatement.execute(ClientPreparedStatement.java:232)
	at net.sf.log4jdbc.sql.jdbcapi.PreparedStatementSpy.execute(PreparedStatementSpy.java:443)
	at java.base/jdk.internal.reflect.NativeMethodAccessorImpl.invoke0(Native Method)
	at java.base/jdk.internal.reflect.NativeMethodAccessorImpl.invoke(NativeMethodAccessorImpl.java:77)
	at java.base/jdk.internal.reflect.DelegatingMethodAccessorImpl.invoke(DelegatingMethodAccessorImpl.java:43)
	at java.base/java.lang.reflect.Method.invoke(Method.java:568)
	at org.apache.ibatis.logging.jdbc.PreparedStatementLogger.invoke(PreparedStatementLogger.java:58)
	at jdk.proxy3/jdk.proxy3.$Proxy18.execute(Unknown Source)
	at org.apache.ibatis.executor.statement.PreparedStatementHandler.update(PreparedStatementHandler.java:48)
	at org.apache.ibatis.executor.statement.RoutingStatementHandler.update(RoutingStatementHandler.java:75)
	at org.apache.ibatis.executor.SimpleExecutor.doUpdate(SimpleExecutor.java:50)
	at org.apache.ibatis.executor.BaseExecutor.update(BaseExecutor.java:117)
	at org.apache.ibatis.executor.CachingExecutor.update(CachingExecutor.java:76)
	at org.apache.ibatis.session.defaults.DefaultSqlSession.update(DefaultSqlSession.java:197)
	at org.apache.ibatis.session.defaults.DefaultSqlSession.delete(DefaultSqlSession.java:212)
	at org.apache.ibatis.binding.MapperMethod.execute(MapperMethod.java:72)
	at org.apache.ibatis.binding.MapperProxy$PlainMethodInvoker.invoke(MapperProxy.java:141)
	at org.apache.ibatis.binding.MapperProxy.invoke(MapperProxy.java:86)
	at jdk.proxy2/jdk.proxy2.$Proxy13.deleteByStudentId(Unknown Source)
	at kr.yjh.services.impl.DepartmentServiceimpl.deleteItem(DepartmentServiceimpl.java:119)
	at kr.yjh.mybatis.App14.main(App14.java:34)
[ERROR] 25-04-22 17:15:20 [App14:39] - 처리된 데이터 실패 >> SQL문을 확인하세요
org.apache.ibatis.exceptions.PersistenceException: 
### Error updating database.  Cause: java.sql.SQLSyntaxErrorException: (conn=96) You have an error in your SQL syntax; check the manual that corresponds to your MariaDB server version for the right syntax to use near ')' at line 1
### The error may exist in kr/yjh/mappers/EnrollmentMapper.java (best guess)
### The error may involve kr.yjh.mappers.EnrollmentMapper.deleteByStudentId-Inline
### The error occurred while setting parameters
### SQL: SELECT id FROM student WHERE department_id = ? OR professor_id IN(SELECT id FROM professor WHERE department_id = ?))
### Cause: java.sql.SQLSyntaxErrorException: (conn=96) You have an error in your SQL syntax; check the manual that corresponds to your MariaDB server version for the right syntax to use near ')' at line 1
	at org.apache.ibatis.exceptions.ExceptionFactory.wrapException(ExceptionFactory.java:30)
	at org.apache.ibatis.session.defaults.DefaultSqlSession.update(DefaultSqlSession.java:199)
	at org.apache.ibatis.session.defaults.DefaultSqlSession.delete(DefaultSqlSession.java:212)
	at org.apache.ibatis.binding.MapperMethod.execute(MapperMethod.java:72)
	at org.apache.ibatis.binding.MapperProxy$PlainMethodInvoker.invoke(MapperProxy.java:141)
	at org.apache.ibatis.binding.MapperProxy.invoke(MapperProxy.java:86)
	at jdk.proxy2/jdk.proxy2.$Proxy13.deleteByStudentId(Unknown Source)
	at kr.yjh.services.impl.DepartmentServiceimpl.deleteItem(DepartmentServiceimpl.java:119)
	at kr.yjh.mybatis.App14.main(App14.java:34)
Caused by: java.sql.SQLSyntaxErrorException: (conn=96) You have an error in your SQL syntax; check the manual that corresponds to your MariaDB server version for the right syntax to use near ')' at line 1
	at org.mariadb.jdbc.export.ExceptionFactory.createException(ExceptionFactory.java:289)
	at org.mariadb.jdbc.export.ExceptionFactory.create(ExceptionFactory.java:378)
	at org.mariadb.jdbc.message.ClientMessage.readPacket(ClientMessage.java:187)
	at org.mariadb.jdbc.client.impl.StandardClient.readPacket(StandardClient.java:1364)
	at org.mariadb.jdbc.client.impl.StandardClient.readResults(StandardClient.java:1303)
	at org.mariadb.jdbc.client.impl.StandardClient.readResponse(StandardClient.java:1222)
	at org.mariadb.jdbc.client.impl.StandardClient.execute(StandardClient.java:1146)
	at org.mariadb.jdbc.ClientPreparedStatement.executeInternal(ClientPreparedStatement.java:87)
	at org.mariadb.jdbc.ClientPreparedStatement.execute(ClientPreparedStatement.java:232)
	at net.sf.log4jdbc.sql.jdbcapi.PreparedStatementSpy.execute(PreparedStatementSpy.java:443)
	at java.base/jdk.internal.reflect.NativeMethodAccessorImpl.invoke0(Native Method)
	at java.base/jdk.internal.reflect.NativeMethodAccessorImpl.invoke(NativeMethodAccessorImpl.java:77)
	at java.base/jdk.internal.reflect.DelegatingMethodAccessorImpl.invoke(DelegatingMethodAccessorImpl.java:43)
	at java.base/java.lang.reflect.Method.invoke(Method.java:568)
	at org.apache.ibatis.logging.jdbc.PreparedStatementLogger.invoke(PreparedStatementLogger.java:58)
	at jdk.proxy3/jdk.proxy3.$Proxy18.execute(Unknown Source)
	at org.apache.ibatis.executor.statement.PreparedStatementHandler.update(PreparedStatementHandler.java:48)
	at org.apache.ibatis.executor.statement.RoutingStatementHandler.update(RoutingStatementHandler.java:75)
	at org.apache.ibatis.executor.SimpleExecutor.doUpdate(SimpleExecutor.java:50)
	at org.apache.ibatis.executor.BaseExecutor.update(BaseExecutor.java:117)
	at org.apache.ibatis.executor.CachingExecutor.update(CachingExecutor.java:76)
	at org.apache.ibatis.session.defaults.DefaultSqlSession.update(DefaultSqlSession.java:197)
	... 7 common frames omitted
[ERROR] 25-04-22 17:16:26 [sqlonly:144] - 1. PreparedStatement.execute() SELECT id FROM student WHERE department_id = 102 OR professor_id IN(SELECT id FROM professor WHERE department_id = 102)

java.sql.SQLSyntaxErrorException: (conn=97) Table 'myschool.student' doesn't exist
	at org.mariadb.jdbc.export.ExceptionFactory.createException(ExceptionFactory.java:289)
	at org.mariadb.jdbc.export.ExceptionFactory.create(ExceptionFactory.java:378)
	at org.mariadb.jdbc.message.ClientMessage.readPacket(ClientMessage.java:187)
	at org.mariadb.jdbc.client.impl.StandardClient.readPacket(StandardClient.java:1364)
	at org.mariadb.jdbc.client.impl.StandardClient.readResults(StandardClient.java:1303)
	at org.mariadb.jdbc.client.impl.StandardClient.readResponse(StandardClient.java:1222)
	at org.mariadb.jdbc.client.impl.StandardClient.execute(StandardClient.java:1146)
	at org.mariadb.jdbc.ClientPreparedStatement.executeInternal(ClientPreparedStatement.java:87)
	at org.mariadb.jdbc.ClientPreparedStatement.execute(ClientPreparedStatement.java:232)
	at net.sf.log4jdbc.sql.jdbcapi.PreparedStatementSpy.execute(PreparedStatementSpy.java:443)
	at java.base/jdk.internal.reflect.NativeMethodAccessorImpl.invoke0(Native Method)
	at java.base/jdk.internal.reflect.NativeMethodAccessorImpl.invoke(NativeMethodAccessorImpl.java:77)
	at java.base/jdk.internal.reflect.DelegatingMethodAccessorImpl.invoke(DelegatingMethodAccessorImpl.java:43)
	at java.base/java.lang.reflect.Method.invoke(Method.java:568)
	at org.apache.ibatis.logging.jdbc.PreparedStatementLogger.invoke(PreparedStatementLogger.java:58)
	at jdk.proxy3/jdk.proxy3.$Proxy18.execute(Unknown Source)
	at org.apache.ibatis.executor.statement.PreparedStatementHandler.update(PreparedStatementHandler.java:48)
	at org.apache.ibatis.executor.statement.RoutingStatementHandler.update(RoutingStatementHandler.java:75)
	at org.apache.ibatis.executor.SimpleExecutor.doUpdate(SimpleExecutor.java:50)
	at org.apache.ibatis.executor.BaseExecutor.update(BaseExecutor.java:117)
	at org.apache.ibatis.executor.CachingExecutor.update(CachingExecutor.java:76)
	at org.apache.ibatis.session.defaults.DefaultSqlSession.update(DefaultSqlSession.java:197)
	at org.apache.ibatis.session.defaults.DefaultSqlSession.delete(DefaultSqlSession.java:212)
	at org.apache.ibatis.binding.MapperMethod.execute(MapperMethod.java:72)
	at org.apache.ibatis.binding.MapperProxy$PlainMethodInvoker.invoke(MapperProxy.java:141)
	at org.apache.ibatis.binding.MapperProxy.invoke(MapperProxy.java:86)
	at jdk.proxy2/jdk.proxy2.$Proxy13.deleteByStudentId(Unknown Source)
	at kr.yjh.services.impl.DepartmentServiceimpl.deleteItem(DepartmentServiceimpl.java:119)
	at kr.yjh.mybatis.App14.main(App14.java:34)
[ERROR] 25-04-22 17:16:26 [App14:39] - 처리된 데이터 실패 >> SQL문을 확인하세요
org.apache.ibatis.exceptions.PersistenceException: 
### Error updating database.  Cause: java.sql.SQLSyntaxErrorException: (conn=97) Table 'myschool.student' doesn't exist
### The error may exist in kr/yjh/mappers/EnrollmentMapper.java (best guess)
### The error may involve kr.yjh.mappers.EnrollmentMapper.deleteByStudentId-Inline
### The error occurred while setting parameters
### SQL: SELECT id FROM student WHERE department_id = ? OR professor_id IN(SELECT id FROM professor WHERE department_id = ?)
### Cause: java.sql.SQLSyntaxErrorException: (conn=97) Table 'myschool.student' doesn't exist
	at org.apache.ibatis.exceptions.ExceptionFactory.wrapException(ExceptionFactory.java:30)
	at org.apache.ibatis.session.defaults.DefaultSqlSession.update(DefaultSqlSession.java:199)
	at org.apache.ibatis.session.defaults.DefaultSqlSession.delete(DefaultSqlSession.java:212)
	at org.apache.ibatis.binding.MapperMethod.execute(MapperMethod.java:72)
	at org.apache.ibatis.binding.MapperProxy$PlainMethodInvoker.invoke(MapperProxy.java:141)
	at org.apache.ibatis.binding.MapperProxy.invoke(MapperProxy.java:86)
	at jdk.proxy2/jdk.proxy2.$Proxy13.deleteByStudentId(Unknown Source)
	at kr.yjh.services.impl.DepartmentServiceimpl.deleteItem(DepartmentServiceimpl.java:119)
	at kr.yjh.mybatis.App14.main(App14.java:34)
Caused by: java.sql.SQLSyntaxErrorException: (conn=97) Table 'myschool.student' doesn't exist
	at org.mariadb.jdbc.export.ExceptionFactory.createException(ExceptionFactory.java:289)
	at org.mariadb.jdbc.export.ExceptionFactory.create(ExceptionFactory.java:378)
	at org.mariadb.jdbc.message.ClientMessage.readPacket(ClientMessage.java:187)
	at org.mariadb.jdbc.client.impl.StandardClient.readPacket(StandardClient.java:1364)
	at org.mariadb.jdbc.client.impl.StandardClient.readResults(StandardClient.java:1303)
	at org.mariadb.jdbc.client.impl.StandardClient.readResponse(StandardClient.java:1222)
	at org.mariadb.jdbc.client.impl.StandardClient.execute(StandardClient.java:1146)
	at org.mariadb.jdbc.ClientPreparedStatement.executeInternal(ClientPreparedStatement.java:87)
	at org.mariadb.jdbc.ClientPreparedStatement.execute(ClientPreparedStatement.java:232)
	at net.sf.log4jdbc.sql.jdbcapi.PreparedStatementSpy.execute(PreparedStatementSpy.java:443)
	at java.base/jdk.internal.reflect.NativeMethodAccessorImpl.invoke0(Native Method)
	at java.base/jdk.internal.reflect.NativeMethodAccessorImpl.invoke(NativeMethodAccessorImpl.java:77)
	at java.base/jdk.internal.reflect.DelegatingMethodAccessorImpl.invoke(DelegatingMethodAccessorImpl.java:43)
	at java.base/java.lang.reflect.Method.invoke(Method.java:568)
	at org.apache.ibatis.logging.jdbc.PreparedStatementLogger.invoke(PreparedStatementLogger.java:58)
	at jdk.proxy3/jdk.proxy3.$Proxy18.execute(Unknown Source)
	at org.apache.ibatis.executor.statement.PreparedStatementHandler.update(PreparedStatementHandler.java:48)
	at org.apache.ibatis.executor.statement.RoutingStatementHandler.update(RoutingStatementHandler.java:75)
	at org.apache.ibatis.executor.SimpleExecutor.doUpdate(SimpleExecutor.java:50)
	at org.apache.ibatis.executor.BaseExecutor.update(BaseExecutor.java:117)
	at org.apache.ibatis.executor.CachingExecutor.update(CachingExecutor.java:76)
	at org.apache.ibatis.session.defaults.DefaultSqlSession.update(DefaultSqlSession.java:197)
	... 7 common frames omitted
[ERROR] 25-04-22 17:18:40 [sqlonly:144] - 1. Connection.prepareStatement(DELETE FROME subject  WHERE department_id={departmentId} OR professor_id IN ( SELECT id FROM professors WHERE department_id={departmentId})) DELETE FROME subject  WHERE department_id={departmentId} OR professor_id IN ( SELECT id FROM professors WHERE department_id={departmentId})

java.sql.SQLException: unknown escape sequence {departmentId}
	at org.mariadb.jdbc.util.NativeSql.resolveEscapes(NativeSql.java:192)
	at org.mariadb.jdbc.util.NativeSql.parse(NativeSql.java:121)
	at org.mariadb.jdbc.Connection.prepareInternal(Connection.java:179)
	at org.mariadb.jdbc.Connection.prepareStatement(Connection.java:137)
	at net.sf.log4jdbc.sql.jdbcapi.ConnectionSpy.prepareStatement(ConnectionSpy.java:475)
	at java.base/jdk.internal.reflect.NativeMethodAccessorImpl.invoke0(Native Method)
	at java.base/jdk.internal.reflect.NativeMethodAccessorImpl.invoke(NativeMethodAccessorImpl.java:77)
	at java.base/jdk.internal.reflect.DelegatingMethodAccessorImpl.invoke(DelegatingMethodAccessorImpl.java:43)
	at java.base/java.lang.reflect.Method.invoke(Method.java:568)
	at org.apache.ibatis.datasource.pooled.PooledConnection.invoke(PooledConnection.java:258)
	at jdk.proxy3/jdk.proxy3.$Proxy17.prepareStatement(Unknown Source)
	at java.base/jdk.internal.reflect.NativeMethodAccessorImpl.invoke0(Native Method)
	at java.base/jdk.internal.reflect.NativeMethodAccessorImpl.invoke(NativeMethodAccessorImpl.java:77)
	at java.base/jdk.internal.reflect.DelegatingMethodAccessorImpl.invoke(DelegatingMethodAccessorImpl.java:43)
	at java.base/java.lang.reflect.Method.invoke(Method.java:568)
	at org.apache.ibatis.logging.jdbc.ConnectionLogger.invoke(ConnectionLogger.java:53)
	at jdk.proxy3/jdk.proxy3.$Proxy17.prepareStatement(Unknown Source)
	at org.apache.ibatis.executor.statement.PreparedStatementHandler.instantiateStatement(PreparedStatementHandler.java:88)
	at org.apache.ibatis.executor.statement.BaseStatementHandler.prepare(BaseStatementHandler.java:90)
	at org.apache.ibatis.executor.statement.RoutingStatementHandler.prepare(RoutingStatementHandler.java:60)
	at org.apache.ibatis.executor.SimpleExecutor.prepareStatement(SimpleExecutor.java:90)
	at org.apache.ibatis.executor.SimpleExecutor.doUpdate(SimpleExecutor.java:49)
	at org.apache.ibatis.executor.BaseExecutor.update(BaseExecutor.java:117)
	at org.apache.ibatis.executor.CachingExecutor.update(CachingExecutor.java:76)
	at org.apache.ibatis.session.defaults.DefaultSqlSession.update(DefaultSqlSession.java:197)
	at org.apache.ibatis.session.defaults.DefaultSqlSession.delete(DefaultSqlSession.java:212)
	at org.apache.ibatis.binding.MapperMethod.execute(MapperMethod.java:72)
	at org.apache.ibatis.binding.MapperProxy$PlainMethodInvoker.invoke(MapperProxy.java:141)
	at org.apache.ibatis.binding.MapperProxy.invoke(MapperProxy.java:86)
	at jdk.proxy2/jdk.proxy2.$Proxy16.deleteByProfessorId(Unknown Source)
	at kr.yjh.services.impl.DepartmentServiceimpl.deleteItem(DepartmentServiceimpl.java:127)
	at kr.yjh.mybatis.App14.main(App14.java:34)
[ERROR] 25-04-22 17:18:40 [App14:39] - 처리된 데이터 실패 >> SQL문을 확인하세요
org.apache.ibatis.exceptions.PersistenceException: 
### Error updating database.  Cause: java.sql.SQLException: unknown escape sequence {departmentId}
### The error may exist in kr/yjh/mappers/SubjectMapper.java (best guess)
### The error may involve kr.yjh.mappers.SubjectMapper.deleteByProfessorId
### The error occurred while executing an update
### SQL: DELETE FROME subject  WHERE department_id={departmentId} OR professor_id IN ( SELECT id FROM professors WHERE department_id={departmentId})
### Cause: java.sql.SQLException: unknown escape sequence {departmentId}
	at org.apache.ibatis.exceptions.ExceptionFactory.wrapException(ExceptionFactory.java:30)
	at org.apache.ibatis.session.defaults.DefaultSqlSession.update(DefaultSqlSession.java:199)
	at org.apache.ibatis.session.defaults.DefaultSqlSession.delete(DefaultSqlSession.java:212)
	at org.apache.ibatis.binding.MapperMethod.execute(MapperMethod.java:72)
	at org.apache.ibatis.binding.MapperProxy$PlainMethodInvoker.invoke(MapperProxy.java:141)
	at org.apache.ibatis.binding.MapperProxy.invoke(MapperProxy.java:86)
	at jdk.proxy2/jdk.proxy2.$Proxy16.deleteByProfessorId(Unknown Source)
	at kr.yjh.services.impl.DepartmentServiceimpl.deleteItem(DepartmentServiceimpl.java:127)
	at kr.yjh.mybatis.App14.main(App14.java:34)
Caused by: java.sql.SQLException: unknown escape sequence {departmentId}
	at org.mariadb.jdbc.util.NativeSql.resolveEscapes(NativeSql.java:192)
	at org.mariadb.jdbc.util.NativeSql.parse(NativeSql.java:121)
	at org.mariadb.jdbc.Connection.prepareInternal(Connection.java:179)
	at org.mariadb.jdbc.Connection.prepareStatement(Connection.java:137)
	at net.sf.log4jdbc.sql.jdbcapi.ConnectionSpy.prepareStatement(ConnectionSpy.java:475)
	at java.base/jdk.internal.reflect.NativeMethodAccessorImpl.invoke0(Native Method)
	at java.base/jdk.internal.reflect.NativeMethodAccessorImpl.invoke(NativeMethodAccessorImpl.java:77)
	at java.base/jdk.internal.reflect.DelegatingMethodAccessorImpl.invoke(DelegatingMethodAccessorImpl.java:43)
	at java.base/java.lang.reflect.Method.invoke(Method.java:568)
	at org.apache.ibatis.datasource.pooled.PooledConnection.invoke(PooledConnection.java:258)
	at jdk.proxy3/jdk.proxy3.$Proxy17.prepareStatement(Unknown Source)
	at java.base/jdk.internal.reflect.NativeMethodAccessorImpl.invoke0(Native Method)
	at java.base/jdk.internal.reflect.NativeMethodAccessorImpl.invoke(NativeMethodAccessorImpl.java:77)
	at java.base/jdk.internal.reflect.DelegatingMethodAccessorImpl.invoke(DelegatingMethodAccessorImpl.java:43)
	at java.base/java.lang.reflect.Method.invoke(Method.java:568)
	at org.apache.ibatis.logging.jdbc.ConnectionLogger.invoke(ConnectionLogger.java:53)
	at jdk.proxy3/jdk.proxy3.$Proxy17.prepareStatement(Unknown Source)
	at org.apache.ibatis.executor.statement.PreparedStatementHandler.instantiateStatement(PreparedStatementHandler.java:88)
	at org.apache.ibatis.executor.statement.BaseStatementHandler.prepare(BaseStatementHandler.java:90)
	at org.apache.ibatis.executor.statement.RoutingStatementHandler.prepare(RoutingStatementHandler.java:60)
	at org.apache.ibatis.executor.SimpleExecutor.prepareStatement(SimpleExecutor.java:90)
	at org.apache.ibatis.executor.SimpleExecutor.doUpdate(SimpleExecutor.java:49)
	at org.apache.ibatis.executor.BaseExecutor.update(BaseExecutor.java:117)
	at org.apache.ibatis.executor.CachingExecutor.update(CachingExecutor.java:76)
	at org.apache.ibatis.session.defaults.DefaultSqlSession.update(DefaultSqlSession.java:197)
	... 7 common frames omitted
[ERROR] 25-04-22 17:22:38 [sqlonly:144] - 1. PreparedStatement.execute() DELETE FROM enrollments WHERE student_id IN  (SELECT id FROM student WHERE department_id = 102 OR professor_id IN ( SELECT id FROM professor WHERE department_id = 102 ))

java.sql.SQLSyntaxErrorException: (conn=99) Table 'myschool.student' doesn't exist
	at org.mariadb.jdbc.export.ExceptionFactory.createException(ExceptionFactory.java:289)
	at org.mariadb.jdbc.export.ExceptionFactory.create(ExceptionFactory.java:378)
	at org.mariadb.jdbc.message.ClientMessage.readPacket(ClientMessage.java:187)
	at org.mariadb.jdbc.client.impl.StandardClient.readPacket(StandardClient.java:1364)
	at org.mariadb.jdbc.client.impl.StandardClient.readResults(StandardClient.java:1303)
	at org.mariadb.jdbc.client.impl.StandardClient.readResponse(StandardClient.java:1222)
	at org.mariadb.jdbc.client.impl.StandardClient.execute(StandardClient.java:1146)
	at org.mariadb.jdbc.ClientPreparedStatement.executeInternal(ClientPreparedStatement.java:87)
	at org.mariadb.jdbc.ClientPreparedStatement.execute(ClientPreparedStatement.java:232)
	at net.sf.log4jdbc.sql.jdbcapi.PreparedStatementSpy.execute(PreparedStatementSpy.java:443)
	at java.base/jdk.internal.reflect.NativeMethodAccessorImpl.invoke0(Native Method)
	at java.base/jdk.internal.reflect.NativeMethodAccessorImpl.invoke(NativeMethodAccessorImpl.java:77)
	at java.base/jdk.internal.reflect.DelegatingMethodAccessorImpl.invoke(DelegatingMethodAccessorImpl.java:43)
	at java.base/java.lang.reflect.Method.invoke(Method.java:568)
	at org.apache.ibatis.logging.jdbc.PreparedStatementLogger.invoke(PreparedStatementLogger.java:58)
	at jdk.proxy3/jdk.proxy3.$Proxy18.execute(Unknown Source)
	at org.apache.ibatis.executor.statement.PreparedStatementHandler.update(PreparedStatementHandler.java:48)
	at org.apache.ibatis.executor.statement.RoutingStatementHandler.update(RoutingStatementHandler.java:75)
	at org.apache.ibatis.executor.SimpleExecutor.doUpdate(SimpleExecutor.java:50)
	at org.apache.ibatis.executor.BaseExecutor.update(BaseExecutor.java:117)
	at org.apache.ibatis.executor.CachingExecutor.update(CachingExecutor.java:76)
	at org.apache.ibatis.session.defaults.DefaultSqlSession.update(DefaultSqlSession.java:197)
	at org.apache.ibatis.session.defaults.DefaultSqlSession.delete(DefaultSqlSession.java:212)
	at org.apache.ibatis.binding.MapperMethod.execute(MapperMethod.java:72)
	at org.apache.ibatis.binding.MapperProxy$PlainMethodInvoker.invoke(MapperProxy.java:141)
	at org.apache.ibatis.binding.MapperProxy.invoke(MapperProxy.java:86)
	at jdk.proxy2/jdk.proxy2.$Proxy13.deleteByStudentId(Unknown Source)
	at kr.yjh.services.impl.DepartmentServiceimpl.deleteItem(DepartmentServiceimpl.java:119)
	at kr.yjh.mybatis.App14.main(App14.java:34)
[ERROR] 25-04-22 17:22:38 [App14:39] - 처리된 데이터 실패 >> SQL문을 확인하세요
org.apache.ibatis.exceptions.PersistenceException: 
### Error updating database.  Cause: java.sql.SQLSyntaxErrorException: (conn=99) Table 'myschool.student' doesn't exist
### The error may exist in kr/yjh/mappers/EnrollmentMapper.java (best guess)
### The error may involve kr.yjh.mappers.EnrollmentMapper.deleteByStudentId-Inline
### The error occurred while setting parameters
### SQL: DELETE FROM enrollments WHERE student_id IN  (SELECT id FROM student WHERE department_id = ? OR professor_id IN ( SELECT id FROM professor WHERE department_id = ? ))
### Cause: java.sql.SQLSyntaxErrorException: (conn=99) Table 'myschool.student' doesn't exist
	at org.apache.ibatis.exceptions.ExceptionFactory.wrapException(ExceptionFactory.java:30)
	at org.apache.ibatis.session.defaults.DefaultSqlSession.update(DefaultSqlSession.java:199)
	at org.apache.ibatis.session.defaults.DefaultSqlSession.delete(DefaultSqlSession.java:212)
	at org.apache.ibatis.binding.MapperMethod.execute(MapperMethod.java:72)
	at org.apache.ibatis.binding.MapperProxy$PlainMethodInvoker.invoke(MapperProxy.java:141)
	at org.apache.ibatis.binding.MapperProxy.invoke(MapperProxy.java:86)
	at jdk.proxy2/jdk.proxy2.$Proxy13.deleteByStudentId(Unknown Source)
	at kr.yjh.services.impl.DepartmentServiceimpl.deleteItem(DepartmentServiceimpl.java:119)
	at kr.yjh.mybatis.App14.main(App14.java:34)
Caused by: java.sql.SQLSyntaxErrorException: (conn=99) Table 'myschool.student' doesn't exist
	at org.mariadb.jdbc.export.ExceptionFactory.createException(ExceptionFactory.java:289)
	at org.mariadb.jdbc.export.ExceptionFactory.create(ExceptionFactory.java:378)
	at org.mariadb.jdbc.message.ClientMessage.readPacket(ClientMessage.java:187)
	at org.mariadb.jdbc.client.impl.StandardClient.readPacket(StandardClient.java:1364)
	at org.mariadb.jdbc.client.impl.StandardClient.readResults(StandardClient.java:1303)
	at org.mariadb.jdbc.client.impl.StandardClient.readResponse(StandardClient.java:1222)
	at org.mariadb.jdbc.client.impl.StandardClient.execute(StandardClient.java:1146)
	at org.mariadb.jdbc.ClientPreparedStatement.executeInternal(ClientPreparedStatement.java:87)
	at org.mariadb.jdbc.ClientPreparedStatement.execute(ClientPreparedStatement.java:232)
	at net.sf.log4jdbc.sql.jdbcapi.PreparedStatementSpy.execute(PreparedStatementSpy.java:443)
	at java.base/jdk.internal.reflect.NativeMethodAccessorImpl.invoke0(Native Method)
	at java.base/jdk.internal.reflect.NativeMethodAccessorImpl.invoke(NativeMethodAccessorImpl.java:77)
	at java.base/jdk.internal.reflect.DelegatingMethodAccessorImpl.invoke(DelegatingMethodAccessorImpl.java:43)
	at java.base/java.lang.reflect.Method.invoke(Method.java:568)
	at org.apache.ibatis.logging.jdbc.PreparedStatementLogger.invoke(PreparedStatementLogger.java:58)
	at jdk.proxy3/jdk.proxy3.$Proxy18.execute(Unknown Source)
	at org.apache.ibatis.executor.statement.PreparedStatementHandler.update(PreparedStatementHandler.java:48)
	at org.apache.ibatis.executor.statement.RoutingStatementHandler.update(RoutingStatementHandler.java:75)
	at org.apache.ibatis.executor.SimpleExecutor.doUpdate(SimpleExecutor.java:50)
	at org.apache.ibatis.executor.BaseExecutor.update(BaseExecutor.java:117)
	at org.apache.ibatis.executor.CachingExecutor.update(CachingExecutor.java:76)
	at org.apache.ibatis.session.defaults.DefaultSqlSession.update(DefaultSqlSession.java:197)
	... 7 common frames omitted
[ERROR] 25-04-22 17:26:05 [sqlonly:144] - 1. Connection.prepareStatement(DELETE FROME subject  WHERE department_id={departmentId} OR professor_id IN ( SELECT id FROM professors WHERE department_id={departmentId})) DELETE FROME subject  WHERE department_id={departmentId} OR professor_id IN ( SELECT id FROM professors WHERE department_id={departmentId})

java.sql.SQLException: unknown escape sequence {departmentId}
	at org.mariadb.jdbc.util.NativeSql.resolveEscapes(NativeSql.java:192)
	at org.mariadb.jdbc.util.NativeSql.parse(NativeSql.java:121)
	at org.mariadb.jdbc.Connection.prepareInternal(Connection.java:179)
	at org.mariadb.jdbc.Connection.prepareStatement(Connection.java:137)
	at net.sf.log4jdbc.sql.jdbcapi.ConnectionSpy.prepareStatement(ConnectionSpy.java:475)
	at java.base/jdk.internal.reflect.NativeMethodAccessorImpl.invoke0(Native Method)
	at java.base/jdk.internal.reflect.NativeMethodAccessorImpl.invoke(NativeMethodAccessorImpl.java:77)
	at java.base/jdk.internal.reflect.DelegatingMethodAccessorImpl.invoke(DelegatingMethodAccessorImpl.java:43)
	at java.base/java.lang.reflect.Method.invoke(Method.java:568)
	at org.apache.ibatis.datasource.pooled.PooledConnection.invoke(PooledConnection.java:258)
	at jdk.proxy3/jdk.proxy3.$Proxy17.prepareStatement(Unknown Source)
	at java.base/jdk.internal.reflect.NativeMethodAccessorImpl.invoke0(Native Method)
	at java.base/jdk.internal.reflect.NativeMethodAccessorImpl.invoke(NativeMethodAccessorImpl.java:77)
	at java.base/jdk.internal.reflect.DelegatingMethodAccessorImpl.invoke(DelegatingMethodAccessorImpl.java:43)
	at java.base/java.lang.reflect.Method.invoke(Method.java:568)
	at org.apache.ibatis.logging.jdbc.ConnectionLogger.invoke(ConnectionLogger.java:53)
	at jdk.proxy3/jdk.proxy3.$Proxy17.prepareStatement(Unknown Source)
	at org.apache.ibatis.executor.statement.PreparedStatementHandler.instantiateStatement(PreparedStatementHandler.java:88)
	at org.apache.ibatis.executor.statement.BaseStatementHandler.prepare(BaseStatementHandler.java:90)
	at org.apache.ibatis.executor.statement.RoutingStatementHandler.prepare(RoutingStatementHandler.java:60)
	at org.apache.ibatis.executor.SimpleExecutor.prepareStatement(SimpleExecutor.java:90)
	at org.apache.ibatis.executor.SimpleExecutor.doUpdate(SimpleExecutor.java:49)
	at org.apache.ibatis.executor.BaseExecutor.update(BaseExecutor.java:117)
	at org.apache.ibatis.executor.CachingExecutor.update(CachingExecutor.java:76)
	at org.apache.ibatis.session.defaults.DefaultSqlSession.update(DefaultSqlSession.java:197)
	at org.apache.ibatis.session.defaults.DefaultSqlSession.delete(DefaultSqlSession.java:212)
	at org.apache.ibatis.binding.MapperMethod.execute(MapperMethod.java:72)
	at org.apache.ibatis.binding.MapperProxy$PlainMethodInvoker.invoke(MapperProxy.java:141)
	at org.apache.ibatis.binding.MapperProxy.invoke(MapperProxy.java:86)
	at jdk.proxy2/jdk.proxy2.$Proxy16.deleteByProfessorId(Unknown Source)
	at kr.yjh.services.impl.DepartmentServiceimpl.deleteItem(DepartmentServiceimpl.java:127)
	at kr.yjh.mybatis.App14.main(App14.java:34)
[ERROR] 25-04-22 17:26:05 [App14:39] - 처리된 데이터 실패 >> SQL문을 확인하세요
org.apache.ibatis.exceptions.PersistenceException: 
### Error updating database.  Cause: java.sql.SQLException: unknown escape sequence {departmentId}
### The error may exist in kr/yjh/mappers/SubjectMapper.java (best guess)
### The error may involve kr.yjh.mappers.SubjectMapper.deleteByProfessorId
### The error occurred while executing an update
### SQL: DELETE FROME subject  WHERE department_id={departmentId} OR professor_id IN ( SELECT id FROM professors WHERE department_id={departmentId})
### Cause: java.sql.SQLException: unknown escape sequence {departmentId}
	at org.apache.ibatis.exceptions.ExceptionFactory.wrapException(ExceptionFactory.java:30)
	at org.apache.ibatis.session.defaults.DefaultSqlSession.update(DefaultSqlSession.java:199)
	at org.apache.ibatis.session.defaults.DefaultSqlSession.delete(DefaultSqlSession.java:212)
	at org.apache.ibatis.binding.MapperMethod.execute(MapperMethod.java:72)
	at org.apache.ibatis.binding.MapperProxy$PlainMethodInvoker.invoke(MapperProxy.java:141)
	at org.apache.ibatis.binding.MapperProxy.invoke(MapperProxy.java:86)
	at jdk.proxy2/jdk.proxy2.$Proxy16.deleteByProfessorId(Unknown Source)
	at kr.yjh.services.impl.DepartmentServiceimpl.deleteItem(DepartmentServiceimpl.java:127)
	at kr.yjh.mybatis.App14.main(App14.java:34)
Caused by: java.sql.SQLException: unknown escape sequence {departmentId}
	at org.mariadb.jdbc.util.NativeSql.resolveEscapes(NativeSql.java:192)
	at org.mariadb.jdbc.util.NativeSql.parse(NativeSql.java:121)
	at org.mariadb.jdbc.Connection.prepareInternal(Connection.java:179)
	at org.mariadb.jdbc.Connection.prepareStatement(Connection.java:137)
	at net.sf.log4jdbc.sql.jdbcapi.ConnectionSpy.prepareStatement(ConnectionSpy.java:475)
	at java.base/jdk.internal.reflect.NativeMethodAccessorImpl.invoke0(Native Method)
	at java.base/jdk.internal.reflect.NativeMethodAccessorImpl.invoke(NativeMethodAccessorImpl.java:77)
	at java.base/jdk.internal.reflect.DelegatingMethodAccessorImpl.invoke(DelegatingMethodAccessorImpl.java:43)
	at java.base/java.lang.reflect.Method.invoke(Method.java:568)
	at org.apache.ibatis.datasource.pooled.PooledConnection.invoke(PooledConnection.java:258)
	at jdk.proxy3/jdk.proxy3.$Proxy17.prepareStatement(Unknown Source)
	at java.base/jdk.internal.reflect.NativeMethodAccessorImpl.invoke0(Native Method)
	at java.base/jdk.internal.reflect.NativeMethodAccessorImpl.invoke(NativeMethodAccessorImpl.java:77)
	at java.base/jdk.internal.reflect.DelegatingMethodAccessorImpl.invoke(DelegatingMethodAccessorImpl.java:43)
	at java.base/java.lang.reflect.Method.invoke(Method.java:568)
	at org.apache.ibatis.logging.jdbc.ConnectionLogger.invoke(ConnectionLogger.java:53)
	at jdk.proxy3/jdk.proxy3.$Proxy17.prepareStatement(Unknown Source)
	at org.apache.ibatis.executor.statement.PreparedStatementHandler.instantiateStatement(PreparedStatementHandler.java:88)
	at org.apache.ibatis.executor.statement.BaseStatementHandler.prepare(BaseStatementHandler.java:90)
	at org.apache.ibatis.executor.statement.RoutingStatementHandler.prepare(RoutingStatementHandler.java:60)
	at org.apache.ibatis.executor.SimpleExecutor.prepareStatement(SimpleExecutor.java:90)
	at org.apache.ibatis.executor.SimpleExecutor.doUpdate(SimpleExecutor.java:49)
	at org.apache.ibatis.executor.BaseExecutor.update(BaseExecutor.java:117)
	at org.apache.ibatis.executor.CachingExecutor.update(CachingExecutor.java:76)
	at org.apache.ibatis.session.defaults.DefaultSqlSession.update(DefaultSqlSession.java:197)
	... 7 common frames omitted
[ERROR] 25-04-22 17:26:39 [sqlonly:144] - 1. Connection.prepareStatement(DELETE FROME subjects  WHERE department_id={departmentId} OR professor_id IN ( SELECT id FROM professors WHERE department_id={departmentId})) DELETE FROME subjects  WHERE department_id={departmentId} OR professor_id IN ( SELECT id FROM professors WHERE department_id={departmentId})

java.sql.SQLException: unknown escape sequence {departmentId}
	at org.mariadb.jdbc.util.NativeSql.resolveEscapes(NativeSql.java:192)
	at org.mariadb.jdbc.util.NativeSql.parse(NativeSql.java:121)
	at org.mariadb.jdbc.Connection.prepareInternal(Connection.java:179)
	at org.mariadb.jdbc.Connection.prepareStatement(Connection.java:137)
	at net.sf.log4jdbc.sql.jdbcapi.ConnectionSpy.prepareStatement(ConnectionSpy.java:475)
	at java.base/jdk.internal.reflect.NativeMethodAccessorImpl.invoke0(Native Method)
	at java.base/jdk.internal.reflect.NativeMethodAccessorImpl.invoke(NativeMethodAccessorImpl.java:77)
	at java.base/jdk.internal.reflect.DelegatingMethodAccessorImpl.invoke(DelegatingMethodAccessorImpl.java:43)
	at java.base/java.lang.reflect.Method.invoke(Method.java:568)
	at org.apache.ibatis.datasource.pooled.PooledConnection.invoke(PooledConnection.java:258)
	at jdk.proxy3/jdk.proxy3.$Proxy17.prepareStatement(Unknown Source)
	at java.base/jdk.internal.reflect.NativeMethodAccessorImpl.invoke0(Native Method)
	at java.base/jdk.internal.reflect.NativeMethodAccessorImpl.invoke(NativeMethodAccessorImpl.java:77)
	at java.base/jdk.internal.reflect.DelegatingMethodAccessorImpl.invoke(DelegatingMethodAccessorImpl.java:43)
	at java.base/java.lang.reflect.Method.invoke(Method.java:568)
	at org.apache.ibatis.logging.jdbc.ConnectionLogger.invoke(ConnectionLogger.java:53)
	at jdk.proxy3/jdk.proxy3.$Proxy17.prepareStatement(Unknown Source)
	at org.apache.ibatis.executor.statement.PreparedStatementHandler.instantiateStatement(PreparedStatementHandler.java:88)
	at org.apache.ibatis.executor.statement.BaseStatementHandler.prepare(BaseStatementHandler.java:90)
	at org.apache.ibatis.executor.statement.RoutingStatementHandler.prepare(RoutingStatementHandler.java:60)
	at org.apache.ibatis.executor.SimpleExecutor.prepareStatement(SimpleExecutor.java:90)
	at org.apache.ibatis.executor.SimpleExecutor.doUpdate(SimpleExecutor.java:49)
	at org.apache.ibatis.executor.BaseExecutor.update(BaseExecutor.java:117)
	at org.apache.ibatis.executor.CachingExecutor.update(CachingExecutor.java:76)
	at org.apache.ibatis.session.defaults.DefaultSqlSession.update(DefaultSqlSession.java:197)
	at org.apache.ibatis.session.defaults.DefaultSqlSession.delete(DefaultSqlSession.java:212)
	at org.apache.ibatis.binding.MapperMethod.execute(MapperMethod.java:72)
	at org.apache.ibatis.binding.MapperProxy$PlainMethodInvoker.invoke(MapperProxy.java:141)
	at org.apache.ibatis.binding.MapperProxy.invoke(MapperProxy.java:86)
	at jdk.proxy2/jdk.proxy2.$Proxy16.deleteByProfessorId(Unknown Source)
	at kr.yjh.services.impl.DepartmentServiceimpl.deleteItem(DepartmentServiceimpl.java:127)
	at kr.yjh.mybatis.App14.main(App14.java:34)
[ERROR] 25-04-22 17:26:39 [App14:39] - 처리된 데이터 실패 >> SQL문을 확인하세요
org.apache.ibatis.exceptions.PersistenceException: 
### Error updating database.  Cause: java.sql.SQLException: unknown escape sequence {departmentId}
### The error may exist in kr/yjh/mappers/SubjectMapper.java (best guess)
### The error may involve kr.yjh.mappers.SubjectMapper.deleteByProfessorId
### The error occurred while executing an update
### SQL: DELETE FROME subjects  WHERE department_id={departmentId} OR professor_id IN ( SELECT id FROM professors WHERE department_id={departmentId})
### Cause: java.sql.SQLException: unknown escape sequence {departmentId}
	at org.apache.ibatis.exceptions.ExceptionFactory.wrapException(ExceptionFactory.java:30)
	at org.apache.ibatis.session.defaults.DefaultSqlSession.update(DefaultSqlSession.java:199)
	at org.apache.ibatis.session.defaults.DefaultSqlSession.delete(DefaultSqlSession.java:212)
	at org.apache.ibatis.binding.MapperMethod.execute(MapperMethod.java:72)
	at org.apache.ibatis.binding.MapperProxy$PlainMethodInvoker.invoke(MapperProxy.java:141)
	at org.apache.ibatis.binding.MapperProxy.invoke(MapperProxy.java:86)
	at jdk.proxy2/jdk.proxy2.$Proxy16.deleteByProfessorId(Unknown Source)
	at kr.yjh.services.impl.DepartmentServiceimpl.deleteItem(DepartmentServiceimpl.java:127)
	at kr.yjh.mybatis.App14.main(App14.java:34)
Caused by: java.sql.SQLException: unknown escape sequence {departmentId}
	at org.mariadb.jdbc.util.NativeSql.resolveEscapes(NativeSql.java:192)
	at org.mariadb.jdbc.util.NativeSql.parse(NativeSql.java:121)
	at org.mariadb.jdbc.Connection.prepareInternal(Connection.java:179)
	at org.mariadb.jdbc.Connection.prepareStatement(Connection.java:137)
	at net.sf.log4jdbc.sql.jdbcapi.ConnectionSpy.prepareStatement(ConnectionSpy.java:475)
	at java.base/jdk.internal.reflect.NativeMethodAccessorImpl.invoke0(Native Method)
	at java.base/jdk.internal.reflect.NativeMethodAccessorImpl.invoke(NativeMethodAccessorImpl.java:77)
	at java.base/jdk.internal.reflect.DelegatingMethodAccessorImpl.invoke(DelegatingMethodAccessorImpl.java:43)
	at java.base/java.lang.reflect.Method.invoke(Method.java:568)
	at org.apache.ibatis.datasource.pooled.PooledConnection.invoke(PooledConnection.java:258)
	at jdk.proxy3/jdk.proxy3.$Proxy17.prepareStatement(Unknown Source)
	at java.base/jdk.internal.reflect.NativeMethodAccessorImpl.invoke0(Native Method)
	at java.base/jdk.internal.reflect.NativeMethodAccessorImpl.invoke(NativeMethodAccessorImpl.java:77)
	at java.base/jdk.internal.reflect.DelegatingMethodAccessorImpl.invoke(DelegatingMethodAccessorImpl.java:43)
	at java.base/java.lang.reflect.Method.invoke(Method.java:568)
	at org.apache.ibatis.logging.jdbc.ConnectionLogger.invoke(ConnectionLogger.java:53)
	at jdk.proxy3/jdk.proxy3.$Proxy17.prepareStatement(Unknown Source)
	at org.apache.ibatis.executor.statement.PreparedStatementHandler.instantiateStatement(PreparedStatementHandler.java:88)
	at org.apache.ibatis.executor.statement.BaseStatementHandler.prepare(BaseStatementHandler.java:90)
	at org.apache.ibatis.executor.statement.RoutingStatementHandler.prepare(RoutingStatementHandler.java:60)
	at org.apache.ibatis.executor.SimpleExecutor.prepareStatement(SimpleExecutor.java:90)
	at org.apache.ibatis.executor.SimpleExecutor.doUpdate(SimpleExecutor.java:49)
	at org.apache.ibatis.executor.BaseExecutor.update(BaseExecutor.java:117)
	at org.apache.ibatis.executor.CachingExecutor.update(CachingExecutor.java:76)
	at org.apache.ibatis.session.defaults.DefaultSqlSession.update(DefaultSqlSession.java:197)
	... 7 common frames omitted
[ERROR] 25-04-22 17:27:56 [sqlonly:144] - 1. Connection.prepareStatement(DELETE FROM subjects  WHERE department_id={departmentId} OR professor_id IN ( SELECT id FROM professors WHERE department_id={departmentId})) DELETE FROM subjects  WHERE department_id={departmentId} OR professor_id IN ( SELECT id FROM professors WHERE department_id={departmentId})

java.sql.SQLException: unknown escape sequence {departmentId}
	at org.mariadb.jdbc.util.NativeSql.resolveEscapes(NativeSql.java:192)
	at org.mariadb.jdbc.util.NativeSql.parse(NativeSql.java:121)
	at org.mariadb.jdbc.Connection.prepareInternal(Connection.java:179)
	at org.mariadb.jdbc.Connection.prepareStatement(Connection.java:137)
	at net.sf.log4jdbc.sql.jdbcapi.ConnectionSpy.prepareStatement(ConnectionSpy.java:475)
	at java.base/jdk.internal.reflect.NativeMethodAccessorImpl.invoke0(Native Method)
	at java.base/jdk.internal.reflect.NativeMethodAccessorImpl.invoke(NativeMethodAccessorImpl.java:77)
	at java.base/jdk.internal.reflect.DelegatingMethodAccessorImpl.invoke(DelegatingMethodAccessorImpl.java:43)
	at java.base/java.lang.reflect.Method.invoke(Method.java:568)
	at org.apache.ibatis.datasource.pooled.PooledConnection.invoke(PooledConnection.java:258)
	at jdk.proxy3/jdk.proxy3.$Proxy17.prepareStatement(Unknown Source)
	at java.base/jdk.internal.reflect.NativeMethodAccessorImpl.invoke0(Native Method)
	at java.base/jdk.internal.reflect.NativeMethodAccessorImpl.invoke(NativeMethodAccessorImpl.java:77)
	at java.base/jdk.internal.reflect.DelegatingMethodAccessorImpl.invoke(DelegatingMethodAccessorImpl.java:43)
	at java.base/java.lang.reflect.Method.invoke(Method.java:568)
	at org.apache.ibatis.logging.jdbc.ConnectionLogger.invoke(ConnectionLogger.java:53)
	at jdk.proxy3/jdk.proxy3.$Proxy17.prepareStatement(Unknown Source)
	at org.apache.ibatis.executor.statement.PreparedStatementHandler.instantiateStatement(PreparedStatementHandler.java:88)
	at org.apache.ibatis.executor.statement.BaseStatementHandler.prepare(BaseStatementHandler.java:90)
	at org.apache.ibatis.executor.statement.RoutingStatementHandler.prepare(RoutingStatementHandler.java:60)
	at org.apache.ibatis.executor.SimpleExecutor.prepareStatement(SimpleExecutor.java:90)
	at org.apache.ibatis.executor.SimpleExecutor.doUpdate(SimpleExecutor.java:49)
	at org.apache.ibatis.executor.BaseExecutor.update(BaseExecutor.java:117)
	at org.apache.ibatis.executor.CachingExecutor.update(CachingExecutor.java:76)
	at org.apache.ibatis.session.defaults.DefaultSqlSession.update(DefaultSqlSession.java:197)
	at org.apache.ibatis.session.defaults.DefaultSqlSession.delete(DefaultSqlSession.java:212)
	at org.apache.ibatis.binding.MapperMethod.execute(MapperMethod.java:72)
	at org.apache.ibatis.binding.MapperProxy$PlainMethodInvoker.invoke(MapperProxy.java:141)
	at org.apache.ibatis.binding.MapperProxy.invoke(MapperProxy.java:86)
	at jdk.proxy2/jdk.proxy2.$Proxy16.deleteByProfessorId(Unknown Source)
	at kr.yjh.services.impl.DepartmentServiceimpl.deleteItem(DepartmentServiceimpl.java:127)
	at kr.yjh.mybatis.App14.main(App14.java:34)
[ERROR] 25-04-22 17:27:56 [App14:39] - 처리된 데이터 실패 >> SQL문을 확인하세요
org.apache.ibatis.exceptions.PersistenceException: 
### Error updating database.  Cause: java.sql.SQLException: unknown escape sequence {departmentId}
### The error may exist in kr/yjh/mappers/SubjectMapper.java (best guess)
### The error may involve kr.yjh.mappers.SubjectMapper.deleteByProfessorId
### The error occurred while executing an update
### SQL: DELETE FROM subjects  WHERE department_id={departmentId} OR professor_id IN ( SELECT id FROM professors WHERE department_id={departmentId})
### Cause: java.sql.SQLException: unknown escape sequence {departmentId}
	at org.apache.ibatis.exceptions.ExceptionFactory.wrapException(ExceptionFactory.java:30)
	at org.apache.ibatis.session.defaults.DefaultSqlSession.update(DefaultSqlSession.java:199)
	at org.apache.ibatis.session.defaults.DefaultSqlSession.delete(DefaultSqlSession.java:212)
	at org.apache.ibatis.binding.MapperMethod.execute(MapperMethod.java:72)
	at org.apache.ibatis.binding.MapperProxy$PlainMethodInvoker.invoke(MapperProxy.java:141)
	at org.apache.ibatis.binding.MapperProxy.invoke(MapperProxy.java:86)
	at jdk.proxy2/jdk.proxy2.$Proxy16.deleteByProfessorId(Unknown Source)
	at kr.yjh.services.impl.DepartmentServiceimpl.deleteItem(DepartmentServiceimpl.java:127)
	at kr.yjh.mybatis.App14.main(App14.java:34)
Caused by: java.sql.SQLException: unknown escape sequence {departmentId}
	at org.mariadb.jdbc.util.NativeSql.resolveEscapes(NativeSql.java:192)
	at org.mariadb.jdbc.util.NativeSql.parse(NativeSql.java:121)
	at org.mariadb.jdbc.Connection.prepareInternal(Connection.java:179)
	at org.mariadb.jdbc.Connection.prepareStatement(Connection.java:137)
	at net.sf.log4jdbc.sql.jdbcapi.ConnectionSpy.prepareStatement(ConnectionSpy.java:475)
	at java.base/jdk.internal.reflect.NativeMethodAccessorImpl.invoke0(Native Method)
	at java.base/jdk.internal.reflect.NativeMethodAccessorImpl.invoke(NativeMethodAccessorImpl.java:77)
	at java.base/jdk.internal.reflect.DelegatingMethodAccessorImpl.invoke(DelegatingMethodAccessorImpl.java:43)
	at java.base/java.lang.reflect.Method.invoke(Method.java:568)
	at org.apache.ibatis.datasource.pooled.PooledConnection.invoke(PooledConnection.java:258)
	at jdk.proxy3/jdk.proxy3.$Proxy17.prepareStatement(Unknown Source)
	at java.base/jdk.internal.reflect.NativeMethodAccessorImpl.invoke0(Native Method)
	at java.base/jdk.internal.reflect.NativeMethodAccessorImpl.invoke(NativeMethodAccessorImpl.java:77)
	at java.base/jdk.internal.reflect.DelegatingMethodAccessorImpl.invoke(DelegatingMethodAccessorImpl.java:43)
	at java.base/java.lang.reflect.Method.invoke(Method.java:568)
	at org.apache.ibatis.logging.jdbc.ConnectionLogger.invoke(ConnectionLogger.java:53)
	at jdk.proxy3/jdk.proxy3.$Proxy17.prepareStatement(Unknown Source)
	at org.apache.ibatis.executor.statement.PreparedStatementHandler.instantiateStatement(PreparedStatementHandler.java:88)
	at org.apache.ibatis.executor.statement.BaseStatementHandler.prepare(BaseStatementHandler.java:90)
	at org.apache.ibatis.executor.statement.RoutingStatementHandler.prepare(RoutingStatementHandler.java:60)
	at org.apache.ibatis.executor.SimpleExecutor.prepareStatement(SimpleExecutor.java:90)
	at org.apache.ibatis.executor.SimpleExecutor.doUpdate(SimpleExecutor.java:49)
	at org.apache.ibatis.executor.BaseExecutor.update(BaseExecutor.java:117)
	at org.apache.ibatis.executor.CachingExecutor.update(CachingExecutor.java:76)
	at org.apache.ibatis.session.defaults.DefaultSqlSession.update(DefaultSqlSession.java:197)
	... 7 common frames omitted
[ERROR] 25-04-22 17:30:18 [sqlonly:144] - 1. PreparedStatement.execute() DELETE FROM subjects  WHERE department_id=102 OR professor_id IN ( SELECT id FROM professors WHERE department_id=102)

java.sql.SQLIntegrityConstraintViolationException: (conn=103) Cannot delete or update a parent row: a foreign key constraint fails (`myschool`.`enrollments`, CONSTRAINT `enrollments_ibfk_2` FOREIGN KEY (`subject_id`) REFERENCES `subjects` (`id`))
	at org.mariadb.jdbc.export.ExceptionFactory.createException(ExceptionFactory.java:297)
	at org.mariadb.jdbc.export.ExceptionFactory.create(ExceptionFactory.java:378)
	at org.mariadb.jdbc.message.ClientMessage.readPacket(ClientMessage.java:187)
	at org.mariadb.jdbc.client.impl.StandardClient.readPacket(StandardClient.java:1364)
	at org.mariadb.jdbc.client.impl.StandardClient.readResults(StandardClient.java:1303)
	at org.mariadb.jdbc.client.impl.StandardClient.readResponse(StandardClient.java:1222)
	at org.mariadb.jdbc.client.impl.StandardClient.execute(StandardClient.java:1146)
	at org.mariadb.jdbc.ClientPreparedStatement.executeInternal(ClientPreparedStatement.java:87)
	at org.mariadb.jdbc.ClientPreparedStatement.execute(ClientPreparedStatement.java:232)
	at net.sf.log4jdbc.sql.jdbcapi.PreparedStatementSpy.execute(PreparedStatementSpy.java:443)
	at java.base/jdk.internal.reflect.NativeMethodAccessorImpl.invoke0(Native Method)
	at java.base/jdk.internal.reflect.NativeMethodAccessorImpl.invoke(NativeMethodAccessorImpl.java:77)
	at java.base/jdk.internal.reflect.DelegatingMethodAccessorImpl.invoke(DelegatingMethodAccessorImpl.java:43)
	at java.base/java.lang.reflect.Method.invoke(Method.java:568)
	at org.apache.ibatis.logging.jdbc.PreparedStatementLogger.invoke(PreparedStatementLogger.java:58)
	at jdk.proxy3/jdk.proxy3.$Proxy18.execute(Unknown Source)
	at org.apache.ibatis.executor.statement.PreparedStatementHandler.update(PreparedStatementHandler.java:48)
	at org.apache.ibatis.executor.statement.RoutingStatementHandler.update(RoutingStatementHandler.java:75)
	at org.apache.ibatis.executor.SimpleExecutor.doUpdate(SimpleExecutor.java:50)
	at org.apache.ibatis.executor.BaseExecutor.update(BaseExecutor.java:117)
	at org.apache.ibatis.executor.CachingExecutor.update(CachingExecutor.java:76)
	at org.apache.ibatis.session.defaults.DefaultSqlSession.update(DefaultSqlSession.java:197)
	at org.apache.ibatis.session.defaults.DefaultSqlSession.delete(DefaultSqlSession.java:212)
	at org.apache.ibatis.binding.MapperMethod.execute(MapperMethod.java:72)
	at org.apache.ibatis.binding.MapperProxy$PlainMethodInvoker.invoke(MapperProxy.java:141)
	at org.apache.ibatis.binding.MapperProxy.invoke(MapperProxy.java:86)
	at jdk.proxy2/jdk.proxy2.$Proxy16.deleteByProfessorId(Unknown Source)
	at kr.yjh.services.impl.DepartmentServiceimpl.deleteItem(DepartmentServiceimpl.java:127)
	at kr.yjh.mybatis.App14.main(App14.java:34)
[ERROR] 25-04-22 17:30:18 [App14:39] - 처리된 데이터 실패 >> SQL문을 확인하세요
org.apache.ibatis.exceptions.PersistenceException: 
### Error updating database.  Cause: java.sql.SQLIntegrityConstraintViolationException: (conn=103) Cannot delete or update a parent row: a foreign key constraint fails (`myschool`.`enrollments`, CONSTRAINT `enrollments_ibfk_2` FOREIGN KEY (`subject_id`) REFERENCES `subjects` (`id`))
### The error may exist in kr/yjh/mappers/SubjectMapper.java (best guess)
### The error may involve kr.yjh.mappers.SubjectMapper.deleteByProfessorId-Inline
### The error occurred while setting parameters
### SQL: DELETE FROM subjects  WHERE department_id=? OR professor_id IN ( SELECT id FROM professors WHERE department_id=?)
### Cause: java.sql.SQLIntegrityConstraintViolationException: (conn=103) Cannot delete or update a parent row: a foreign key constraint fails (`myschool`.`enrollments`, CONSTRAINT `enrollments_ibfk_2` FOREIGN KEY (`subject_id`) REFERENCES `subjects` (`id`))
	at org.apache.ibatis.exceptions.ExceptionFactory.wrapException(ExceptionFactory.java:30)
	at org.apache.ibatis.session.defaults.DefaultSqlSession.update(DefaultSqlSession.java:199)
	at org.apache.ibatis.session.defaults.DefaultSqlSession.delete(DefaultSqlSession.java:212)
	at org.apache.ibatis.binding.MapperMethod.execute(MapperMethod.java:72)
	at org.apache.ibatis.binding.MapperProxy$PlainMethodInvoker.invoke(MapperProxy.java:141)
	at org.apache.ibatis.binding.MapperProxy.invoke(MapperProxy.java:86)
	at jdk.proxy2/jdk.proxy2.$Proxy16.deleteByProfessorId(Unknown Source)
	at kr.yjh.services.impl.DepartmentServiceimpl.deleteItem(DepartmentServiceimpl.java:127)
	at kr.yjh.mybatis.App14.main(App14.java:34)
Caused by: java.sql.SQLIntegrityConstraintViolationException: (conn=103) Cannot delete or update a parent row: a foreign key constraint fails (`myschool`.`enrollments`, CONSTRAINT `enrollments_ibfk_2` FOREIGN KEY (`subject_id`) REFERENCES `subjects` (`id`))
	at org.mariadb.jdbc.export.ExceptionFactory.createException(ExceptionFactory.java:297)
	at org.mariadb.jdbc.export.ExceptionFactory.create(ExceptionFactory.java:378)
	at org.mariadb.jdbc.message.ClientMessage.readPacket(ClientMessage.java:187)
	at org.mariadb.jdbc.client.impl.StandardClient.readPacket(StandardClient.java:1364)
	at org.mariadb.jdbc.client.impl.StandardClient.readResults(StandardClient.java:1303)
	at org.mariadb.jdbc.client.impl.StandardClient.readResponse(StandardClient.java:1222)
	at org.mariadb.jdbc.client.impl.StandardClient.execute(StandardClient.java:1146)
	at org.mariadb.jdbc.ClientPreparedStatement.executeInternal(ClientPreparedStatement.java:87)
	at org.mariadb.jdbc.ClientPreparedStatement.execute(ClientPreparedStatement.java:232)
	at net.sf.log4jdbc.sql.jdbcapi.PreparedStatementSpy.execute(PreparedStatementSpy.java:443)
	at java.base/jdk.internal.reflect.NativeMethodAccessorImpl.invoke0(Native Method)
	at java.base/jdk.internal.reflect.NativeMethodAccessorImpl.invoke(NativeMethodAccessorImpl.java:77)
	at java.base/jdk.internal.reflect.DelegatingMethodAccessorImpl.invoke(DelegatingMethodAccessorImpl.java:43)
	at java.base/java.lang.reflect.Method.invoke(Method.java:568)
	at org.apache.ibatis.logging.jdbc.PreparedStatementLogger.invoke(PreparedStatementLogger.java:58)
	at jdk.proxy3/jdk.proxy3.$Proxy18.execute(Unknown Source)
	at org.apache.ibatis.executor.statement.PreparedStatementHandler.update(PreparedStatementHandler.java:48)
	at org.apache.ibatis.executor.statement.RoutingStatementHandler.update(RoutingStatementHandler.java:75)
	at org.apache.ibatis.executor.SimpleExecutor.doUpdate(SimpleExecutor.java:50)
	at org.apache.ibatis.executor.BaseExecutor.update(BaseExecutor.java:117)
	at org.apache.ibatis.executor.CachingExecutor.update(CachingExecutor.java:76)
	at org.apache.ibatis.session.defaults.DefaultSqlSession.update(DefaultSqlSession.java:197)
	... 7 common frames omitted
[ERROR] 25-04-22 17:32:03 [sqlonly:144] - 1. PreparedStatement.execute() DELETE FROM subjects  WHERE department_id=102 OR professor_id IN ( SELECT id FROM professors WHERE department_id=102)

java.sql.SQLIntegrityConstraintViolationException: (conn=104) Cannot delete or update a parent row: a foreign key constraint fails (`myschool`.`enrollments`, CONSTRAINT `enrollments_ibfk_2` FOREIGN KEY (`subject_id`) REFERENCES `subjects` (`id`))
	at org.mariadb.jdbc.export.ExceptionFactory.createException(ExceptionFactory.java:297)
	at org.mariadb.jdbc.export.ExceptionFactory.create(ExceptionFactory.java:378)
	at org.mariadb.jdbc.message.ClientMessage.readPacket(ClientMessage.java:187)
	at org.mariadb.jdbc.client.impl.StandardClient.readPacket(StandardClient.java:1364)
	at org.mariadb.jdbc.client.impl.StandardClient.readResults(StandardClient.java:1303)
	at org.mariadb.jdbc.client.impl.StandardClient.readResponse(StandardClient.java:1222)
	at org.mariadb.jdbc.client.impl.StandardClient.execute(StandardClient.java:1146)
	at org.mariadb.jdbc.ClientPreparedStatement.executeInternal(ClientPreparedStatement.java:87)
	at org.mariadb.jdbc.ClientPreparedStatement.execute(ClientPreparedStatement.java:232)
	at net.sf.log4jdbc.sql.jdbcapi.PreparedStatementSpy.execute(PreparedStatementSpy.java:443)
	at java.base/jdk.internal.reflect.NativeMethodAccessorImpl.invoke0(Native Method)
	at java.base/jdk.internal.reflect.NativeMethodAccessorImpl.invoke(NativeMethodAccessorImpl.java:77)
	at java.base/jdk.internal.reflect.DelegatingMethodAccessorImpl.invoke(DelegatingMethodAccessorImpl.java:43)
	at java.base/java.lang.reflect.Method.invoke(Method.java:568)
	at org.apache.ibatis.logging.jdbc.PreparedStatementLogger.invoke(PreparedStatementLogger.java:58)
	at jdk.proxy3/jdk.proxy3.$Proxy18.execute(Unknown Source)
	at org.apache.ibatis.executor.statement.PreparedStatementHandler.update(PreparedStatementHandler.java:48)
	at org.apache.ibatis.executor.statement.RoutingStatementHandler.update(RoutingStatementHandler.java:75)
	at org.apache.ibatis.executor.SimpleExecutor.doUpdate(SimpleExecutor.java:50)
	at org.apache.ibatis.executor.BaseExecutor.update(BaseExecutor.java:117)
	at org.apache.ibatis.executor.CachingExecutor.update(CachingExecutor.java:76)
	at org.apache.ibatis.session.defaults.DefaultSqlSession.update(DefaultSqlSession.java:197)
	at org.apache.ibatis.session.defaults.DefaultSqlSession.delete(DefaultSqlSession.java:212)
	at org.apache.ibatis.binding.MapperMethod.execute(MapperMethod.java:72)
	at org.apache.ibatis.binding.MapperProxy$PlainMethodInvoker.invoke(MapperProxy.java:141)
	at org.apache.ibatis.binding.MapperProxy.invoke(MapperProxy.java:86)
	at jdk.proxy2/jdk.proxy2.$Proxy16.deleteByProfessorId(Unknown Source)
	at kr.yjh.services.impl.DepartmentServiceimpl.deleteItem(DepartmentServiceimpl.java:127)
	at kr.yjh.mybatis.App14.main(App14.java:34)
[ERROR] 25-04-22 17:32:03 [App14:39] - 처리된 데이터 실패 >> SQL문을 확인하세요
org.apache.ibatis.exceptions.PersistenceException: 
### Error updating database.  Cause: java.sql.SQLIntegrityConstraintViolationException: (conn=104) Cannot delete or update a parent row: a foreign key constraint fails (`myschool`.`enrollments`, CONSTRAINT `enrollments_ibfk_2` FOREIGN KEY (`subject_id`) REFERENCES `subjects` (`id`))
### The error may exist in kr/yjh/mappers/SubjectMapper.java (best guess)
### The error may involve kr.yjh.mappers.SubjectMapper.deleteByProfessorId-Inline
### The error occurred while setting parameters
### SQL: DELETE FROM subjects  WHERE department_id=? OR professor_id IN ( SELECT id FROM professors WHERE department_id=?)
### Cause: java.sql.SQLIntegrityConstraintViolationException: (conn=104) Cannot delete or update a parent row: a foreign key constraint fails (`myschool`.`enrollments`, CONSTRAINT `enrollments_ibfk_2` FOREIGN KEY (`subject_id`) REFERENCES `subjects` (`id`))
	at org.apache.ibatis.exceptions.ExceptionFactory.wrapException(ExceptionFactory.java:30)
	at org.apache.ibatis.session.defaults.DefaultSqlSession.update(DefaultSqlSession.java:199)
	at org.apache.ibatis.session.defaults.DefaultSqlSession.delete(DefaultSqlSession.java:212)
	at org.apache.ibatis.binding.MapperMethod.execute(MapperMethod.java:72)
	at org.apache.ibatis.binding.MapperProxy$PlainMethodInvoker.invoke(MapperProxy.java:141)
	at org.apache.ibatis.binding.MapperProxy.invoke(MapperProxy.java:86)
	at jdk.proxy2/jdk.proxy2.$Proxy16.deleteByProfessorId(Unknown Source)
	at kr.yjh.services.impl.DepartmentServiceimpl.deleteItem(DepartmentServiceimpl.java:127)
	at kr.yjh.mybatis.App14.main(App14.java:34)
Caused by: java.sql.SQLIntegrityConstraintViolationException: (conn=104) Cannot delete or update a parent row: a foreign key constraint fails (`myschool`.`enrollments`, CONSTRAINT `enrollments_ibfk_2` FOREIGN KEY (`subject_id`) REFERENCES `subjects` (`id`))
	at org.mariadb.jdbc.export.ExceptionFactory.createException(ExceptionFactory.java:297)
	at org.mariadb.jdbc.export.ExceptionFactory.create(ExceptionFactory.java:378)
	at org.mariadb.jdbc.message.ClientMessage.readPacket(ClientMessage.java:187)
	at org.mariadb.jdbc.client.impl.StandardClient.readPacket(StandardClient.java:1364)
	at org.mariadb.jdbc.client.impl.StandardClient.readResults(StandardClient.java:1303)
	at org.mariadb.jdbc.client.impl.StandardClient.readResponse(StandardClient.java:1222)
	at org.mariadb.jdbc.client.impl.StandardClient.execute(StandardClient.java:1146)
	at org.mariadb.jdbc.ClientPreparedStatement.executeInternal(ClientPreparedStatement.java:87)
	at org.mariadb.jdbc.ClientPreparedStatement.execute(ClientPreparedStatement.java:232)
	at net.sf.log4jdbc.sql.jdbcapi.PreparedStatementSpy.execute(PreparedStatementSpy.java:443)
	at java.base/jdk.internal.reflect.NativeMethodAccessorImpl.invoke0(Native Method)
	at java.base/jdk.internal.reflect.NativeMethodAccessorImpl.invoke(NativeMethodAccessorImpl.java:77)
	at java.base/jdk.internal.reflect.DelegatingMethodAccessorImpl.invoke(DelegatingMethodAccessorImpl.java:43)
	at java.base/java.lang.reflect.Method.invoke(Method.java:568)
	at org.apache.ibatis.logging.jdbc.PreparedStatementLogger.invoke(PreparedStatementLogger.java:58)
	at jdk.proxy3/jdk.proxy3.$Proxy18.execute(Unknown Source)
	at org.apache.ibatis.executor.statement.PreparedStatementHandler.update(PreparedStatementHandler.java:48)
	at org.apache.ibatis.executor.statement.RoutingStatementHandler.update(RoutingStatementHandler.java:75)
	at org.apache.ibatis.executor.SimpleExecutor.doUpdate(SimpleExecutor.java:50)
	at org.apache.ibatis.executor.BaseExecutor.update(BaseExecutor.java:117)
	at org.apache.ibatis.executor.CachingExecutor.update(CachingExecutor.java:76)
	at org.apache.ibatis.session.defaults.DefaultSqlSession.update(DefaultSqlSession.java:197)
	... 7 common frames omitted
[ERROR] 25-04-22 17:48:41 [sqlonly:144] - 1. PreparedStatement.execute() DELETE FROM subjects  WHERE department_id=102 OR professor_id IN ( SELECT id FROM professors WHERE department_id=102)

java.sql.SQLIntegrityConstraintViolationException: (conn=105) Cannot delete or update a parent row: a foreign key constraint fails (`myschool`.`enrollments`, CONSTRAINT `enrollments_ibfk_2` FOREIGN KEY (`subject_id`) REFERENCES `subjects` (`id`))
	at org.mariadb.jdbc.export.ExceptionFactory.createException(ExceptionFactory.java:297)
	at org.mariadb.jdbc.export.ExceptionFactory.create(ExceptionFactory.java:378)
	at org.mariadb.jdbc.message.ClientMessage.readPacket(ClientMessage.java:187)
	at org.mariadb.jdbc.client.impl.StandardClient.readPacket(StandardClient.java:1364)
	at org.mariadb.jdbc.client.impl.StandardClient.readResults(StandardClient.java:1303)
	at org.mariadb.jdbc.client.impl.StandardClient.readResponse(StandardClient.java:1222)
	at org.mariadb.jdbc.client.impl.StandardClient.execute(StandardClient.java:1146)
	at org.mariadb.jdbc.ClientPreparedStatement.executeInternal(ClientPreparedStatement.java:87)
	at org.mariadb.jdbc.ClientPreparedStatement.execute(ClientPreparedStatement.java:232)
	at net.sf.log4jdbc.sql.jdbcapi.PreparedStatementSpy.execute(PreparedStatementSpy.java:443)
	at java.base/jdk.internal.reflect.NativeMethodAccessorImpl.invoke0(Native Method)
	at java.base/jdk.internal.reflect.NativeMethodAccessorImpl.invoke(NativeMethodAccessorImpl.java:77)
	at java.base/jdk.internal.reflect.DelegatingMethodAccessorImpl.invoke(DelegatingMethodAccessorImpl.java:43)
	at java.base/java.lang.reflect.Method.invoke(Method.java:568)
	at org.apache.ibatis.logging.jdbc.PreparedStatementLogger.invoke(PreparedStatementLogger.java:58)
	at jdk.proxy3/jdk.proxy3.$Proxy18.execute(Unknown Source)
	at org.apache.ibatis.executor.statement.PreparedStatementHandler.update(PreparedStatementHandler.java:48)
	at org.apache.ibatis.executor.statement.RoutingStatementHandler.update(RoutingStatementHandler.java:75)
	at org.apache.ibatis.executor.SimpleExecutor.doUpdate(SimpleExecutor.java:50)
	at org.apache.ibatis.executor.BaseExecutor.update(BaseExecutor.java:117)
	at org.apache.ibatis.executor.CachingExecutor.update(CachingExecutor.java:76)
	at org.apache.ibatis.session.defaults.DefaultSqlSession.update(DefaultSqlSession.java:197)
	at org.apache.ibatis.session.defaults.DefaultSqlSession.delete(DefaultSqlSession.java:212)
	at org.apache.ibatis.binding.MapperMethod.execute(MapperMethod.java:72)
	at org.apache.ibatis.binding.MapperProxy$PlainMethodInvoker.invoke(MapperProxy.java:141)
	at org.apache.ibatis.binding.MapperProxy.invoke(MapperProxy.java:86)
	at jdk.proxy2/jdk.proxy2.$Proxy16.deleteByProfessorId(Unknown Source)
	at kr.yjh.services.impl.DepartmentServiceimpl.deleteItem(DepartmentServiceimpl.java:127)
	at kr.yjh.mybatis.App14.main(App14.java:34)
[ERROR] 25-04-22 17:48:41 [App14:39] - 처리된 데이터 실패 >> SQL문을 확인하세요
org.apache.ibatis.exceptions.PersistenceException: 
### Error updating database.  Cause: java.sql.SQLIntegrityConstraintViolationException: (conn=105) Cannot delete or update a parent row: a foreign key constraint fails (`myschool`.`enrollments`, CONSTRAINT `enrollments_ibfk_2` FOREIGN KEY (`subject_id`) REFERENCES `subjects` (`id`))
### The error may exist in kr/yjh/mappers/SubjectMapper.java (best guess)
### The error may involve kr.yjh.mappers.SubjectMapper.deleteByProfessorId-Inline
### The error occurred while setting parameters
### SQL: DELETE FROM subjects  WHERE department_id=? OR professor_id IN ( SELECT id FROM professors WHERE department_id=?)
### Cause: java.sql.SQLIntegrityConstraintViolationException: (conn=105) Cannot delete or update a parent row: a foreign key constraint fails (`myschool`.`enrollments`, CONSTRAINT `enrollments_ibfk_2` FOREIGN KEY (`subject_id`) REFERENCES `subjects` (`id`))
	at org.apache.ibatis.exceptions.ExceptionFactory.wrapException(ExceptionFactory.java:30)
	at org.apache.ibatis.session.defaults.DefaultSqlSession.update(DefaultSqlSession.java:199)
	at org.apache.ibatis.session.defaults.DefaultSqlSession.delete(DefaultSqlSession.java:212)
	at org.apache.ibatis.binding.MapperMethod.execute(MapperMethod.java:72)
	at org.apache.ibatis.binding.MapperProxy$PlainMethodInvoker.invoke(MapperProxy.java:141)
	at org.apache.ibatis.binding.MapperProxy.invoke(MapperProxy.java:86)
	at jdk.proxy2/jdk.proxy2.$Proxy16.deleteByProfessorId(Unknown Source)
	at kr.yjh.services.impl.DepartmentServiceimpl.deleteItem(DepartmentServiceimpl.java:127)
	at kr.yjh.mybatis.App14.main(App14.java:34)
Caused by: java.sql.SQLIntegrityConstraintViolationException: (conn=105) Cannot delete or update a parent row: a foreign key constraint fails (`myschool`.`enrollments`, CONSTRAINT `enrollments_ibfk_2` FOREIGN KEY (`subject_id`) REFERENCES `subjects` (`id`))
	at org.mariadb.jdbc.export.ExceptionFactory.createException(ExceptionFactory.java:297)
	at org.mariadb.jdbc.export.ExceptionFactory.create(ExceptionFactory.java:378)
	at org.mariadb.jdbc.message.ClientMessage.readPacket(ClientMessage.java:187)
	at org.mariadb.jdbc.client.impl.StandardClient.readPacket(StandardClient.java:1364)
	at org.mariadb.jdbc.client.impl.StandardClient.readResults(StandardClient.java:1303)
	at org.mariadb.jdbc.client.impl.StandardClient.readResponse(StandardClient.java:1222)
	at org.mariadb.jdbc.client.impl.StandardClient.execute(StandardClient.java:1146)
	at org.mariadb.jdbc.ClientPreparedStatement.executeInternal(ClientPreparedStatement.java:87)
	at org.mariadb.jdbc.ClientPreparedStatement.execute(ClientPreparedStatement.java:232)
	at net.sf.log4jdbc.sql.jdbcapi.PreparedStatementSpy.execute(PreparedStatementSpy.java:443)
	at java.base/jdk.internal.reflect.NativeMethodAccessorImpl.invoke0(Native Method)
	at java.base/jdk.internal.reflect.NativeMethodAccessorImpl.invoke(NativeMethodAccessorImpl.java:77)
	at java.base/jdk.internal.reflect.DelegatingMethodAccessorImpl.invoke(DelegatingMethodAccessorImpl.java:43)
	at java.base/java.lang.reflect.Method.invoke(Method.java:568)
	at org.apache.ibatis.logging.jdbc.PreparedStatementLogger.invoke(PreparedStatementLogger.java:58)
	at jdk.proxy3/jdk.proxy3.$Proxy18.execute(Unknown Source)
	at org.apache.ibatis.executor.statement.PreparedStatementHandler.update(PreparedStatementHandler.java:48)
	at org.apache.ibatis.executor.statement.RoutingStatementHandler.update(RoutingStatementHandler.java:75)
	at org.apache.ibatis.executor.SimpleExecutor.doUpdate(SimpleExecutor.java:50)
	at org.apache.ibatis.executor.BaseExecutor.update(BaseExecutor.java:117)
	at org.apache.ibatis.executor.CachingExecutor.update(CachingExecutor.java:76)
	at org.apache.ibatis.session.defaults.DefaultSqlSession.update(DefaultSqlSession.java:197)
	... 7 common frames omitted
[ERROR] 25-04-22 17:51:06 [App14:36] - 처리된 데이터 없음 >> WHERE절을 확인하세요
kr.yjh.exceptions.ServiceNoResultException: 삭제된 데이터가 없습니다. 
	at kr.yjh.services.impl.DepartmentServiceimpl.deleteItem(DepartmentServiceimpl.java:138)
	at kr.yjh.mybatis.App14.main(App14.java:34)
