[DEBUG] 25-04-21 18:15:40 [insert:135] - ==>  Preparing: INSERT INTO departmnets (dname, loc, phone, email, established, homepage) VALUES (새로운학과, B-1, 010-1234-1234, 2020,https://megastudy.com)
[DEBUG] 25-04-21 18:15:40 [insert:135] - ==> Parameters: 
[INFO ] 25-04-21 18:15:40 [sqlonly:228] - INSERT INTO departmnets (dname, loc, phone, email, established, homepage) VALUES (새로운학과, B-1, 010-1234-1234, 2020,https://megastudy.com)

[WARN ] 25-04-21 18:15:40 [ErrorPacket:99] - Error: 1064-42000: You have an error in your SQL syntax; check the manual that corresponds to your MariaDB server version for the right syntax to use near '://megastudy.com)' at line 1
[ERROR] 25-04-21 18:15:40 [sqlonly:144] - 1. PreparedStatement.execute() INSERT INTO departmnets (dname, loc, phone, email, established, homepage) VALUES (새로운학과, B-1, 010-1234-1234, 2020,https://megastudy.com)

java.sql.SQLSyntaxErrorException: (conn=75) You have an error in your SQL syntax; check the manual that corresponds to your MariaDB server version for the right syntax to use near '://megastudy.com)' at line 1
	at org.mariadb.jdbc.export.ExceptionFactory.createException(ExceptionFactory.java:289)
	at org.mariadb.jdbc.export.ExceptionFactory.create(ExceptionFactory.java:378)
	at org.mariadb.jdbc.message.ClientMessage.readPacket(ClientMessage.java:187)
	at org.mariadb.jdbc.client.impl.StandardClient.readPacket(StandardClient.java:1364)
	at org.mariadb.jdbc.client.impl.StandardClient.readResults(StandardClient.java:1303)
	at org.mariadb.jdbc.client.impl.StandardClient.readResponse(StandardClient.java:1222)
	at org.mariadb.jdbc.client.impl.StandardClient.execute(StandardClient.java:1146)
	at org.mariadb.jdbc.ClientPreparedStatement.executeInternal(ClientPreparedStatement.java:87)
	at org.mariadb.jdbc.ClientPreparedStatement.execute(ClientPreparedStatement.java:232)
	at net.sf.log4jdbc.sql.jdbcapi.PreparedStatementSpy.execute(PreparedStatementSpy.java:443)
	at java.base/jdk.internal.reflect.NativeMethodAccessorImpl.invoke0(Native Method)
	at java.base/jdk.internal.reflect.NativeMethodAccessorImpl.invoke(NativeMethodAccessorImpl.java:77)
	at java.base/jdk.internal.reflect.DelegatingMethodAccessorImpl.invoke(DelegatingMethodAccessorImpl.java:43)
	at java.base/java.lang.reflect.Method.invoke(Method.java:568)
	at org.apache.ibatis.logging.jdbc.PreparedStatementLogger.invoke(PreparedStatementLogger.java:58)
	at jdk.proxy3/jdk.proxy3.$Proxy14.execute(Unknown Source)
	at org.apache.ibatis.executor.statement.PreparedStatementHandler.update(PreparedStatementHandler.java:48)
	at org.apache.ibatis.executor.statement.RoutingStatementHandler.update(RoutingStatementHandler.java:75)
	at org.apache.ibatis.executor.SimpleExecutor.doUpdate(SimpleExecutor.java:50)
	at org.apache.ibatis.executor.BaseExecutor.update(BaseExecutor.java:117)
	at org.apache.ibatis.executor.CachingExecutor.update(CachingExecutor.java:76)
	at org.apache.ibatis.session.defaults.DefaultSqlSession.update(DefaultSqlSession.java:197)
	at org.apache.ibatis.session.defaults.DefaultSqlSession.insert(DefaultSqlSession.java:184)
	at org.apache.ibatis.binding.MapperMethod.execute(MapperMethod.java:62)
	at org.apache.ibatis.binding.MapperProxy$PlainMethodInvoker.invoke(MapperProxy.java:141)
	at org.apache.ibatis.binding.MapperProxy.invoke(MapperProxy.java:86)
	at jdk.proxy2/jdk.proxy2.$Proxy12.insert(Unknown Source)
	at kr.yjh.mybatis.App01.main(App01.java:34)
[DEBUG] 25-04-21 18:15:55 [insert:135] - ==>  Preparing: INSERT INTO departmnets (dname, loc, phone, email, established, homepage) VALUES (새로운학과, B-1, 010-1234-1234, 2020,https://megastudy.com)
[DEBUG] 25-04-21 18:15:55 [insert:135] - ==> Parameters: 
[INFO ] 25-04-21 18:15:55 [sqlonly:228] - INSERT INTO departmnets (dname, loc, phone, email, established, homepage) VALUES (새로운학과, B-1, 010-1234-1234, 2020,https://megastudy.com)

[WARN ] 25-04-21 18:15:55 [ErrorPacket:99] - Error: 1064-42000: You have an error in your SQL syntax; check the manual that corresponds to your MariaDB server version for the right syntax to use near '://megastudy.com)' at line 1
[ERROR] 25-04-21 18:15:55 [sqlonly:144] - 1. PreparedStatement.execute() INSERT INTO departmnets (dname, loc, phone, email, established, homepage) VALUES (새로운학과, B-1, 010-1234-1234, 2020,https://megastudy.com)

java.sql.SQLSyntaxErrorException: (conn=76) You have an error in your SQL syntax; check the manual that corresponds to your MariaDB server version for the right syntax to use near '://megastudy.com)' at line 1
	at org.mariadb.jdbc.export.ExceptionFactory.createException(ExceptionFactory.java:289)
	at org.mariadb.jdbc.export.ExceptionFactory.create(ExceptionFactory.java:378)
	at org.mariadb.jdbc.message.ClientMessage.readPacket(ClientMessage.java:187)
	at org.mariadb.jdbc.client.impl.StandardClient.readPacket(StandardClient.java:1364)
	at org.mariadb.jdbc.client.impl.StandardClient.readResults(StandardClient.java:1303)
	at org.mariadb.jdbc.client.impl.StandardClient.readResponse(StandardClient.java:1222)
	at org.mariadb.jdbc.client.impl.StandardClient.execute(StandardClient.java:1146)
	at org.mariadb.jdbc.ClientPreparedStatement.executeInternal(ClientPreparedStatement.java:87)
	at org.mariadb.jdbc.ClientPreparedStatement.execute(ClientPreparedStatement.java:232)
	at net.sf.log4jdbc.sql.jdbcapi.PreparedStatementSpy.execute(PreparedStatementSpy.java:443)
	at java.base/jdk.internal.reflect.NativeMethodAccessorImpl.invoke0(Native Method)
	at java.base/jdk.internal.reflect.NativeMethodAccessorImpl.invoke(NativeMethodAccessorImpl.java:77)
	at java.base/jdk.internal.reflect.DelegatingMethodAccessorImpl.invoke(DelegatingMethodAccessorImpl.java:43)
	at java.base/java.lang.reflect.Method.invoke(Method.java:568)
	at org.apache.ibatis.logging.jdbc.PreparedStatementLogger.invoke(PreparedStatementLogger.java:58)
	at jdk.proxy3/jdk.proxy3.$Proxy14.execute(Unknown Source)
	at org.apache.ibatis.executor.statement.PreparedStatementHandler.update(PreparedStatementHandler.java:48)
	at org.apache.ibatis.executor.statement.RoutingStatementHandler.update(RoutingStatementHandler.java:75)
	at org.apache.ibatis.executor.SimpleExecutor.doUpdate(SimpleExecutor.java:50)
	at org.apache.ibatis.executor.BaseExecutor.update(BaseExecutor.java:117)
	at org.apache.ibatis.executor.CachingExecutor.update(CachingExecutor.java:76)
	at org.apache.ibatis.session.defaults.DefaultSqlSession.update(DefaultSqlSession.java:197)
	at org.apache.ibatis.session.defaults.DefaultSqlSession.insert(DefaultSqlSession.java:184)
	at org.apache.ibatis.binding.MapperMethod.execute(MapperMethod.java:62)
	at org.apache.ibatis.binding.MapperProxy$PlainMethodInvoker.invoke(MapperProxy.java:141)
	at org.apache.ibatis.binding.MapperProxy.invoke(MapperProxy.java:86)
	at jdk.proxy2/jdk.proxy2.$Proxy12.insert(Unknown Source)
	at kr.yjh.mybatis.App01.main(App01.java:34)
[DEBUG] 25-04-21 18:16:10 [insert:135] - ==>  Preparing: INSERT INTO departmnets (dname, loc, phone, email, established, homepage) VALUES (새로운학과, B-1, 010-1234-1234, 2020,https://megastudy.com)
[DEBUG] 25-04-21 18:16:10 [insert:135] - ==> Parameters: 
[INFO ] 25-04-21 18:16:10 [sqlonly:228] - INSERT INTO departmnets (dname, loc, phone, email, established, homepage) VALUES (새로운학과, B-1, 010-1234-1234, 2020,https://megastudy.com)

[WARN ] 25-04-21 18:16:10 [ErrorPacket:99] - Error: 1064-42000: You have an error in your SQL syntax; check the manual that corresponds to your MariaDB server version for the right syntax to use near '://megastudy.com)' at line 1
[ERROR] 25-04-21 18:16:10 [sqlonly:144] - 1. PreparedStatement.execute() INSERT INTO departmnets (dname, loc, phone, email, established, homepage) VALUES (새로운학과, B-1, 010-1234-1234, 2020,https://megastudy.com)

java.sql.SQLSyntaxErrorException: (conn=77) You have an error in your SQL syntax; check the manual that corresponds to your MariaDB server version for the right syntax to use near '://megastudy.com)' at line 1
	at org.mariadb.jdbc.export.ExceptionFactory.createException(ExceptionFactory.java:289)
	at org.mariadb.jdbc.export.ExceptionFactory.create(ExceptionFactory.java:378)
	at org.mariadb.jdbc.message.ClientMessage.readPacket(ClientMessage.java:187)
	at org.mariadb.jdbc.client.impl.StandardClient.readPacket(StandardClient.java:1364)
	at org.mariadb.jdbc.client.impl.StandardClient.readResults(StandardClient.java:1303)
	at org.mariadb.jdbc.client.impl.StandardClient.readResponse(StandardClient.java:1222)
	at org.mariadb.jdbc.client.impl.StandardClient.execute(StandardClient.java:1146)
	at org.mariadb.jdbc.ClientPreparedStatement.executeInternal(ClientPreparedStatement.java:87)
	at org.mariadb.jdbc.ClientPreparedStatement.execute(ClientPreparedStatement.java:232)
	at net.sf.log4jdbc.sql.jdbcapi.PreparedStatementSpy.execute(PreparedStatementSpy.java:443)
	at java.base/jdk.internal.reflect.NativeMethodAccessorImpl.invoke0(Native Method)
	at java.base/jdk.internal.reflect.NativeMethodAccessorImpl.invoke(NativeMethodAccessorImpl.java:77)
	at java.base/jdk.internal.reflect.DelegatingMethodAccessorImpl.invoke(DelegatingMethodAccessorImpl.java:43)
	at java.base/java.lang.reflect.Method.invoke(Method.java:568)
	at org.apache.ibatis.logging.jdbc.PreparedStatementLogger.invoke(PreparedStatementLogger.java:58)
	at jdk.proxy3/jdk.proxy3.$Proxy14.execute(Unknown Source)
	at org.apache.ibatis.executor.statement.PreparedStatementHandler.update(PreparedStatementHandler.java:48)
	at org.apache.ibatis.executor.statement.RoutingStatementHandler.update(RoutingStatementHandler.java:75)
	at org.apache.ibatis.executor.SimpleExecutor.doUpdate(SimpleExecutor.java:50)
	at org.apache.ibatis.executor.BaseExecutor.update(BaseExecutor.java:117)
	at org.apache.ibatis.executor.CachingExecutor.update(CachingExecutor.java:76)
	at org.apache.ibatis.session.defaults.DefaultSqlSession.update(DefaultSqlSession.java:197)
	at org.apache.ibatis.session.defaults.DefaultSqlSession.insert(DefaultSqlSession.java:184)
	at org.apache.ibatis.binding.MapperMethod.execute(MapperMethod.java:62)
	at org.apache.ibatis.binding.MapperProxy$PlainMethodInvoker.invoke(MapperProxy.java:141)
	at org.apache.ibatis.binding.MapperProxy.invoke(MapperProxy.java:86)
	at jdk.proxy2/jdk.proxy2.$Proxy12.insert(Unknown Source)
	at kr.yjh.mybatis.App01.main(App01.java:34)
[DEBUG] 25-04-21 18:19:11 [insert:135] - ==>  Preparing: INSERT INTO departmnets (dname, loc, phone, email, established, homepage) VALUES (새로운학과, B-1, 010-1234-1234, 2020,https://megastudy.com)
[DEBUG] 25-04-21 18:19:11 [insert:135] - ==> Parameters: 
[INFO ] 25-04-21 18:19:11 [sqlonly:228] - INSERT INTO departmnets (dname, loc, phone, email, established, homepage) VALUES (새로운학과, B-1, 010-1234-1234, 2020,https://megastudy.com)

[WARN ] 25-04-21 18:19:11 [ErrorPacket:99] - Error: 1064-42000: You have an error in your SQL syntax; check the manual that corresponds to your MariaDB server version for the right syntax to use near '://megastudy.com)' at line 1
[ERROR] 25-04-21 18:19:11 [sqlonly:144] - 1. PreparedStatement.execute() INSERT INTO departmnets (dname, loc, phone, email, established, homepage) VALUES (새로운학과, B-1, 010-1234-1234, 2020,https://megastudy.com)

java.sql.SQLSyntaxErrorException: (conn=78) You have an error in your SQL syntax; check the manual that corresponds to your MariaDB server version for the right syntax to use near '://megastudy.com)' at line 1
	at org.mariadb.jdbc.export.ExceptionFactory.createException(ExceptionFactory.java:289)
	at org.mariadb.jdbc.export.ExceptionFactory.create(ExceptionFactory.java:378)
	at org.mariadb.jdbc.message.ClientMessage.readPacket(ClientMessage.java:187)
	at org.mariadb.jdbc.client.impl.StandardClient.readPacket(StandardClient.java:1364)
	at org.mariadb.jdbc.client.impl.StandardClient.readResults(StandardClient.java:1303)
	at org.mariadb.jdbc.client.impl.StandardClient.readResponse(StandardClient.java:1222)
	at org.mariadb.jdbc.client.impl.StandardClient.execute(StandardClient.java:1146)
	at org.mariadb.jdbc.ClientPreparedStatement.executeInternal(ClientPreparedStatement.java:87)
	at org.mariadb.jdbc.ClientPreparedStatement.execute(ClientPreparedStatement.java:232)
	at net.sf.log4jdbc.sql.jdbcapi.PreparedStatementSpy.execute(PreparedStatementSpy.java:443)
	at java.base/jdk.internal.reflect.NativeMethodAccessorImpl.invoke0(Native Method)
	at java.base/jdk.internal.reflect.NativeMethodAccessorImpl.invoke(NativeMethodAccessorImpl.java:77)
	at java.base/jdk.internal.reflect.DelegatingMethodAccessorImpl.invoke(DelegatingMethodAccessorImpl.java:43)
	at java.base/java.lang.reflect.Method.invoke(Method.java:568)
	at org.apache.ibatis.logging.jdbc.PreparedStatementLogger.invoke(PreparedStatementLogger.java:58)
	at jdk.proxy3/jdk.proxy3.$Proxy14.execute(Unknown Source)
	at org.apache.ibatis.executor.statement.PreparedStatementHandler.update(PreparedStatementHandler.java:48)
	at org.apache.ibatis.executor.statement.RoutingStatementHandler.update(RoutingStatementHandler.java:75)
	at org.apache.ibatis.executor.SimpleExecutor.doUpdate(SimpleExecutor.java:50)
	at org.apache.ibatis.executor.BaseExecutor.update(BaseExecutor.java:117)
	at org.apache.ibatis.executor.CachingExecutor.update(CachingExecutor.java:76)
	at org.apache.ibatis.session.defaults.DefaultSqlSession.update(DefaultSqlSession.java:197)
	at org.apache.ibatis.session.defaults.DefaultSqlSession.insert(DefaultSqlSession.java:184)
	at org.apache.ibatis.binding.MapperMethod.execute(MapperMethod.java:62)
	at org.apache.ibatis.binding.MapperProxy$PlainMethodInvoker.invoke(MapperProxy.java:141)
	at org.apache.ibatis.binding.MapperProxy.invoke(MapperProxy.java:86)
	at jdk.proxy2/jdk.proxy2.$Proxy12.insert(Unknown Source)
	at kr.yjh.mybatis.App01.main(App01.java:34)
[DEBUG] 25-04-21 18:20:19 [insert:135] - ==>  Preparing: INSERT INTO departmnets (dname, loc, phone, email, established, homepage) VALUES (새로운학과, B-1, 010-1234-1234, 2020,https://megastudy.com)
[DEBUG] 25-04-21 18:20:19 [insert:135] - ==> Parameters: 
[INFO ] 25-04-21 18:20:19 [sqlonly:228] - INSERT INTO departmnets (dname, loc, phone, email, established, homepage) VALUES (새로운학과, B-1, 010-1234-1234, 2020,https://megastudy.com)

[WARN ] 25-04-21 18:20:19 [ErrorPacket:99] - Error: 1064-42000: You have an error in your SQL syntax; check the manual that corresponds to your MariaDB server version for the right syntax to use near '://megastudy.com)' at line 1
[ERROR] 25-04-21 18:20:19 [sqlonly:144] - 1. PreparedStatement.execute() INSERT INTO departmnets (dname, loc, phone, email, established, homepage) VALUES (새로운학과, B-1, 010-1234-1234, 2020,https://megastudy.com)

java.sql.SQLSyntaxErrorException: (conn=79) You have an error in your SQL syntax; check the manual that corresponds to your MariaDB server version for the right syntax to use near '://megastudy.com)' at line 1
	at org.mariadb.jdbc.export.ExceptionFactory.createException(ExceptionFactory.java:289)
	at org.mariadb.jdbc.export.ExceptionFactory.create(ExceptionFactory.java:378)
	at org.mariadb.jdbc.message.ClientMessage.readPacket(ClientMessage.java:187)
	at org.mariadb.jdbc.client.impl.StandardClient.readPacket(StandardClient.java:1364)
	at org.mariadb.jdbc.client.impl.StandardClient.readResults(StandardClient.java:1303)
	at org.mariadb.jdbc.client.impl.StandardClient.readResponse(StandardClient.java:1222)
	at org.mariadb.jdbc.client.impl.StandardClient.execute(StandardClient.java:1146)
	at org.mariadb.jdbc.ClientPreparedStatement.executeInternal(ClientPreparedStatement.java:87)
	at org.mariadb.jdbc.ClientPreparedStatement.execute(ClientPreparedStatement.java:232)
	at net.sf.log4jdbc.sql.jdbcapi.PreparedStatementSpy.execute(PreparedStatementSpy.java:443)
	at java.base/jdk.internal.reflect.NativeMethodAccessorImpl.invoke0(Native Method)
	at java.base/jdk.internal.reflect.NativeMethodAccessorImpl.invoke(NativeMethodAccessorImpl.java:77)
	at java.base/jdk.internal.reflect.DelegatingMethodAccessorImpl.invoke(DelegatingMethodAccessorImpl.java:43)
	at java.base/java.lang.reflect.Method.invoke(Method.java:568)
	at org.apache.ibatis.logging.jdbc.PreparedStatementLogger.invoke(PreparedStatementLogger.java:58)
	at jdk.proxy3/jdk.proxy3.$Proxy14.execute(Unknown Source)
	at org.apache.ibatis.executor.statement.PreparedStatementHandler.update(PreparedStatementHandler.java:48)
	at org.apache.ibatis.executor.statement.RoutingStatementHandler.update(RoutingStatementHandler.java:75)
	at org.apache.ibatis.executor.SimpleExecutor.doUpdate(SimpleExecutor.java:50)
	at org.apache.ibatis.executor.BaseExecutor.update(BaseExecutor.java:117)
	at org.apache.ibatis.executor.CachingExecutor.update(CachingExecutor.java:76)
	at org.apache.ibatis.session.defaults.DefaultSqlSession.update(DefaultSqlSession.java:197)
	at org.apache.ibatis.session.defaults.DefaultSqlSession.insert(DefaultSqlSession.java:184)
	at org.apache.ibatis.binding.MapperMethod.execute(MapperMethod.java:62)
	at org.apache.ibatis.binding.MapperProxy$PlainMethodInvoker.invoke(MapperProxy.java:141)
	at org.apache.ibatis.binding.MapperProxy.invoke(MapperProxy.java:86)
	at jdk.proxy2/jdk.proxy2.$Proxy12.insert(Unknown Source)
	at kr.yjh.mybatis.App01.main(App01.java:34)
[DEBUG] 25-04-21 18:20:40 [insert:135] - ==>  Preparing: INSERT INTO departmnets (dname, loc, phone, email, established, homepage) VALUES (새로운학과, B-1, 010-1234-1234, 2020,https://megastudy.com)
[DEBUG] 25-04-21 18:20:41 [insert:135] - ==> Parameters: 
[INFO ] 25-04-21 18:20:41 [sqlonly:228] - INSERT INTO departmnets (dname, loc, phone, email, established, homepage) VALUES (새로운학과, B-1, 010-1234-1234, 2020,https://megastudy.com)

[WARN ] 25-04-21 18:20:41 [ErrorPacket:99] - Error: 1064-42000: You have an error in your SQL syntax; check the manual that corresponds to your MariaDB server version for the right syntax to use near '://megastudy.com)' at line 1
[ERROR] 25-04-21 18:20:41 [sqlonly:144] - 1. PreparedStatement.execute() INSERT INTO departmnets (dname, loc, phone, email, established, homepage) VALUES (새로운학과, B-1, 010-1234-1234, 2020,https://megastudy.com)

java.sql.SQLSyntaxErrorException: (conn=80) You have an error in your SQL syntax; check the manual that corresponds to your MariaDB server version for the right syntax to use near '://megastudy.com)' at line 1
	at org.mariadb.jdbc.export.ExceptionFactory.createException(ExceptionFactory.java:289)
	at org.mariadb.jdbc.export.ExceptionFactory.create(ExceptionFactory.java:378)
	at org.mariadb.jdbc.message.ClientMessage.readPacket(ClientMessage.java:187)
	at org.mariadb.jdbc.client.impl.StandardClient.readPacket(StandardClient.java:1364)
	at org.mariadb.jdbc.client.impl.StandardClient.readResults(StandardClient.java:1303)
	at org.mariadb.jdbc.client.impl.StandardClient.readResponse(StandardClient.java:1222)
	at org.mariadb.jdbc.client.impl.StandardClient.execute(StandardClient.java:1146)
	at org.mariadb.jdbc.ClientPreparedStatement.executeInternal(ClientPreparedStatement.java:87)
	at org.mariadb.jdbc.ClientPreparedStatement.execute(ClientPreparedStatement.java:232)
	at net.sf.log4jdbc.sql.jdbcapi.PreparedStatementSpy.execute(PreparedStatementSpy.java:443)
	at java.base/jdk.internal.reflect.NativeMethodAccessorImpl.invoke0(Native Method)
	at java.base/jdk.internal.reflect.NativeMethodAccessorImpl.invoke(NativeMethodAccessorImpl.java:77)
	at java.base/jdk.internal.reflect.DelegatingMethodAccessorImpl.invoke(DelegatingMethodAccessorImpl.java:43)
	at java.base/java.lang.reflect.Method.invoke(Method.java:568)
	at org.apache.ibatis.logging.jdbc.PreparedStatementLogger.invoke(PreparedStatementLogger.java:58)
	at jdk.proxy3/jdk.proxy3.$Proxy14.execute(Unknown Source)
	at org.apache.ibatis.executor.statement.PreparedStatementHandler.update(PreparedStatementHandler.java:48)
	at org.apache.ibatis.executor.statement.RoutingStatementHandler.update(RoutingStatementHandler.java:75)
	at org.apache.ibatis.executor.SimpleExecutor.doUpdate(SimpleExecutor.java:50)
	at org.apache.ibatis.executor.BaseExecutor.update(BaseExecutor.java:117)
	at org.apache.ibatis.executor.CachingExecutor.update(CachingExecutor.java:76)
	at org.apache.ibatis.session.defaults.DefaultSqlSession.update(DefaultSqlSession.java:197)
	at org.apache.ibatis.session.defaults.DefaultSqlSession.insert(DefaultSqlSession.java:184)
	at org.apache.ibatis.binding.MapperMethod.execute(MapperMethod.java:62)
	at org.apache.ibatis.binding.MapperProxy$PlainMethodInvoker.invoke(MapperProxy.java:141)
	at org.apache.ibatis.binding.MapperProxy.invoke(MapperProxy.java:86)
	at jdk.proxy2/jdk.proxy2.$Proxy12.insert(Unknown Source)
	at kr.yjh.mybatis.App01.main(App01.java:36)
[DEBUG] 25-04-21 18:23:21 [insert:135] - ==>  Preparing: INSERT INTO departmnets (dname, loc, phone, email, established, homepage) VALUES (새로운학과, B-1, 010-1234-1234, 2020,https://megastudy.com)
[DEBUG] 25-04-21 18:23:21 [insert:135] - ==> Parameters: 
[INFO ] 25-04-21 18:23:21 [sqlonly:228] - INSERT INTO departmnets (dname, loc, phone, email, established, homepage) VALUES (새로운학과, B-1, 010-1234-1234, 2020,https://megastudy.com)

[WARN ] 25-04-21 18:23:21 [ErrorPacket:99] - Error: 1064-42000: You have an error in your SQL syntax; check the manual that corresponds to your MariaDB server version for the right syntax to use near '://megastudy.com)' at line 1
[ERROR] 25-04-21 18:23:21 [sqlonly:144] - 1. PreparedStatement.execute() INSERT INTO departmnets (dname, loc, phone, email, established, homepage) VALUES (새로운학과, B-1, 010-1234-1234, 2020,https://megastudy.com)

java.sql.SQLSyntaxErrorException: (conn=81) You have an error in your SQL syntax; check the manual that corresponds to your MariaDB server version for the right syntax to use near '://megastudy.com)' at line 1
	at org.mariadb.jdbc.export.ExceptionFactory.createException(ExceptionFactory.java:289)
	at org.mariadb.jdbc.export.ExceptionFactory.create(ExceptionFactory.java:378)
	at org.mariadb.jdbc.message.ClientMessage.readPacket(ClientMessage.java:187)
	at org.mariadb.jdbc.client.impl.StandardClient.readPacket(StandardClient.java:1364)
	at org.mariadb.jdbc.client.impl.StandardClient.readResults(StandardClient.java:1303)
	at org.mariadb.jdbc.client.impl.StandardClient.readResponse(StandardClient.java:1222)
	at org.mariadb.jdbc.client.impl.StandardClient.execute(StandardClient.java:1146)
	at org.mariadb.jdbc.ClientPreparedStatement.executeInternal(ClientPreparedStatement.java:87)
	at org.mariadb.jdbc.ClientPreparedStatement.execute(ClientPreparedStatement.java:232)
	at net.sf.log4jdbc.sql.jdbcapi.PreparedStatementSpy.execute(PreparedStatementSpy.java:443)
	at java.base/jdk.internal.reflect.NativeMethodAccessorImpl.invoke0(Native Method)
	at java.base/jdk.internal.reflect.NativeMethodAccessorImpl.invoke(NativeMethodAccessorImpl.java:77)
	at java.base/jdk.internal.reflect.DelegatingMethodAccessorImpl.invoke(DelegatingMethodAccessorImpl.java:43)
	at java.base/java.lang.reflect.Method.invoke(Method.java:568)
	at org.apache.ibatis.logging.jdbc.PreparedStatementLogger.invoke(PreparedStatementLogger.java:58)
	at jdk.proxy3/jdk.proxy3.$Proxy14.execute(Unknown Source)
	at org.apache.ibatis.executor.statement.PreparedStatementHandler.update(PreparedStatementHandler.java:48)
	at org.apache.ibatis.executor.statement.RoutingStatementHandler.update(RoutingStatementHandler.java:75)
	at org.apache.ibatis.executor.SimpleExecutor.doUpdate(SimpleExecutor.java:50)
	at org.apache.ibatis.executor.BaseExecutor.update(BaseExecutor.java:117)
	at org.apache.ibatis.executor.CachingExecutor.update(CachingExecutor.java:76)
	at org.apache.ibatis.session.defaults.DefaultSqlSession.update(DefaultSqlSession.java:197)
	at org.apache.ibatis.session.defaults.DefaultSqlSession.insert(DefaultSqlSession.java:184)
	at org.apache.ibatis.binding.MapperMethod.execute(MapperMethod.java:62)
	at org.apache.ibatis.binding.MapperProxy$PlainMethodInvoker.invoke(MapperProxy.java:141)
	at org.apache.ibatis.binding.MapperProxy.invoke(MapperProxy.java:86)
	at jdk.proxy2/jdk.proxy2.$Proxy12.insert(Unknown Source)
	at kr.yjh.mybatis.App01.main(App01.java:36)
[DEBUG] 25-04-21 18:26:13 [insert:135] - ==>  Preparing: INSERT INTO departmnets (dname, loc, phone, email, established, homepage) VALUES (?, ?, ?, ?, ?, ?)
[DEBUG] 25-04-21 18:26:13 [insert:135] - ==> Parameters: 새로운학과(String), B-1(String), 010-1234-1234(String), megastudy@hello.com(String), 2020(Integer), https://megastudy.com(String)
[INFO ] 25-04-21 18:26:13 [sqlonly:228] - INSERT INTO departmnets (dname, loc, phone, email, established, homepage) VALUES ('새로운학과', 'B-1', '010-1234-1234', 'megastudy@hello.com', 2020, 'https://megastudy.com')

[WARN ] 25-04-21 18:26:13 [ErrorPacket:99] - Error: 1146-42S02: Table 'myschool.departmnets' doesn't exist
[ERROR] 25-04-21 18:26:13 [sqlonly:144] - 1. PreparedStatement.execute() INSERT INTO departmnets (dname, loc, phone, email, established, homepage) VALUES ('새로운학과', 'B-1', '010-1234-1234', 'megastudy@hello.com', 2020, 'https://megastudy.com')

java.sql.SQLSyntaxErrorException: (conn=82) Table 'myschool.departmnets' doesn't exist
	at org.mariadb.jdbc.export.ExceptionFactory.createException(ExceptionFactory.java:289)
	at org.mariadb.jdbc.export.ExceptionFactory.create(ExceptionFactory.java:378)
	at org.mariadb.jdbc.message.ClientMessage.readPacket(ClientMessage.java:187)
	at org.mariadb.jdbc.client.impl.StandardClient.readPacket(StandardClient.java:1364)
	at org.mariadb.jdbc.client.impl.StandardClient.readResults(StandardClient.java:1303)
	at org.mariadb.jdbc.client.impl.StandardClient.readResponse(StandardClient.java:1222)
	at org.mariadb.jdbc.client.impl.StandardClient.execute(StandardClient.java:1146)
	at org.mariadb.jdbc.ClientPreparedStatement.executeInternal(ClientPreparedStatement.java:87)
	at org.mariadb.jdbc.ClientPreparedStatement.execute(ClientPreparedStatement.java:232)
	at net.sf.log4jdbc.sql.jdbcapi.PreparedStatementSpy.execute(PreparedStatementSpy.java:443)
	at java.base/jdk.internal.reflect.NativeMethodAccessorImpl.invoke0(Native Method)
	at java.base/jdk.internal.reflect.NativeMethodAccessorImpl.invoke(NativeMethodAccessorImpl.java:77)
	at java.base/jdk.internal.reflect.DelegatingMethodAccessorImpl.invoke(DelegatingMethodAccessorImpl.java:43)
	at java.base/java.lang.reflect.Method.invoke(Method.java:568)
	at org.apache.ibatis.logging.jdbc.PreparedStatementLogger.invoke(PreparedStatementLogger.java:58)
	at jdk.proxy3/jdk.proxy3.$Proxy14.execute(Unknown Source)
	at org.apache.ibatis.executor.statement.PreparedStatementHandler.update(PreparedStatementHandler.java:48)
	at org.apache.ibatis.executor.statement.RoutingStatementHandler.update(RoutingStatementHandler.java:75)
	at org.apache.ibatis.executor.SimpleExecutor.doUpdate(SimpleExecutor.java:50)
	at org.apache.ibatis.executor.BaseExecutor.update(BaseExecutor.java:117)
	at org.apache.ibatis.executor.CachingExecutor.update(CachingExecutor.java:76)
	at org.apache.ibatis.session.defaults.DefaultSqlSession.update(DefaultSqlSession.java:197)
	at org.apache.ibatis.session.defaults.DefaultSqlSession.insert(DefaultSqlSession.java:184)
	at org.apache.ibatis.binding.MapperMethod.execute(MapperMethod.java:62)
	at org.apache.ibatis.binding.MapperProxy$PlainMethodInvoker.invoke(MapperProxy.java:141)
	at org.apache.ibatis.binding.MapperProxy.invoke(MapperProxy.java:86)
	at jdk.proxy2/jdk.proxy2.$Proxy12.insert(Unknown Source)
	at kr.yjh.mybatis.App01.main(App01.java:36)
[DEBUG] 25-04-21 18:29:18 [insert:135] - ==>  Preparing: INSERT INTO departments (dname, loc, phone, email, established, homepage) VALUES (?, ?, ?, ?, ?, ?)
[DEBUG] 25-04-21 18:29:18 [insert:135] - ==> Parameters: 새로운학과(String), B-1(String), 010-1234-1234(String), megastudy@hello.com(String), 2020(Integer), https://megastudy.com(String)
[INFO ] 25-04-21 18:29:18 [sqlonly:228] - INSERT INTO departments (dname, loc, phone, email, established, homepage) VALUES ('새로운학과', 'B-1', '010-1234-1234', 'megastudy@hello.com', 2020, 'https://megastudy.com')

[DEBUG] 25-04-21 18:29:18 [insert:135] - <==    Updates: 1
[INFO ] 25-04-21 18:29:18 [resultsettable:610] - 
|----------|
|insert_id |
|----------|
|508       |
|----------|

[DEBUG] 25-04-21 18:29:18 [App01:39] - 저장된 데이터의 수: 1
[DEBUG] 25-04-21 18:29:18 [App01:41] - 생성된 Primary Key: 508
[DEBUG] 25-04-21 18:29:27 [insert:135] - ==>  Preparing: INSERT INTO departments (dname, loc, phone, email, established, homepage) VALUES (?, ?, ?, ?, ?, ?)
[DEBUG] 25-04-21 18:29:27 [insert:135] - ==> Parameters: 새로운학과(String), B-1(String), 010-1234-1234(String), megastudy@hello.com(String), 2020(Integer), https://megastudy.com(String)
[INFO ] 25-04-21 18:29:27 [sqlonly:228] - INSERT INTO departments (dname, loc, phone, email, established, homepage) VALUES ('새로운학과', 'B-1', '010-1234-1234', 'megastudy@hello.com', 2020, 'https://megastudy.com')

[DEBUG] 25-04-21 18:29:27 [insert:135] - <==    Updates: 1
[INFO ] 25-04-21 18:29:27 [resultsettable:610] - 
|----------|
|insert_id |
|----------|
|509       |
|----------|

[DEBUG] 25-04-21 18:29:27 [App01:39] - 저장된 데이터의 수: 1
[DEBUG] 25-04-21 18:29:27 [App01:41] - 생성된 Primary Key: 509
[DEBUG] 25-04-21 18:29:32 [insert:135] - ==>  Preparing: INSERT INTO departments (dname, loc, phone, email, established, homepage) VALUES (?, ?, ?, ?, ?, ?)
[DEBUG] 25-04-21 18:29:32 [insert:135] - ==> Parameters: 새로운학과(String), B-1(String), 010-1234-1234(String), megastudy@hello.com(String), 2020(Integer), https://megastudy.com(String)
[INFO ] 25-04-21 18:29:32 [sqlonly:228] - INSERT INTO departments (dname, loc, phone, email, established, homepage) VALUES ('새로운학과', 'B-1', '010-1234-1234', 'megastudy@hello.com', 2020, 'https://megastudy.com')

[DEBUG] 25-04-21 18:29:32 [insert:135] - <==    Updates: 1
[INFO ] 25-04-21 18:29:32 [resultsettable:610] - 
|----------|
|insert_id |
|----------|
|510       |
|----------|

[DEBUG] 25-04-21 18:29:32 [App01:39] - 저장된 데이터의 수: 1
[DEBUG] 25-04-21 18:29:32 [App01:41] - 생성된 Primary Key: 510
[DEBUG] 25-04-21 18:32:48 [update:135] - ==>  Preparing: UPDATE departments SET dname = ?, loc = ?, phone = ?, email = ?, established = ?, homepage = ? WHERE id = ?
[DEBUG] 25-04-21 18:32:48 [update:135] - ==> Parameters: 수정된학과(String), B-2(String), 010-1234-1234(String), megastudy@hello.com(String), 2020(Integer), https://megastudy.com(String), 511(Integer)
[INFO ] 25-04-21 18:32:48 [sqlonly:228] - UPDATE departments SET dname = '수정된학과', loc = 'B-2', phone = '010-1234-1234', email = 'megastudy@hello.com', established = 2020, homepage = 'https://megastudy.com' WHERE id = 511

[DEBUG] 25-04-21 18:32:48 [update:135] - <==    Updates: 0
[DEBUG] 25-04-21 18:32:48 [App02:35] - 수정된 데이터의 수: 0
[DEBUG] 25-04-21 18:34:52 [delete:135] - ==>  Preparing: DELETE FROM departments WHERE id = ?
[DEBUG] 25-04-21 18:34:53 [delete:135] - ==> Parameters: 511(Integer)
[INFO ] 25-04-21 18:34:53 [sqlonly:228] - DELETE FROM departments WHERE id = 511

[DEBUG] 25-04-21 18:34:53 [delete:135] - <==    Updates: 0
[DEBUG] 25-04-21 18:34:53 [App03:30] - 삭제된 데이터의 수: 0
